Traceback (most recent call last):
  File "curtailment_scaling.py", line 92, in <module>
    curtailment_scaling(args.i, args.j, args.k)
  File "curtailment_scaling.py", line 47, in curtailment_scaling
    trigger_flow = trigger_flows[sample[k, 0]]
IndexError: only integers, slices (`:`), ellipsis (`...`), numpy.newaxis (`None`) and integer or boolean arrays are valid indices
srun: error: comet-02-25: task 0: Exited with exit code 1
Traceback (most recent call last):
  File "curtailment_scaling.py", line 92, in <module>
    curtailment_scaling(args.i, args.j, args.k)
  File "curtailment_scaling.py", line 47, in curtailment_scaling
    trigger_flow = trigger_flows[sample[k, 0]]
IndexError: only integers, slices (`:`), ellipsis (`...`), numpy.newaxis (`None`) and integer or boolean arrays are valid indices
srun: error: comet-02-25: task 0: Exited with exit code 1
srun: Job step creation temporarily disabled, retrying
srun: Job step created
Traceback (most recent call last):
  File "curtailment_scaling.py", line 92, in <module>
    curtailment_scaling(args.i, args.j, args.k)
  File "curtailment_scaling.py", line 47, in curtailment_scaling
    trigger_flow = trigger_flows[sample[k, 0]]
IndexError: only integers, slices (`:`), ellipsis (`...`), numpy.newaxis (`None`) and integer or boolean arrays are valid indices
srun: error: comet-02-25: task 0: Exited with exit code 1
Traceback (most recent call last):
  File "curtailment_scaling.py", line 92, in <module>
    curtailment_scaling(args.i, args.j, args.k)
  File "curtailment_scaling.py", line 47, in curtailment_scaling
    trigger_flow = trigger_flows[sample[k, 0]]
IndexError: only integers, slices (`:`), ellipsis (`...`), numpy.newaxis (`None`) and integer or boolean arrays are valid indices
srun: error: comet-02-25: task 0: Exited with exit code 1
srun: Job step creation temporarily disabled, retrying
srun: Job step created
Traceback (most recent call last):
  File "curtailment_scaling.py", line 92, in <module>
    curtailment_scaling(args.i, args.j, args.k)
  File "curtailment_scaling.py", line 47, in curtailment_scaling
    trigger_flow = trigger_flows[sample[k, 0]]
IndexError: only integers, slices (`:`), ellipsis (`...`), numpy.newaxis (`None`) and integer or boolean arrays are valid indices
srun: error: comet-02-25: task 0: Exited with exit code 1
srun: Job step creation temporarily disabled, retrying
srun: Job step created
Traceback (most recent call last):
  File "curtailment_scaling.py", line 92, in <module>
    curtailment_scaling(args.i, args.j, args.k)
  File "curtailment_scaling.py", line 47, in curtailment_scaling
    trigger_flow = trigger_flows[sample[k, 0]]
IndexError: only integers, slices (`:`), ellipsis (`...`), numpy.newaxis (`None`) and integer or boolean arrays are valid indices
srun: error: comet-02-25: task 0: Exited with exit code 1
Traceback (most recent call last):
  File "curtailment_scaling.py", line 92, in <module>
    curtailment_scaling(args.i, args.j, args.k)
  File "curtailment_scaling.py", line 47, in curtailment_scaling
    trigger_flow = trigger_flows[sample[k, 0]]
IndexError: only integers, slices (`:`), ellipsis (`...`), numpy.newaxis (`None`) and integer or boolean arrays are valid indices
srun: error: comet-02-25: task 0: Exited with exit code 1
Traceback (most recent call last):
  File "curtailment_scaling.py", line 92, in <module>
    curtailment_scaling(args.i, args.j, args.k)
  File "curtailment_scaling.py", line 47, in curtailment_scaling
    trigger_flow = trigger_flows[sample[k, 0]]
IndexError: only integers, slices (`:`), ellipsis (`...`), numpy.newaxis (`None`) and integer or boolean arrays are valid indices
srun: error: comet-02-25: task 0: Exited with exit code 1
srun: Job step creation temporarily disabled, retrying
srun: Job step created
Traceback (most recent call last):
  File "curtailment_scaling.py", line 92, in <module>
    curtailment_scaling(args.i, args.j, args.k)
  File "curtailment_scaling.py", line 47, in curtailment_scaling
    trigger_flow = trigger_flows[sample[k, 0]]
IndexError: only integers, slices (`:`), ellipsis (`...`), numpy.newaxis (`None`) and integer or boolean arrays are valid indices
srun: error: comet-02-25: task 0: Exited with exit code 1
srun: Job step creation temporarily disabled, retrying
srun: Job step created
Traceback (most recent call last):
  File "curtailment_scaling.py", line 92, in <module>
    curtailment_scaling(args.i, args.j, args.k)
  File "curtailment_scaling.py", line 47, in curtailment_scaling
    trigger_flow = trigger_flows[sample[k, 0]]
IndexError: only integers, slices (`:`), ellipsis (`...`), numpy.newaxis (`None`) and integer or boolean arrays are valid indices
srun: error: comet-02-25: task 0: Exited with exit code 1
srun: Job step creation temporarily disabled, retrying
srun: Job step created
Traceback (most recent call last):
  File "curtailment_scaling.py", line 92, in <module>
    curtailment_scaling(args.i, args.j, args.k)
  File "curtailment_scaling.py", line 47, in curtailment_scaling
    trigger_flow = trigger_flows[sample[k, 0]]
IndexError: only integers, slices (`:`), ellipsis (`...`), numpy.newaxis (`None`) and integer or boolean arrays are valid indices
srun: error: comet-02-25: task 0: Exited with exit code 1
Traceback (most recent call last):
  File "curtailment_scaling.py", line 92, in <module>
    curtailment_scaling(args.i, args.j, args.k)
  File "curtailment_scaling.py", line 47, in curtailment_scaling
    trigger_flow = trigger_flows[sample[k, 0]]
IndexError: only integers, slices (`:`), ellipsis (`...`), numpy.newaxis (`None`) and integer or boolean arrays are valid indices
srun: error: comet-02-25: task 0: Exited with exit code 1
srun: Job step creation temporarily disabled, retrying
srun: Job step created
Traceback (most recent call last):
  File "curtailment_scaling.py", line 92, in <module>
    curtailment_scaling(args.i, args.j, args.k)
  File "curtailment_scaling.py", line 47, in curtailment_scaling
    trigger_flow = trigger_flows[sample[k, 0]]
IndexError: only integers, slices (`:`), ellipsis (`...`), numpy.newaxis (`None`) and integer or boolean arrays are valid indices
srun: error: comet-02-25: task 0: Exited with exit code 1
Traceback (most recent call last):
  File "curtailment_scaling.py", line 92, in <module>
    curtailment_scaling(args.i, args.j, args.k)
  File "curtailment_scaling.py", line 47, in curtailment_scaling
    trigger_flow = trigger_flows[sample[k, 0]]
IndexError: only integers, slices (`:`), ellipsis (`...`), numpy.newaxis (`None`) and integer or boolean arrays are valid indices
srun: error: comet-02-25: task 0: Exited with exit code 1
Traceback (most recent call last):
  File "curtailment_scaling.py", line 92, in <module>
    curtailment_scaling(args.i, args.j, args.k)
  File "curtailment_scaling.py", line 47, in curtailment_scaling
    trigger_flow = trigger_flows[sample[k, 0]]
IndexError: only integers, slices (`:`), ellipsis (`...`), numpy.newaxis (`None`) and integer or boolean arrays are valid indices
srun: error: comet-02-25: task 0: Exited with exit code 1
srun: Job step creation temporarily disabled, retrying
srun: Job step created
Traceback (most recent call last):
  File "curtailment_scaling.py", line 92, in <module>
    curtailment_scaling(args.i, args.j, args.k)
  File "curtailment_scaling.py", line 47, in curtailment_scaling
    trigger_flow = trigger_flows[sample[k, 0]]
IndexError: only integers, slices (`:`), ellipsis (`...`), numpy.newaxis (`None`) and integer or boolean arrays are valid indices
srun: error: comet-02-25: task 0: Exited with exit code 1
srun: Job step creation temporarily disabled, retrying
srun: Job step created
Traceback (most recent call last):
  File "curtailment_scaling.py", line 92, in <module>
    curtailment_scaling(args.i, args.j, args.k)
  File "curtailment_scaling.py", line 47, in curtailment_scaling
    trigger_flow = trigger_flows[sample[k, 0]]
IndexError: only integers, slices (`:`), ellipsis (`...`), numpy.newaxis (`None`) and integer or boolean arrays are valid indices
srun: error: comet-02-25: task 0: Exited with exit code 1
Traceback (most recent call last):
  File "curtailment_scaling.py", line 92, in <module>
    curtailment_scaling(args.i, args.j, args.k)
  File "curtailment_scaling.py", line 47, in curtailment_scaling
    trigger_flow = trigger_flows[sample[k, 0]]
IndexError: only integers, slices (`:`), ellipsis (`...`), numpy.newaxis (`None`) and integer or boolean arrays are valid indices
srun: error: comet-02-52: task 0: Exited with exit code 1
Traceback (most recent call last):
  File "curtailment_scaling.py", line 92, in <module>
    curtailment_scaling(args.i, args.j, args.k)
  File "curtailment_scaling.py", line 47, in curtailment_scaling
    trigger_flow = trigger_flows[sample[k, 0]]
IndexError: only integers, slices (`:`), ellipsis (`...`), numpy.newaxis (`None`) and integer or boolean arrays are valid indices
srun: error: comet-02-25: task 0: Exited with exit code 1
Traceback (most recent call last):
  File "curtailment_scaling.py", line 92, in <module>
    curtailment_scaling(args.i, args.j, args.k)
  File "curtailment_scaling.py", line 47, in curtailment_scaling
    trigger_flow = trigger_flows[sample[k, 0]]
IndexError: only integers, slices (`:`), ellipsis (`...`), numpy.newaxis (`None`) and integer or boolean arrays are valid indices
srun: error: comet-02-25: task 0: Exited with exit code 1
srun: Job step creation temporarily disabled, retrying
srun: Job step created
Traceback (most recent call last):
  File "curtailment_scaling.py", line 92, in <module>
    curtailment_scaling(args.i, args.j, args.k)
  File "curtailment_scaling.py", line 47, in curtailment_scaling
    trigger_flow = trigger_flows[sample[k, 0]]
IndexError: only integers, slices (`:`), ellipsis (`...`), numpy.newaxis (`None`) and integer or boolean arrays are valid indices
srun: error: comet-02-52: task 0: Exited with exit code 1
srun: Job step creation temporarily disabled, retrying
srun: Job step created
Traceback (most recent call last):
  File "curtailment_scaling.py", line 92, in <module>
    curtailment_scaling(args.i, args.j, args.k)
  File "curtailment_scaling.py", line 47, in curtailment_scaling
    trigger_flow = trigger_flows[sample[k, 0]]
IndexError: only integers, slices (`:`), ellipsis (`...`), numpy.newaxis (`None`) and integer or boolean arrays are valid indices
srun: error: comet-02-25: task 0: Exited with exit code 1
srun: Job step creation temporarily disabled, retrying
srun: Job step created
Traceback (most recent call last):
  File "curtailment_scaling.py", line 92, in <module>
    curtailment_scaling(args.i, args.j, args.k)
  File "curtailment_scaling.py", line 47, in curtailment_scaling
    trigger_flow = trigger_flows[sample[k, 0]]
IndexError: only integers, slices (`:`), ellipsis (`...`), numpy.newaxis (`None`) and integer or boolean arrays are valid indices
srun: error: comet-02-52: task 0: Exited with exit code 1
srun: Job step creation temporarily disabled, retrying
srun: Job step created
Traceback (most recent call last):
  File "curtailment_scaling.py", line 92, in <module>
    curtailment_scaling(args.i, args.j, args.k)
  File "curtailment_scaling.py", line 47, in curtailment_scaling
    trigger_flow = trigger_flows[sample[k, 0]]
IndexError: only integers, slices (`:`), ellipsis (`...`), numpy.newaxis (`None`) and integer or boolean arrays are valid indices
srun: error: comet-02-25: task 0: Exited with exit code 1
Traceback (most recent call last):
  File "curtailment_scaling.py", line 92, in <module>
    curtailment_scaling(args.i, args.j, args.k)
  File "curtailment_scaling.py", line 47, in curtailment_scaling
    trigger_flow = trigger_flows[sample[k, 0]]
IndexError: only integers, slices (`:`), ellipsis (`...`), numpy.newaxis (`None`) and integer or boolean arrays are valid indices
srun: error: comet-02-52: task 0: Exited with exit code 1
Traceback (most recent call last):
  File "curtailment_scaling.py", line 92, in <module>
    curtailment_scaling(args.i, args.j, args.k)
  File "curtailment_scaling.py", line 47, in curtailment_scaling
    trigger_flow = trigger_flows[sample[k, 0]]
IndexError: only integers, slices (`:`), ellipsis (`...`), numpy.newaxis (`None`) and integer or boolean arrays are valid indices
srun: error: comet-02-25: task 0: Exited with exit code 1
srun: Job step creation temporarily disabled, retrying
srun: Job step created
Traceback (most recent call last):
  File "curtailment_scaling.py", line 92, in <module>
    curtailment_scaling(args.i, args.j, args.k)
  File "curtailment_scaling.py", line 47, in curtailment_scaling
    trigger_flow = trigger_flows[sample[k, 0]]
IndexError: only integers, slices (`:`), ellipsis (`...`), numpy.newaxis (`None`) and integer or boolean arrays are valid indices
srun: error: comet-02-52: task 0: Exited with exit code 1
Traceback (most recent call last):
  File "curtailment_scaling.py", line 92, in <module>
    curtailment_scaling(args.i, args.j, args.k)
  File "curtailment_scaling.py", line 47, in curtailment_scaling
    trigger_flow = trigger_flows[sample[k, 0]]
IndexError: only integers, slices (`:`), ellipsis (`...`), numpy.newaxis (`None`) and integer or boolean arrays are valid indices
srun: error: comet-02-25: task 0: Exited with exit code 1
srun: Job step creation temporarily disabled, retrying
srun: Job step created
Traceback (most recent call last):
  File "curtailment_scaling.py", line 92, in <module>
    curtailment_scaling(args.i, args.j, args.k)
  File "curtailment_scaling.py", line 47, in curtailment_scaling
    trigger_flow = trigger_flows[sample[k, 0]]
IndexError: only integers, slices (`:`), ellipsis (`...`), numpy.newaxis (`None`) and integer or boolean arrays are valid indices
srun: error: comet-02-52: task 0: Exited with exit code 1
srun: Job step creation temporarily disabled, retrying
srun: Job step created
Traceback (most recent call last):
  File "curtailment_scaling.py", line 92, in <module>
    curtailment_scaling(args.i, args.j, args.k)
  File "curtailment_scaling.py", line 47, in curtailment_scaling
    trigger_flow = trigger_flows[sample[k, 0]]
IndexError: only integers, slices (`:`), ellipsis (`...`), numpy.newaxis (`None`) and integer or boolean arrays are valid indices
srun: error: comet-02-25: task 0: Exited with exit code 1
srun: Job step creation temporarily disabled, retrying
srun: Job step created
Traceback (most recent call last):
  File "curtailment_scaling.py", line 92, in <module>
    curtailment_scaling(args.i, args.j, args.k)
  File "curtailment_scaling.py", line 47, in curtailment_scaling
    trigger_flow = trigger_flows[sample[k, 0]]
IndexError: only integers, slices (`:`), ellipsis (`...`), numpy.newaxis (`None`) and integer or boolean arrays are valid indices
srun: error: comet-02-52: task 0: Exited with exit code 1
srun: Job step creation temporarily disabled, retrying
srun: Job step created
Traceback (most recent call last):
  File "curtailment_scaling.py", line 92, in <module>
    curtailment_scaling(args.i, args.j, args.k)
  File "curtailment_scaling.py", line 47, in curtailment_scaling
    trigger_flow = trigger_flows[sample[k, 0]]
IndexError: index 27 is out of bounds for axis 0 with size 27
srun: error: comet-02-25: task 0: Exited with exit code 1
Traceback (most recent call last):
  File "curtailment_scaling.py", line 92, in <module>
    curtailment_scaling(args.i, args.j, args.k)
  File "curtailment_scaling.py", line 47, in curtailment_scaling
    trigger_flow = trigger_flows[sample[k, 0]]
IndexError: only integers, slices (`:`), ellipsis (`...`), numpy.newaxis (`None`) and integer or boolean arrays are valid indices
srun: error: comet-02-52: task 0: Exited with exit code 1
srun: Job step creation temporarily disabled, retrying
srun: Job step created
Traceback (most recent call last):
  File "curtailment_scaling.py", line 92, in <module>
    curtailment_scaling(args.i, args.j, args.k)
  File "curtailment_scaling.py", line 47, in curtailment_scaling
    trigger_flow = trigger_flows[sample[k, 0]]
IndexError: only integers, slices (`:`), ellipsis (`...`), numpy.newaxis (`None`) and integer or boolean arrays are valid indices
srun: error: comet-02-25: task 0: Exited with exit code 1
srun: Job step creation temporarily disabled, retrying
srun: Job step created
Traceback (most recent call last):
  File "curtailment_scaling.py", line 92, in <module>
    curtailment_scaling(args.i, args.j, args.k)
  File "curtailment_scaling.py", line 47, in curtailment_scaling
    trigger_flow = trigger_flows[sample[k, 0]]
IndexError: only integers, slices (`:`), ellipsis (`...`), numpy.newaxis (`None`) and integer or boolean arrays are valid indices
srun: error: comet-02-52: task 0: Exited with exit code 1
srun: Job step creation temporarily disabled, retrying
srun: Job step created
Traceback (most recent call last):
  File "curtailment_scaling.py", line 92, in <module>
    curtailment_scaling(args.i, args.j, args.k)
  File "curtailment_scaling.py", line 47, in curtailment_scaling
    trigger_flow = trigger_flows[sample[k, 0]]
IndexError: only integers, slices (`:`), ellipsis (`...`), numpy.newaxis (`None`) and integer or boolean arrays are valid indices
srun: error: comet-02-25: task 0: Exited with exit code 1
srun: Job step creation temporarily disabled, retrying
srun: Job step created
Traceback (most recent call last):
  File "curtailment_scaling.py", line 92, in <module>
    curtailment_scaling(args.i, args.j, args.k)
  File "curtailment_scaling.py", line 47, in curtailment_scaling
    trigger_flow = trigger_flows[sample[k, 0]]
IndexError: only integers, slices (`:`), ellipsis (`...`), numpy.newaxis (`None`) and integer or boolean arrays are valid indices
srun: error: comet-02-52: task 0: Exited with exit code 1
srun: Job step creation temporarily disabled, retrying
srun: Job step created
Traceback (most recent call last):
  File "curtailment_scaling.py", line 92, in <module>
    curtailment_scaling(args.i, args.j, args.k)
  File "curtailment_scaling.py", line 47, in curtailment_scaling
    trigger_flow = trigger_flows[sample[k, 0]]
IndexError: only integers, slices (`:`), ellipsis (`...`), numpy.newaxis (`None`) and integer or boolean arrays are valid indices
srun: error: comet-02-25: task 0: Exited with exit code 1
srun: Job step creation temporarily disabled, retrying
srun: Job step created
Traceback (most recent call last):
  File "curtailment_scaling.py", line 92, in <module>
    curtailment_scaling(args.i, args.j, args.k)
  File "curtailment_scaling.py", line 47, in curtailment_scaling
    trigger_flow = trigger_flows[sample[k, 0]]
IndexError: only integers, slices (`:`), ellipsis (`...`), numpy.newaxis (`None`) and integer or boolean arrays are valid indices
srun: error: comet-02-52: task 0: Exited with exit code 1
srun: Job step creation temporarily disabled, retrying
srun: Job step created
Traceback (most recent call last):
  File "curtailment_scaling.py", line 92, in <module>
    curtailment_scaling(args.i, args.j, args.k)
  File "curtailment_scaling.py", line 47, in curtailment_scaling
    trigger_flow = trigger_flows[sample[k, 0]]
IndexError: only integers, slices (`:`), ellipsis (`...`), numpy.newaxis (`None`) and integer or boolean arrays are valid indices
srun: error: comet-02-25: task 0: Exited with exit code 1
Traceback (most recent call last):
  File "curtailment_scaling.py", line 92, in <module>
    curtailment_scaling(args.i, args.j, args.k)
  File "curtailment_scaling.py", line 47, in curtailment_scaling
    trigger_flow = trigger_flows[sample[k, 0]]
IndexError: only integers, slices (`:`), ellipsis (`...`), numpy.newaxis (`None`) and integer or boolean arrays are valid indices
srun: error: comet-02-52: task 0: Exited with exit code 1
srun: Job step creation temporarily disabled, retrying
srun: Job step created
Traceback (most recent call last):
  File "curtailment_scaling.py", line 92, in <module>
    curtailment_scaling(args.i, args.j, args.k)
  File "curtailment_scaling.py", line 47, in curtailment_scaling
    trigger_flow = trigger_flows[sample[k, 0]]
IndexError: only integers, slices (`:`), ellipsis (`...`), numpy.newaxis (`None`) and integer or boolean arrays are valid indices
srun: error: comet-02-25: task 0: Exited with exit code 1
srun: Job step creation temporarily disabled, retrying
srun: Job step created
Traceback (most recent call last):
  File "curtailment_scaling.py", line 92, in <module>
    curtailment_scaling(args.i, args.j, args.k)
  File "curtailment_scaling.py", line 47, in curtailment_scaling
    trigger_flow = trigger_flows[sample[k, 0]]
IndexError: only integers, slices (`:`), ellipsis (`...`), numpy.newaxis (`None`) and integer or boolean arrays are valid indices
srun: error: comet-02-52: task 0: Exited with exit code 1
srun: Job step creation temporarily disabled, retrying
srun: Job step created
Traceback (most recent call last):
  File "curtailment_scaling.py", line 92, in <module>
    curtailment_scaling(args.i, args.j, args.k)
  File "curtailment_scaling.py", line 47, in curtailment_scaling
    trigger_flow = trigger_flows[sample[k, 0]]
IndexError: only integers, slices (`:`), ellipsis (`...`), numpy.newaxis (`None`) and integer or boolean arrays are valid indices
srun: error: comet-02-25: task 0: Exited with exit code 1
srun: Job step creation temporarily disabled, retrying
srun: Job step created
Traceback (most recent call last):
  File "curtailment_scaling.py", line 92, in <module>
    curtailment_scaling(args.i, args.j, args.k)
  File "curtailment_scaling.py", line 47, in curtailment_scaling
    trigger_flow = trigger_flows[sample[k, 0]]
IndexError: only integers, slices (`:`), ellipsis (`...`), numpy.newaxis (`None`) and integer or boolean arrays are valid indices
srun: error: comet-02-52: task 0: Exited with exit code 1
srun: Job step creation temporarily disabled, retrying
srun: Job step created
Traceback (most recent call last):
  File "curtailment_scaling.py", line 92, in <module>
    curtailment_scaling(args.i, args.j, args.k)
  File "curtailment_scaling.py", line 47, in curtailment_scaling
    trigger_flow = trigger_flows[sample[k, 0]]
IndexError: only integers, slices (`:`), ellipsis (`...`), numpy.newaxis (`None`) and integer or boolean arrays are valid indices
srun: error: comet-02-25: task 0: Exited with exit code 1
srun: Job step creation temporarily disabled, retrying
srun: Job step created
Traceback (most recent call last):
  File "curtailment_scaling.py", line 92, in <module>
    curtailment_scaling(args.i, args.j, args.k)
  File "curtailment_scaling.py", line 47, in curtailment_scaling
    trigger_flow = trigger_flows[sample[k, 0]]
IndexError: only integers, slices (`:`), ellipsis (`...`), numpy.newaxis (`None`) and integer or boolean arrays are valid indices
srun: error: comet-02-52: task 0: Exited with exit code 1
Traceback (most recent call last):
  File "curtailment_scaling.py", line 92, in <module>
    curtailment_scaling(args.i, args.j, args.k)
  File "curtailment_scaling.py", line 47, in curtailment_scaling
    trigger_flow = trigger_flows[sample[k, 0]]
IndexError: only integers, slices (`:`), ellipsis (`...`), numpy.newaxis (`None`) and integer or boolean arrays are valid indices
srun: error: comet-02-25: task 0: Exited with exit code 1
srun: Job step creation temporarily disabled, retrying
srun: Job step created
Traceback (most recent call last):
  File "curtailment_scaling.py", line 92, in <module>
    curtailment_scaling(args.i, args.j, args.k)
  File "curtailment_scaling.py", line 47, in curtailment_scaling
    trigger_flow = trigger_flows[sample[k, 0]]
IndexError: only integers, slices (`:`), ellipsis (`...`), numpy.newaxis (`None`) and integer or boolean arrays are valid indices
srun: error: comet-02-52: task 0: Exited with exit code 1
srun: Job step creation temporarily disabled, retrying
srun: Job step created
Traceback (most recent call last):
  File "curtailment_scaling.py", line 92, in <module>
    curtailment_scaling(args.i, args.j, args.k)
  File "curtailment_scaling.py", line 47, in curtailment_scaling
    trigger_flow = trigger_flows[sample[k, 0]]
IndexError: only integers, slices (`:`), ellipsis (`...`), numpy.newaxis (`None`) and integer or boolean arrays are valid indices
srun: error: comet-02-25: task 0: Exited with exit code 1
srun: Job step creation temporarily disabled, retrying
srun: Job step created
Traceback (most recent call last):
  File "curtailment_scaling.py", line 92, in <module>
    curtailment_scaling(args.i, args.j, args.k)
  File "curtailment_scaling.py", line 47, in curtailment_scaling
    trigger_flow = trigger_flows[sample[k, 0]]
IndexError: only integers, slices (`:`), ellipsis (`...`), numpy.newaxis (`None`) and integer or boolean arrays are valid indices
srun: error: comet-02-52: task 0: Exited with exit code 1
srun: Job step creation temporarily disabled, retrying
srun: Job step created
Traceback (most recent call last):
  File "curtailment_scaling.py", line 92, in <module>
    curtailment_scaling(args.i, args.j, args.k)
  File "curtailment_scaling.py", line 47, in curtailment_scaling
    trigger_flow = trigger_flows[sample[k, 0]]
IndexError: only integers, slices (`:`), ellipsis (`...`), numpy.newaxis (`None`) and integer or boolean arrays are valid indices
srun: error: comet-02-25: task 0: Exited with exit code 1
srun: Job step creation temporarily disabled, retrying
srun: Job step created
Traceback (most recent call last):
  File "curtailment_scaling.py", line 92, in <module>
    curtailment_scaling(args.i, args.j, args.k)
  File "curtailment_scaling.py", line 47, in curtailment_scaling
    trigger_flow = trigger_flows[sample[k, 0]]
IndexError: only integers, slices (`:`), ellipsis (`...`), numpy.newaxis (`None`) and integer or boolean arrays are valid indices
srun: error: comet-02-52: task 0: Exited with exit code 1
srun: Job step creation temporarily disabled, retrying
srun: Job step created
Traceback (most recent call last):
  File "curtailment_scaling.py", line 92, in <module>
    curtailment_scaling(args.i, args.j, args.k)
  File "curtailment_scaling.py", line 47, in curtailment_scaling
    trigger_flow = trigger_flows[sample[k, 0]]
IndexError: only integers, slices (`:`), ellipsis (`...`), numpy.newaxis (`None`) and integer or boolean arrays are valid indices
srun: error: comet-02-25: task 0: Exited with exit code 1
srun: Job step creation temporarily disabled, retrying
srun: Job step created
Traceback (most recent call last):
  File "curtailment_scaling.py", line 92, in <module>
    curtailment_scaling(args.i, args.j, args.k)
  File "curtailment_scaling.py", line 47, in curtailment_scaling
    trigger_flow = trigger_flows[sample[k, 0]]
IndexError: only integers, slices (`:`), ellipsis (`...`), numpy.newaxis (`None`) and integer or boolean arrays are valid indices
srun: error: comet-02-52: task 0: Exited with exit code 1
Traceback (most recent call last):
  File "curtailment_scaling.py", line 92, in <module>
    curtailment_scaling(args.i, args.j, args.k)
  File "curtailment_scaling.py", line 47, in curtailment_scaling
    trigger_flow = trigger_flows[sample[k, 0]]
IndexError: only integers, slices (`:`), ellipsis (`...`), numpy.newaxis (`None`) and integer or boolean arrays are valid indices
srun: error: comet-02-25: task 0: Exited with exit code 1
srun: Job step creation temporarily disabled, retrying
srun: Job step created
Traceback (most recent call last):
  File "curtailment_scaling.py", line 92, in <module>
    curtailment_scaling(args.i, args.j, args.k)
  File "curtailment_scaling.py", line 47, in curtailment_scaling
    trigger_flow = trigger_flows[sample[k, 0]]
IndexError: only integers, slices (`:`), ellipsis (`...`), numpy.newaxis (`None`) and integer or boolean arrays are valid indices
srun: error: comet-02-52: task 0: Exited with exit code 1
srun: Job step creation temporarily disabled, retrying
srun: Job step created
Traceback (most recent call last):
  File "curtailment_scaling.py", line 92, in <module>
    curtailment_scaling(args.i, args.j, args.k)
  File "curtailment_scaling.py", line 47, in curtailment_scaling
    trigger_flow = trigger_flows[sample[k, 0]]
IndexError: only integers, slices (`:`), ellipsis (`...`), numpy.newaxis (`None`) and integer or boolean arrays are valid indices
srun: error: comet-02-25: task 0: Exited with exit code 1
srun: Job step creation temporarily disabled, retrying
srun: Job step created
Traceback (most recent call last):
  File "curtailment_scaling.py", line 92, in <module>
    curtailment_scaling(args.i, args.j, args.k)
  File "curtailment_scaling.py", line 47, in curtailment_scaling
    trigger_flow = trigger_flows[sample[k, 0]]
IndexError: only integers, slices (`:`), ellipsis (`...`), numpy.newaxis (`None`) and integer or boolean arrays are valid indices
srun: error: comet-02-25: task 0: Exited with exit code 1
srun: Job step creation temporarily disabled, retrying
srun: Job step created
Traceback (most recent call last):
  File "curtailment_scaling.py", line 92, in <module>
    curtailment_scaling(args.i, args.j, args.k)
  File "curtailment_scaling.py", line 47, in curtailment_scaling
    trigger_flow = trigger_flows[sample[k, 0]]
IndexError: only integers, slices (`:`), ellipsis (`...`), numpy.newaxis (`None`) and integer or boolean arrays are valid indices
srun: error: comet-02-52: task 0: Exited with exit code 1
srun: Job step creation temporarily disabled, retrying
srun: Job step created
Traceback (most recent call last):
  File "curtailment_scaling.py", line 92, in <module>
    curtailment_scaling(args.i, args.j, args.k)
  File "curtailment_scaling.py", line 47, in curtailment_scaling
    trigger_flow = trigger_flows[sample[k, 0]]
IndexError: only integers, slices (`:`), ellipsis (`...`), numpy.newaxis (`None`) and integer or boolean arrays are valid indices
srun: error: comet-02-25: task 0: Exited with exit code 1
Traceback (most recent call last):
  File "curtailment_scaling.py", line 92, in <module>
    curtailment_scaling(args.i, args.j, args.k)
  File "curtailment_scaling.py", line 47, in curtailment_scaling
    trigger_flow = trigger_flows[sample[k, 0]]
IndexError: only integers, slices (`:`), ellipsis (`...`), numpy.newaxis (`None`) and integer or boolean arrays are valid indices
srun: error: comet-02-52: task 0: Exited with exit code 1
srun: Job step creation temporarily disabled, retrying
srun: Job step created
Traceback (most recent call last):
  File "curtailment_scaling.py", line 92, in <module>
    curtailment_scaling(args.i, args.j, args.k)
  File "curtailment_scaling.py", line 47, in curtailment_scaling
    trigger_flow = trigger_flows[sample[k, 0]]
IndexError: only integers, slices (`:`), ellipsis (`...`), numpy.newaxis (`None`) and integer or boolean arrays are valid indices
srun: error: comet-02-25: task 0: Exited with exit code 1
Traceback (most recent call last):
  File "curtailment_scaling.py", line 92, in <module>
    curtailment_scaling(args.i, args.j, args.k)
  File "curtailment_scaling.py", line 47, in curtailment_scaling
    trigger_flow = trigger_flows[sample[k, 0]]
IndexError: only integers, slices (`:`), ellipsis (`...`), numpy.newaxis (`None`) and integer or boolean arrays are valid indices
srun: error: comet-02-52: task 0: Exited with exit code 1
Traceback (most recent call last):
  File "curtailment_scaling.py", line 92, in <module>
    curtailment_scaling(args.i, args.j, args.k)
  File "curtailment_scaling.py", line 47, in curtailment_scaling
    trigger_flow = trigger_flows[sample[k, 0]]
IndexError: only integers, slices (`:`), ellipsis (`...`), numpy.newaxis (`None`) and integer or boolean arrays are valid indices
srun: error: comet-02-25: task 0: Exited with exit code 1
srun: Job step creation temporarily disabled, retrying
srun: Job step created
Traceback (most recent call last):
  File "curtailment_scaling.py", line 92, in <module>
    curtailment_scaling(args.i, args.j, args.k)
  File "curtailment_scaling.py", line 47, in curtailment_scaling
    trigger_flow = trigger_flows[sample[k, 0]]
IndexError: only integers, slices (`:`), ellipsis (`...`), numpy.newaxis (`None`) and integer or boolean arrays are valid indices
srun: error: comet-02-52: task 0: Exited with exit code 1
Traceback (most recent call last):
  File "curtailment_scaling.py", line 92, in <module>
    curtailment_scaling(args.i, args.j, args.k)
  File "curtailment_scaling.py", line 47, in curtailment_scaling
    trigger_flow = trigger_flows[sample[k, 0]]
IndexError: only integers, slices (`:`), ellipsis (`...`), numpy.newaxis (`None`) and integer or boolean arrays are valid indices
srun: error: comet-02-25: task 0: Exited with exit code 1
srun: Job step creation temporarily disabled, retrying
srun: Job step created
Traceback (most recent call last):
  File "curtailment_scaling.py", line 92, in <module>
    curtailment_scaling(args.i, args.j, args.k)
  File "curtailment_scaling.py", line 47, in curtailment_scaling
    trigger_flow = trigger_flows[sample[k, 0]]
IndexError: only integers, slices (`:`), ellipsis (`...`), numpy.newaxis (`None`) and integer or boolean arrays are valid indices
srun: error: comet-02-52: task 0: Exited with exit code 1
srun: Job step creation temporarily disabled, retrying
srun: Job step created
Traceback (most recent call last):
  File "curtailment_scaling.py", line 92, in <module>
    curtailment_scaling(args.i, args.j, args.k)
  File "curtailment_scaling.py", line 47, in curtailment_scaling
    trigger_flow = trigger_flows[sample[k, 0]]
IndexError: only integers, slices (`:`), ellipsis (`...`), numpy.newaxis (`None`) and integer or boolean arrays are valid indices
srun: error: comet-02-25: task 0: Exited with exit code 1
srun: Job step creation temporarily disabled, retrying
srun: Job step created
Traceback (most recent call last):
  File "curtailment_scaling.py", line 92, in <module>
    curtailment_scaling(args.i, args.j, args.k)
  File "curtailment_scaling.py", line 47, in curtailment_scaling
    trigger_flow = trigger_flows[sample[k, 0]]
IndexError: only integers, slices (`:`), ellipsis (`...`), numpy.newaxis (`None`) and integer or boolean arrays are valid indices
srun: error: comet-02-52: task 0: Exited with exit code 1
srun: Job step creation temporarily disabled, retrying
srun: Job step created
Traceback (most recent call last):
  File "curtailment_scaling.py", line 92, in <module>
    curtailment_scaling(args.i, args.j, args.k)
  File "curtailment_scaling.py", line 47, in curtailment_scaling
    trigger_flow = trigger_flows[sample[k, 0]]
IndexError: only integers, slices (`:`), ellipsis (`...`), numpy.newaxis (`None`) and integer or boolean arrays are valid indices
srun: error: comet-02-25: task 0: Exited with exit code 1
Traceback (most recent call last):
  File "curtailment_scaling.py", line 92, in <module>
    curtailment_scaling(args.i, args.j, args.k)
  File "curtailment_scaling.py", line 47, in curtailment_scaling
    trigger_flow = trigger_flows[sample[k, 0]]
IndexError: only integers, slices (`:`), ellipsis (`...`), numpy.newaxis (`None`) and integer or boolean arrays are valid indices
srun: error: comet-02-52: task 0: Exited with exit code 1
srun: Job step creation temporarily disabled, retrying
srun: Job step created
Traceback (most recent call last):
  File "curtailment_scaling.py", line 92, in <module>
    curtailment_scaling(args.i, args.j, args.k)
  File "curtailment_scaling.py", line 47, in curtailment_scaling
    trigger_flow = trigger_flows[sample[k, 0]]
IndexError: only integers, slices (`:`), ellipsis (`...`), numpy.newaxis (`None`) and integer or boolean arrays are valid indices
srun: error: comet-02-25: task 0: Exited with exit code 1
srun: Job step creation temporarily disabled, retrying
srun: Job step created
Traceback (most recent call last):
  File "curtailment_scaling.py", line 92, in <module>
    curtailment_scaling(args.i, args.j, args.k)
  File "curtailment_scaling.py", line 47, in curtailment_scaling
    trigger_flow = trigger_flows[sample[k, 0]]
IndexError: only integers, slices (`:`), ellipsis (`...`), numpy.newaxis (`None`) and integer or boolean arrays are valid indices
srun: error: comet-02-52: task 0: Exited with exit code 1
srun: Job step creation temporarily disabled, retrying
srun: Job step created
Traceback (most recent call last):
  File "curtailment_scaling.py", line 92, in <module>
    curtailment_scaling(args.i, args.j, args.k)
  File "curtailment_scaling.py", line 47, in curtailment_scaling
    trigger_flow = trigger_flows[sample[k, 0]]
IndexError: index 27 is out of bounds for axis 0 with size 27
srun: error: comet-02-25: task 0: Exited with exit code 1
srun: Job step creation temporarily disabled, retrying
srun: Job step created
Traceback (most recent call last):
  File "curtailment_scaling.py", line 92, in <module>
    curtailment_scaling(args.i, args.j, args.k)
  File "curtailment_scaling.py", line 47, in curtailment_scaling
    trigger_flow = trigger_flows[sample[k, 0]]
IndexError: only integers, slices (`:`), ellipsis (`...`), numpy.newaxis (`None`) and integer or boolean arrays are valid indices
srun: error: comet-02-52: task 0: Exited with exit code 1
Traceback (most recent call last):
  File "curtailment_scaling.py", line 92, in <module>
    curtailment_scaling(args.i, args.j, args.k)
  File "curtailment_scaling.py", line 47, in curtailment_scaling
    trigger_flow = trigger_flows[sample[k, 0]]
IndexError: only integers, slices (`:`), ellipsis (`...`), numpy.newaxis (`None`) and integer or boolean arrays are valid indices
srun: error: comet-02-25: task 0: Exited with exit code 1
srun: Job step creation temporarily disabled, retrying
srun: Job step created
Traceback (most recent call last):
  File "curtailment_scaling.py", line 92, in <module>
    curtailment_scaling(args.i, args.j, args.k)
  File "curtailment_scaling.py", line 47, in curtailment_scaling
    trigger_flow = trigger_flows[sample[k, 0]]
IndexError: only integers, slices (`:`), ellipsis (`...`), numpy.newaxis (`None`) and integer or boolean arrays are valid indices
srun: error: comet-02-52: task 0: Exited with exit code 1
Traceback (most recent call last):
  File "curtailment_scaling.py", line 92, in <module>
    curtailment_scaling(args.i, args.j, args.k)
  File "curtailment_scaling.py", line 47, in curtailment_scaling
    trigger_flow = trigger_flows[sample[k, 0]]
IndexError: only integers, slices (`:`), ellipsis (`...`), numpy.newaxis (`None`) and integer or boolean arrays are valid indices
srun: error: comet-02-25: task 0: Exited with exit code 1
srun: Job step creation temporarily disabled, retrying
srun: Job step created
Traceback (most recent call last):
  File "curtailment_scaling.py", line 92, in <module>
    curtailment_scaling(args.i, args.j, args.k)
  File "curtailment_scaling.py", line 47, in curtailment_scaling
    trigger_flow = trigger_flows[sample[k, 0]]
IndexError: only integers, slices (`:`), ellipsis (`...`), numpy.newaxis (`None`) and integer or boolean arrays are valid indices
srun: error: comet-02-52: task 0: Exited with exit code 1
Traceback (most recent call last):
  File "curtailment_scaling.py", line 92, in <module>
    curtailment_scaling(args.i, args.j, args.k)
  File "curtailment_scaling.py", line 47, in curtailment_scaling
    trigger_flow = trigger_flows[sample[k, 0]]
IndexError: only integers, slices (`:`), ellipsis (`...`), numpy.newaxis (`None`) and integer or boolean arrays are valid indices
srun: error: comet-02-25: task 0: Exited with exit code 1
srun: Job step creation temporarily disabled, retrying
srun: Job step created
Traceback (most recent call last):
  File "curtailment_scaling.py", line 92, in <module>
    curtailment_scaling(args.i, args.j, args.k)
  File "curtailment_scaling.py", line 47, in curtailment_scaling
    trigger_flow = trigger_flows[sample[k, 0]]
IndexError: only integers, slices (`:`), ellipsis (`...`), numpy.newaxis (`None`) and integer or boolean arrays are valid indices
srun: error: comet-02-52: task 0: Exited with exit code 1
Traceback (most recent call last):
  File "curtailment_scaling.py", line 92, in <module>
    curtailment_scaling(args.i, args.j, args.k)
  File "curtailment_scaling.py", line 47, in curtailment_scaling
    trigger_flow = trigger_flows[sample[k, 0]]
IndexError: only integers, slices (`:`), ellipsis (`...`), numpy.newaxis (`None`) and integer or boolean arrays are valid indices
srun: error: comet-02-25: task 0: Exited with exit code 1
srun: Job step creation temporarily disabled, retrying
srun: Job step created
Traceback (most recent call last):
  File "curtailment_scaling.py", line 92, in <module>
    curtailment_scaling(args.i, args.j, args.k)
  File "curtailment_scaling.py", line 47, in curtailment_scaling
    trigger_flow = trigger_flows[sample[k, 0]]
IndexError: only integers, slices (`:`), ellipsis (`...`), numpy.newaxis (`None`) and integer or boolean arrays are valid indices
srun: error: comet-02-52: task 0: Exited with exit code 1
Traceback (most recent call last):
  File "curtailment_scaling.py", line 92, in <module>
    curtailment_scaling(args.i, args.j, args.k)
  File "curtailment_scaling.py", line 47, in curtailment_scaling
    trigger_flow = trigger_flows[sample[k, 0]]
IndexError: only integers, slices (`:`), ellipsis (`...`), numpy.newaxis (`None`) and integer or boolean arrays are valid indices
srun: error: comet-02-25: task 0: Exited with exit code 1
Traceback (most recent call last):
  File "curtailment_scaling.py", line 92, in <module>
    curtailment_scaling(args.i, args.j, args.k)
  File "curtailment_scaling.py", line 47, in curtailment_scaling
    trigger_flow = trigger_flows[sample[k, 0]]
IndexError: only integers, slices (`:`), ellipsis (`...`), numpy.newaxis (`None`) and integer or boolean arrays are valid indices
srun: error: comet-02-52: task 0: Exited with exit code 1
srun: Job step creation temporarily disabled, retrying
srun: Job step created
Traceback (most recent call last):
  File "curtailment_scaling.py", line 92, in <module>
    curtailment_scaling(args.i, args.j, args.k)
  File "curtailment_scaling.py", line 47, in curtailment_scaling
    trigger_flow = trigger_flows[sample[k, 0]]
IndexError: index 27 is out of bounds for axis 0 with size 27
srun: error: comet-02-25: task 0: Exited with exit code 1
srun: Job step creation temporarily disabled, retrying
srun: Job step created
Traceback (most recent call last):
  File "curtailment_scaling.py", line 92, in <module>
    curtailment_scaling(args.i, args.j, args.k)
  File "curtailment_scaling.py", line 47, in curtailment_scaling
    trigger_flow = trigger_flows[sample[k, 0]]
IndexError: only integers, slices (`:`), ellipsis (`...`), numpy.newaxis (`None`) and integer or boolean arrays are valid indices
srun: error: comet-02-52: task 0: Exited with exit code 1
Traceback (most recent call last):
  File "curtailment_scaling.py", line 92, in <module>
    curtailment_scaling(args.i, args.j, args.k)
  File "curtailment_scaling.py", line 47, in curtailment_scaling
    trigger_flow = trigger_flows[sample[k, 0]]
IndexError: only integers, slices (`:`), ellipsis (`...`), numpy.newaxis (`None`) and integer or boolean arrays are valid indices
srun: error: comet-02-25: task 0: Exited with exit code 1
srun: Job step creation temporarily disabled, retrying
srun: Job step created
Traceback (most recent call last):
  File "curtailment_scaling.py", line 92, in <module>
    curtailment_scaling(args.i, args.j, args.k)
  File "curtailment_scaling.py", line 47, in curtailment_scaling
    trigger_flow = trigger_flows[sample[k, 0]]
IndexError: only integers, slices (`:`), ellipsis (`...`), numpy.newaxis (`None`) and integer or boolean arrays are valid indices
srun: error: comet-02-25: task 0: Exited with exit code 1
Traceback (most recent call last):
  File "curtailment_scaling.py", line 92, in <module>
    curtailment_scaling(args.i, args.j, args.k)
  File "curtailment_scaling.py", line 47, in curtailment_scaling
    trigger_flow = trigger_flows[sample[k, 0]]
IndexError: only integers, slices (`:`), ellipsis (`...`), numpy.newaxis (`None`) and integer or boolean arrays are valid indices
srun: error: comet-02-52: task 0: Exited with exit code 1
Traceback (most recent call last):
  File "curtailment_scaling.py", line 92, in <module>
    curtailment_scaling(args.i, args.j, args.k)
  File "curtailment_scaling.py", line 47, in curtailment_scaling
    trigger_flow = trigger_flows[sample[k, 0]]
IndexError: only integers, slices (`:`), ellipsis (`...`), numpy.newaxis (`None`) and integer or boolean arrays are valid indices
srun: error: comet-02-25: task 0: Exited with exit code 1
srun: Job step creation temporarily disabled, retrying
srun: Job step created
Traceback (most recent call last):
  File "curtailment_scaling.py", line 92, in <module>
    curtailment_scaling(args.i, args.j, args.k)
  File "curtailment_scaling.py", line 47, in curtailment_scaling
    trigger_flow = trigger_flows[sample[k, 0]]
IndexError: only integers, slices (`:`), ellipsis (`...`), numpy.newaxis (`None`) and integer or boolean arrays are valid indices
srun: error: comet-02-52: task 0: Exited with exit code 1
Traceback (most recent call last):
  File "curtailment_scaling.py", line 92, in <module>
    curtailment_scaling(args.i, args.j, args.k)
  File "curtailment_scaling.py", line 47, in curtailment_scaling
    trigger_flow = trigger_flows[sample[k, 0]]
IndexError: only integers, slices (`:`), ellipsis (`...`), numpy.newaxis (`None`) and integer or boolean arrays are valid indices
srun: error: comet-02-25: task 0: Exited with exit code 1
srun: Job step creation temporarily disabled, retrying
srun: Job step created
Traceback (most recent call last):
  File "curtailment_scaling.py", line 92, in <module>
    curtailment_scaling(args.i, args.j, args.k)
  File "curtailment_scaling.py", line 47, in curtailment_scaling
    trigger_flow = trigger_flows[sample[k, 0]]
IndexError: only integers, slices (`:`), ellipsis (`...`), numpy.newaxis (`None`) and integer or boolean arrays are valid indices
srun: error: comet-02-52: task 0: Exited with exit code 1
srun: Job step creation temporarily disabled, retrying
srun: Job step created
Traceback (most recent call last):
  File "curtailment_scaling.py", line 92, in <module>
    curtailment_scaling(args.i, args.j, args.k)
  File "curtailment_scaling.py", line 47, in curtailment_scaling
    trigger_flow = trigger_flows[sample[k, 0]]
IndexError: only integers, slices (`:`), ellipsis (`...`), numpy.newaxis (`None`) and integer or boolean arrays are valid indices
srun: error: comet-02-25: task 0: Exited with exit code 1
srun: Job step creation temporarily disabled, retrying
srun: Job step created
Traceback (most recent call last):
  File "curtailment_scaling.py", line 92, in <module>
    curtailment_scaling(args.i, args.j, args.k)
  File "curtailment_scaling.py", line 47, in curtailment_scaling
    trigger_flow = trigger_flows[sample[k, 0]]
IndexError: only integers, slices (`:`), ellipsis (`...`), numpy.newaxis (`None`) and integer or boolean arrays are valid indices
srun: error: comet-02-52: task 0: Exited with exit code 1
Traceback (most recent call last):
  File "curtailment_scaling.py", line 92, in <module>
    curtailment_scaling(args.i, args.j, args.k)
  File "curtailment_scaling.py", line 47, in curtailment_scaling
    trigger_flow = trigger_flows[sample[k, 0]]
IndexError: only integers, slices (`:`), ellipsis (`...`), numpy.newaxis (`None`) and integer or boolean arrays are valid indices
srun: error: comet-02-25: task 0: Exited with exit code 1
srun: Job step creation temporarily disabled, retrying
srun: Job step created
Traceback (most recent call last):
  File "curtailment_scaling.py", line 92, in <module>
    curtailment_scaling(args.i, args.j, args.k)
  File "curtailment_scaling.py", line 47, in curtailment_scaling
    trigger_flow = trigger_flows[sample[k, 0]]
IndexError: only integers, slices (`:`), ellipsis (`...`), numpy.newaxis (`None`) and integer or boolean arrays are valid indices
srun: error: comet-02-52: task 0: Exited with exit code 1
srun: Job step creation temporarily disabled, retrying
srun: Job step created
Traceback (most recent call last):
  File "curtailment_scaling.py", line 92, in <module>
    curtailment_scaling(args.i, args.j, args.k)
  File "curtailment_scaling.py", line 47, in curtailment_scaling
    trigger_flow = trigger_flows[sample[k, 0]]
IndexError: only integers, slices (`:`), ellipsis (`...`), numpy.newaxis (`None`) and integer or boolean arrays are valid indices
srun: error: comet-02-25: task 0: Exited with exit code 1
srun: Job step creation temporarily disabled, retrying
srun: Job step created
Traceback (most recent call last):
  File "curtailment_scaling.py", line 92, in <module>
    curtailment_scaling(args.i, args.j, args.k)
  File "curtailment_scaling.py", line 47, in curtailment_scaling
    trigger_flow = trigger_flows[sample[k, 0]]
IndexError: only integers, slices (`:`), ellipsis (`...`), numpy.newaxis (`None`) and integer or boolean arrays are valid indices
srun: error: comet-02-52: task 0: Exited with exit code 1
srun: Job step creation temporarily disabled, retrying
srun: Job step created
Traceback (most recent call last):
  File "curtailment_scaling.py", line 92, in <module>
    curtailment_scaling(args.i, args.j, args.k)
  File "curtailment_scaling.py", line 47, in curtailment_scaling
    trigger_flow = trigger_flows[sample[k, 0]]
IndexError: only integers, slices (`:`), ellipsis (`...`), numpy.newaxis (`None`) and integer or boolean arrays are valid indices
srun: error: comet-02-25: task 0: Exited with exit code 1
srun: Job step creation temporarily disabled, retrying
srun: Job step created
Traceback (most recent call last):
  File "curtailment_scaling.py", line 92, in <module>
    curtailment_scaling(args.i, args.j, args.k)
  File "curtailment_scaling.py", line 47, in curtailment_scaling
    trigger_flow = trigger_flows[sample[k, 0]]
IndexError: only integers, slices (`:`), ellipsis (`...`), numpy.newaxis (`None`) and integer or boolean arrays are valid indices
srun: error: comet-02-52: task 0: Exited with exit code 1
srun: Job step creation temporarily disabled, retrying
srun: Job step created
Traceback (most recent call last):
  File "curtailment_scaling.py", line 92, in <module>
    curtailment_scaling(args.i, args.j, args.k)
  File "curtailment_scaling.py", line 47, in curtailment_scaling
    trigger_flow = trigger_flows[sample[k, 0]]
IndexError: only integers, slices (`:`), ellipsis (`...`), numpy.newaxis (`None`) and integer or boolean arrays are valid indices
srun: error: comet-02-25: task 0: Exited with exit code 1
srun: Job step creation temporarily disabled, retrying
srun: Job step created
Traceback (most recent call last):
  File "curtailment_scaling.py", line 92, in <module>
    curtailment_scaling(args.i, args.j, args.k)
  File "curtailment_scaling.py", line 47, in curtailment_scaling
    trigger_flow = trigger_flows[sample[k, 0]]
IndexError: only integers, slices (`:`), ellipsis (`...`), numpy.newaxis (`None`) and integer or boolean arrays are valid indices
srun: error: comet-02-52: task 0: Exited with exit code 1
srun: Job step creation temporarily disabled, retrying
srun: Job step created
Traceback (most recent call last):
  File "curtailment_scaling.py", line 92, in <module>
    curtailment_scaling(args.i, args.j, args.k)
  File "curtailment_scaling.py", line 47, in curtailment_scaling
    trigger_flow = trigger_flows[sample[k, 0]]
IndexError: only integers, slices (`:`), ellipsis (`...`), numpy.newaxis (`None`) and integer or boolean arrays are valid indices
srun: error: comet-02-25: task 0: Exited with exit code 1
srun: Job step creation temporarily disabled, retrying
srun: Job step created
Traceback (most recent call last):
  File "curtailment_scaling.py", line 92, in <module>
    curtailment_scaling(args.i, args.j, args.k)
  File "curtailment_scaling.py", line 47, in curtailment_scaling
    trigger_flow = trigger_flows[sample[k, 0]]
IndexError: only integers, slices (`:`), ellipsis (`...`), numpy.newaxis (`None`) and integer or boolean arrays are valid indices
srun: error: comet-02-52: task 0: Exited with exit code 1
srun: Job step creation temporarily disabled, retrying
srun: Job step created
Traceback (most recent call last):
  File "curtailment_scaling.py", line 92, in <module>
    curtailment_scaling(args.i, args.j, args.k)
  File "curtailment_scaling.py", line 47, in curtailment_scaling
    trigger_flow = trigger_flows[sample[k, 0]]
IndexError: only integers, slices (`:`), ellipsis (`...`), numpy.newaxis (`None`) and integer or boolean arrays are valid indices
srun: error: comet-02-25: task 0: Exited with exit code 1
srun: Job step creation temporarily disabled, retrying
srun: Job step created
Traceback (most recent call last):
  File "curtailment_scaling.py", line 92, in <module>
    curtailment_scaling(args.i, args.j, args.k)
  File "curtailment_scaling.py", line 47, in curtailment_scaling
    trigger_flow = trigger_flows[sample[k, 0]]
IndexError: only integers, slices (`:`), ellipsis (`...`), numpy.newaxis (`None`) and integer or boolean arrays are valid indices
srun: error: comet-02-52: task 0: Exited with exit code 1
srun: Job step creation temporarily disabled, retrying
srun: Job step created
Traceback (most recent call last):
  File "curtailment_scaling.py", line 92, in <module>
    curtailment_scaling(args.i, args.j, args.k)
  File "curtailment_scaling.py", line 47, in curtailment_scaling
    trigger_flow = trigger_flows[sample[k, 0]]
IndexError: only integers, slices (`:`), ellipsis (`...`), numpy.newaxis (`None`) and integer or boolean arrays are valid indices
srun: error: comet-02-25: task 0: Exited with exit code 1
srun: Job step creation temporarily disabled, retrying
srun: Job step created
Traceback (most recent call last):
  File "curtailment_scaling.py", line 92, in <module>
    curtailment_scaling(args.i, args.j, args.k)
  File "curtailment_scaling.py", line 47, in curtailment_scaling
    trigger_flow = trigger_flows[sample[k, 0]]
IndexError: only integers, slices (`:`), ellipsis (`...`), numpy.newaxis (`None`) and integer or boolean arrays are valid indices
srun: error: comet-02-52: task 0: Exited with exit code 1
srun: Job step creation temporarily disabled, retrying
srun: Job step created
Traceback (most recent call last):
  File "curtailment_scaling.py", line 92, in <module>
    curtailment_scaling(args.i, args.j, args.k)
  File "curtailment_scaling.py", line 47, in curtailment_scaling
    trigger_flow = trigger_flows[sample[k, 0]]
IndexError: only integers, slices (`:`), ellipsis (`...`), numpy.newaxis (`None`) and integer or boolean arrays are valid indices
srun: error: comet-02-25: task 0: Exited with exit code 1
srun: Job step creation temporarily disabled, retrying
srun: Job step created
Traceback (most recent call last):
  File "curtailment_scaling.py", line 92, in <module>
    curtailment_scaling(args.i, args.j, args.k)
  File "curtailment_scaling.py", line 47, in curtailment_scaling
    trigger_flow = trigger_flows[sample[k, 0]]
IndexError: only integers, slices (`:`), ellipsis (`...`), numpy.newaxis (`None`) and integer or boolean arrays are valid indices
srun: error: comet-02-52: task 0: Exited with exit code 1
srun: Job step creation temporarily disabled, retrying
srun: Job step created
Traceback (most recent call last):
  File "curtailment_scaling.py", line 92, in <module>
    curtailment_scaling(args.i, args.j, args.k)
  File "curtailment_scaling.py", line 47, in curtailment_scaling
    trigger_flow = trigger_flows[sample[k, 0]]
IndexError: index 27 is out of bounds for axis 0 with size 27
srun: error: comet-02-25: task 0: Exited with exit code 1
srun: Job step creation temporarily disabled, retrying
srun: Job step created
Traceback (most recent call last):
  File "curtailment_scaling.py", line 92, in <module>
    curtailment_scaling(args.i, args.j, args.k)
  File "curtailment_scaling.py", line 47, in curtailment_scaling
    trigger_flow = trigger_flows[sample[k, 0]]
IndexError: only integers, slices (`:`), ellipsis (`...`), numpy.newaxis (`None`) and integer or boolean arrays are valid indices
srun: error: comet-02-52: task 0: Exited with exit code 1
srun: Job step creation temporarily disabled, retrying
srun: Job step created
Traceback (most recent call last):
  File "curtailment_scaling.py", line 92, in <module>
    curtailment_scaling(args.i, args.j, args.k)
  File "curtailment_scaling.py", line 47, in curtailment_scaling
    trigger_flow = trigger_flows[sample[k, 0]]
IndexError: only integers, slices (`:`), ellipsis (`...`), numpy.newaxis (`None`) and integer or boolean arrays are valid indices
srun: error: comet-02-25: task 0: Exited with exit code 1
Traceback (most recent call last):
  File "curtailment_scaling.py", line 92, in <module>
    curtailment_scaling(args.i, args.j, args.k)
  File "curtailment_scaling.py", line 47, in curtailment_scaling
    trigger_flow = trigger_flows[sample[k, 0]]
IndexError: only integers, slices (`:`), ellipsis (`...`), numpy.newaxis (`None`) and integer or boolean arrays are valid indices
srun: error: comet-02-52: task 0: Exited with exit code 1
srun: Job step creation temporarily disabled, retrying
srun: Job step created
Traceback (most recent call last):
  File "curtailment_scaling.py", line 92, in <module>
    curtailment_scaling(args.i, args.j, args.k)
  File "curtailment_scaling.py", line 47, in curtailment_scaling
    trigger_flow = trigger_flows[sample[k, 0]]
IndexError: only integers, slices (`:`), ellipsis (`...`), numpy.newaxis (`None`) and integer or boolean arrays are valid indices
srun: error: comet-02-25: task 0: Exited with exit code 1
Traceback (most recent call last):
  File "curtailment_scaling.py", line 92, in <module>
    curtailment_scaling(args.i, args.j, args.k)
  File "curtailment_scaling.py", line 47, in curtailment_scaling
    trigger_flow = trigger_flows[sample[k, 0]]
IndexError: only integers, slices (`:`), ellipsis (`...`), numpy.newaxis (`None`) and integer or boolean arrays are valid indices
srun: error: comet-02-52: task 0: Exited with exit code 1
srun: Job step creation temporarily disabled, retrying
srun: Job step created
Traceback (most recent call last):
  File "curtailment_scaling.py", line 92, in <module>
    curtailment_scaling(args.i, args.j, args.k)
  File "curtailment_scaling.py", line 47, in curtailment_scaling
    trigger_flow = trigger_flows[sample[k, 0]]
IndexError: index 27 is out of bounds for axis 0 with size 27
srun: error: comet-02-25: task 0: Exited with exit code 1
srun: Job step creation temporarily disabled, retrying
srun: Job step created
Traceback (most recent call last):
  File "curtailment_scaling.py", line 92, in <module>
    curtailment_scaling(args.i, args.j, args.k)
  File "curtailment_scaling.py", line 47, in curtailment_scaling
    trigger_flow = trigger_flows[sample[k, 0]]
IndexError: only integers, slices (`:`), ellipsis (`...`), numpy.newaxis (`None`) and integer or boolean arrays are valid indices
srun: error: comet-02-52: task 0: Exited with exit code 1
srun: Job step creation temporarily disabled, retrying
srun: Job step created
Traceback (most recent call last):
  File "curtailment_scaling.py", line 92, in <module>
    curtailment_scaling(args.i, args.j, args.k)
  File "curtailment_scaling.py", line 47, in curtailment_scaling
    trigger_flow = trigger_flows[sample[k, 0]]
IndexError: only integers, slices (`:`), ellipsis (`...`), numpy.newaxis (`None`) and integer or boolean arrays are valid indices
srun: error: comet-02-25: task 0: Exited with exit code 1
Traceback (most recent call last):
  File "curtailment_scaling.py", line 92, in <module>
    curtailment_scaling(args.i, args.j, args.k)
  File "curtailment_scaling.py", line 47, in curtailment_scaling
    trigger_flow = trigger_flows[sample[k, 0]]
IndexError: only integers, slices (`:`), ellipsis (`...`), numpy.newaxis (`None`) and integer or boolean arrays are valid indices
srun: error: comet-02-52: task 0: Exited with exit code 1
Traceback (most recent call last):
  File "curtailment_scaling.py", line 92, in <module>
    curtailment_scaling(args.i, args.j, args.k)
  File "curtailment_scaling.py", line 47, in curtailment_scaling
    trigger_flow = trigger_flows[sample[k, 0]]
IndexError: index 27 is out of bounds for axis 0 with size 27
srun: error: comet-02-25: task 0: Exited with exit code 1
srun: Job step creation temporarily disabled, retrying
srun: Job step created
Traceback (most recent call last):
  File "curtailment_scaling.py", line 92, in <module>
    curtailment_scaling(args.i, args.j, args.k)
  File "curtailment_scaling.py", line 47, in curtailment_scaling
    trigger_flow = trigger_flows[sample[k, 0]]
IndexError: only integers, slices (`:`), ellipsis (`...`), numpy.newaxis (`None`) and integer or boolean arrays are valid indices
srun: error: comet-02-52: task 0: Exited with exit code 1
Traceback (most recent call last):
  File "curtailment_scaling.py", line 92, in <module>
    curtailment_scaling(args.i, args.j, args.k)
  File "curtailment_scaling.py", line 47, in curtailment_scaling
    trigger_flow = trigger_flows[sample[k, 0]]
IndexError: only integers, slices (`:`), ellipsis (`...`), numpy.newaxis (`None`) and integer or boolean arrays are valid indices
srun: error: comet-02-25: task 0: Exited with exit code 1
srun: Job step creation temporarily disabled, retrying
srun: Job step created
Traceback (most recent call last):
  File "curtailment_scaling.py", line 92, in <module>
    curtailment_scaling(args.i, args.j, args.k)
  File "curtailment_scaling.py", line 47, in curtailment_scaling
    trigger_flow = trigger_flows[sample[k, 0]]
IndexError: only integers, slices (`:`), ellipsis (`...`), numpy.newaxis (`None`) and integer or boolean arrays are valid indices
srun: error: comet-02-52: task 0: Exited with exit code 1
srun: Job step creation temporarily disabled, retrying
srun: Job step created
Traceback (most recent call last):
  File "curtailment_scaling.py", line 92, in <module>
    curtailment_scaling(args.i, args.j, args.k)
  File "curtailment_scaling.py", line 47, in curtailment_scaling
    trigger_flow = trigger_flows[sample[k, 0]]
IndexError: only integers, slices (`:`), ellipsis (`...`), numpy.newaxis (`None`) and integer or boolean arrays are valid indices
srun: error: comet-02-25: task 0: Exited with exit code 1
Traceback (most recent call last):
  File "curtailment_scaling.py", line 92, in <module>
    curtailment_scaling(args.i, args.j, args.k)
  File "curtailment_scaling.py", line 47, in curtailment_scaling
    trigger_flow = trigger_flows[sample[k, 0]]
IndexError: only integers, slices (`:`), ellipsis (`...`), numpy.newaxis (`None`) and integer or boolean arrays are valid indices
srun: error: comet-02-52: task 0: Exited with exit code 1
srun: Job step creation temporarily disabled, retrying
srun: Job step created
Traceback (most recent call last):
  File "curtailment_scaling.py", line 92, in <module>
    curtailment_scaling(args.i, args.j, args.k)
  File "curtailment_scaling.py", line 47, in curtailment_scaling
    trigger_flow = trigger_flows[sample[k, 0]]
IndexError: only integers, slices (`:`), ellipsis (`...`), numpy.newaxis (`None`) and integer or boolean arrays are valid indices
srun: error: comet-02-25: task 0: Exited with exit code 1
Traceback (most recent call last):
  File "curtailment_scaling.py", line 92, in <module>
    curtailment_scaling(args.i, args.j, args.k)
  File "curtailment_scaling.py", line 47, in curtailment_scaling
    trigger_flow = trigger_flows[sample[k, 0]]
IndexError: only integers, slices (`:`), ellipsis (`...`), numpy.newaxis (`None`) and integer or boolean arrays are valid indices
srun: error: comet-02-52: task 0: Exited with exit code 1
srun: Job step creation temporarily disabled, retrying
srun: Job step created
Traceback (most recent call last):
  File "curtailment_scaling.py", line 92, in <module>
    curtailment_scaling(args.i, args.j, args.k)
  File "curtailment_scaling.py", line 47, in curtailment_scaling
    trigger_flow = trigger_flows[sample[k, 0]]
IndexError: only integers, slices (`:`), ellipsis (`...`), numpy.newaxis (`None`) and integer or boolean arrays are valid indices
srun: error: comet-02-25: task 0: Exited with exit code 1
srun: Job step creation temporarily disabled, retrying
srun: Job step created
Traceback (most recent call last):
  File "curtailment_scaling.py", line 92, in <module>
    curtailment_scaling(args.i, args.j, args.k)
  File "curtailment_scaling.py", line 47, in curtailment_scaling
    trigger_flow = trigger_flows[sample[k, 0]]
IndexError: only integers, slices (`:`), ellipsis (`...`), numpy.newaxis (`None`) and integer or boolean arrays are valid indices
srun: error: comet-02-52: task 0: Exited with exit code 1
srun: Job step creation temporarily disabled, retrying
srun: Job step created
Traceback (most recent call last):
  File "curtailment_scaling.py", line 92, in <module>
    curtailment_scaling(args.i, args.j, args.k)
  File "curtailment_scaling.py", line 47, in curtailment_scaling
    trigger_flow = trigger_flows[sample[k, 0]]
IndexError: only integers, slices (`:`), ellipsis (`...`), numpy.newaxis (`None`) and integer or boolean arrays are valid indices
srun: error: comet-02-25: task 0: Exited with exit code 1
srun: Job step creation temporarily disabled, retrying
srun: Job step created
Traceback (most recent call last):
  File "curtailment_scaling.py", line 92, in <module>
    curtailment_scaling(args.i, args.j, args.k)
  File "curtailment_scaling.py", line 47, in curtailment_scaling
    trigger_flow = trigger_flows[sample[k, 0]]
IndexError: only integers, slices (`:`), ellipsis (`...`), numpy.newaxis (`None`) and integer or boolean arrays are valid indices
srun: error: comet-02-52: task 0: Exited with exit code 1
srun: Job step creation temporarily disabled, retrying
srun: Job step created
Traceback (most recent call last):
  File "curtailment_scaling.py", line 92, in <module>
    curtailment_scaling(args.i, args.j, args.k)
  File "curtailment_scaling.py", line 47, in curtailment_scaling
    trigger_flow = trigger_flows[sample[k, 0]]
IndexError: only integers, slices (`:`), ellipsis (`...`), numpy.newaxis (`None`) and integer or boolean arrays are valid indices
srun: error: comet-02-25: task 0: Exited with exit code 1
srun: Job step creation temporarily disabled, retrying
srun: Job step created
Traceback (most recent call last):
  File "curtailment_scaling.py", line 92, in <module>
    curtailment_scaling(args.i, args.j, args.k)
  File "curtailment_scaling.py", line 47, in curtailment_scaling
    trigger_flow = trigger_flows[sample[k, 0]]
IndexError: only integers, slices (`:`), ellipsis (`...`), numpy.newaxis (`None`) and integer or boolean arrays are valid indices
srun: error: comet-02-52: task 0: Exited with exit code 1
srun: Job step creation temporarily disabled, retrying
srun: Job step created
Traceback (most recent call last):
  File "curtailment_scaling.py", line 92, in <module>
    curtailment_scaling(args.i, args.j, args.k)
  File "curtailment_scaling.py", line 47, in curtailment_scaling
    trigger_flow = trigger_flows[sample[k, 0]]
IndexError: only integers, slices (`:`), ellipsis (`...`), numpy.newaxis (`None`) and integer or boolean arrays are valid indices
srun: error: comet-02-25: task 0: Exited with exit code 1
srun: Job step creation temporarily disabled, retrying
srun: Job step created
Traceback (most recent call last):
  File "curtailment_scaling.py", line 92, in <module>
    curtailment_scaling(args.i, args.j, args.k)
  File "curtailment_scaling.py", line 47, in curtailment_scaling
    trigger_flow = trigger_flows[sample[k, 0]]
IndexError: only integers, slices (`:`), ellipsis (`...`), numpy.newaxis (`None`) and integer or boolean arrays are valid indices
srun: error: comet-02-52: task 0: Exited with exit code 1
srun: Job step creation temporarily disabled, retrying
srun: Job step created
Traceback (most recent call last):
  File "curtailment_scaling.py", line 92, in <module>
    curtailment_scaling(args.i, args.j, args.k)
  File "curtailment_scaling.py", line 47, in curtailment_scaling
    trigger_flow = trigger_flows[sample[k, 0]]
IndexError: only integers, slices (`:`), ellipsis (`...`), numpy.newaxis (`None`) and integer or boolean arrays are valid indices
srun: error: comet-02-25: task 0: Exited with exit code 1
Traceback (most recent call last):
  File "curtailment_scaling.py", line 92, in <module>
    curtailment_scaling(args.i, args.j, args.k)
  File "curtailment_scaling.py", line 47, in curtailment_scaling
    trigger_flow = trigger_flows[sample[k, 0]]
IndexError: only integers, slices (`:`), ellipsis (`...`), numpy.newaxis (`None`) and integer or boolean arrays are valid indices
srun: error: comet-02-52: task 0: Exited with exit code 1
srun: Job step creation temporarily disabled, retrying
srun: Job step created
Traceback (most recent call last):
  File "curtailment_scaling.py", line 92, in <module>
    curtailment_scaling(args.i, args.j, args.k)
  File "curtailment_scaling.py", line 47, in curtailment_scaling
    trigger_flow = trigger_flows[sample[k, 0]]
IndexError: only integers, slices (`:`), ellipsis (`...`), numpy.newaxis (`None`) and integer or boolean arrays are valid indices
srun: error: comet-02-25: task 0: Exited with exit code 1
srun: Job step creation temporarily disabled, retrying
srun: Job step created
Traceback (most recent call last):
  File "curtailment_scaling.py", line 92, in <module>
    curtailment_scaling(args.i, args.j, args.k)
  File "curtailment_scaling.py", line 47, in curtailment_scaling
    trigger_flow = trigger_flows[sample[k, 0]]
IndexError: only integers, slices (`:`), ellipsis (`...`), numpy.newaxis (`None`) and integer or boolean arrays are valid indices
srun: error: comet-02-52: task 0: Exited with exit code 1
srun: Job step creation temporarily disabled, retrying
srun: Job step created
Traceback (most recent call last):
  File "curtailment_scaling.py", line 92, in <module>
    curtailment_scaling(args.i, args.j, args.k)
  File "curtailment_scaling.py", line 47, in curtailment_scaling
    trigger_flow = trigger_flows[sample[k, 0]]
IndexError: only integers, slices (`:`), ellipsis (`...`), numpy.newaxis (`None`) and integer or boolean arrays are valid indices
srun: error: comet-02-25: task 0: Exited with exit code 1
srun: Job step creation temporarily disabled, retrying
srun: Job step created
Traceback (most recent call last):
  File "curtailment_scaling.py", line 92, in <module>
    curtailment_scaling(args.i, args.j, args.k)
  File "curtailment_scaling.py", line 47, in curtailment_scaling
    trigger_flow = trigger_flows[sample[k, 0]]
IndexError: only integers, slices (`:`), ellipsis (`...`), numpy.newaxis (`None`) and integer or boolean arrays are valid indices
srun: error: comet-02-52: task 0: Exited with exit code 1
srun: Job step creation temporarily disabled, retrying
srun: Job step created
Traceback (most recent call last):
  File "curtailment_scaling.py", line 92, in <module>
    curtailment_scaling(args.i, args.j, args.k)
  File "curtailment_scaling.py", line 47, in curtailment_scaling
    trigger_flow = trigger_flows[sample[k, 0]]
IndexError: only integers, slices (`:`), ellipsis (`...`), numpy.newaxis (`None`) and integer or boolean arrays are valid indices
srun: error: comet-02-25: task 0: Exited with exit code 1
Traceback (most recent call last):
  File "curtailment_scaling.py", line 92, in <module>
    curtailment_scaling(args.i, args.j, args.k)
  File "curtailment_scaling.py", line 47, in curtailment_scaling
    trigger_flow = trigger_flows[sample[k, 0]]
IndexError: only integers, slices (`:`), ellipsis (`...`), numpy.newaxis (`None`) and integer or boolean arrays are valid indices
srun: error: comet-02-52: task 0: Exited with exit code 1
srun: Job step creation temporarily disabled, retrying
srun: Job step created
Traceback (most recent call last):
  File "curtailment_scaling.py", line 92, in <module>
    curtailment_scaling(args.i, args.j, args.k)
  File "curtailment_scaling.py", line 47, in curtailment_scaling
    trigger_flow = trigger_flows[sample[k, 0]]
IndexError: only integers, slices (`:`), ellipsis (`...`), numpy.newaxis (`None`) and integer or boolean arrays are valid indices
srun: error: comet-02-25: task 0: Exited with exit code 1
srun: Job step creation temporarily disabled, retrying
srun: Job step created
Traceback (most recent call last):
  File "curtailment_scaling.py", line 92, in <module>
    curtailment_scaling(args.i, args.j, args.k)
  File "curtailment_scaling.py", line 47, in curtailment_scaling
    trigger_flow = trigger_flows[sample[k, 0]]
IndexError: only integers, slices (`:`), ellipsis (`...`), numpy.newaxis (`None`) and integer or boolean arrays are valid indices
srun: error: comet-02-52: task 0: Exited with exit code 1
srun: Job step creation temporarily disabled, retrying
srun: Job step created
Traceback (most recent call last):
  File "curtailment_scaling.py", line 92, in <module>
    curtailment_scaling(args.i, args.j, args.k)
  File "curtailment_scaling.py", line 47, in curtailment_scaling
    trigger_flow = trigger_flows[sample[k, 0]]
IndexError: only integers, slices (`:`), ellipsis (`...`), numpy.newaxis (`None`) and integer or boolean arrays are valid indices
srun: error: comet-02-25: task 0: Exited with exit code 1
srun: Job step creation temporarily disabled, retrying
srun: Job step created
Traceback (most recent call last):
  File "curtailment_scaling.py", line 92, in <module>
    curtailment_scaling(args.i, args.j, args.k)
  File "curtailment_scaling.py", line 47, in curtailment_scaling
    trigger_flow = trigger_flows[sample[k, 0]]
IndexError: only integers, slices (`:`), ellipsis (`...`), numpy.newaxis (`None`) and integer or boolean arrays are valid indices
srun: error: comet-02-52: task 0: Exited with exit code 1
srun: Job step creation temporarily disabled, retrying
srun: Job step created
Traceback (most recent call last):
  File "curtailment_scaling.py", line 92, in <module>
    curtailment_scaling(args.i, args.j, args.k)
  File "curtailment_scaling.py", line 47, in curtailment_scaling
    trigger_flow = trigger_flows[sample[k, 0]]
IndexError: only integers, slices (`:`), ellipsis (`...`), numpy.newaxis (`None`) and integer or boolean arrays are valid indices
srun: error: comet-02-25: task 0: Exited with exit code 1
srun: Job step creation temporarily disabled, retrying
srun: Job step created
Traceback (most recent call last):
  File "curtailment_scaling.py", line 92, in <module>
    curtailment_scaling(args.i, args.j, args.k)
  File "curtailment_scaling.py", line 47, in curtailment_scaling
    trigger_flow = trigger_flows[sample[k, 0]]
IndexError: only integers, slices (`:`), ellipsis (`...`), numpy.newaxis (`None`) and integer or boolean arrays are valid indices
srun: error: comet-02-52: task 0: Exited with exit code 1
srun: Job step creation temporarily disabled, retrying
srun: Job step created
Traceback (most recent call last):
  File "curtailment_scaling.py", line 92, in <module>
    curtailment_scaling(args.i, args.j, args.k)
  File "curtailment_scaling.py", line 47, in curtailment_scaling
    trigger_flow = trigger_flows[sample[k, 0]]
IndexError: only integers, slices (`:`), ellipsis (`...`), numpy.newaxis (`None`) and integer or boolean arrays are valid indices
srun: error: comet-02-25: task 0: Exited with exit code 1
srun: Job step creation temporarily disabled, retrying
srun: Job step created
Traceback (most recent call last):
  File "curtailment_scaling.py", line 92, in <module>
    curtailment_scaling(args.i, args.j, args.k)
  File "curtailment_scaling.py", line 47, in curtailment_scaling
    trigger_flow = trigger_flows[sample[k, 0]]
IndexError: only integers, slices (`:`), ellipsis (`...`), numpy.newaxis (`None`) and integer or boolean arrays are valid indices
srun: error: comet-02-25: task 0: Exited with exit code 1
srun: Job step creation temporarily disabled, retrying
srun: Job step created
Traceback (most recent call last):
  File "curtailment_scaling.py", line 92, in <module>
    curtailment_scaling(args.i, args.j, args.k)
  File "curtailment_scaling.py", line 47, in curtailment_scaling
    trigger_flow = trigger_flows[sample[k, 0]]
IndexError: only integers, slices (`:`), ellipsis (`...`), numpy.newaxis (`None`) and integer or boolean arrays are valid indices
srun: error: comet-02-52: task 0: Exited with exit code 1
srun: Job step creation temporarily disabled, retrying
srun: Job step created
Traceback (most recent call last):
  File "curtailment_scaling.py", line 92, in <module>
    curtailment_scaling(args.i, args.j, args.k)
  File "curtailment_scaling.py", line 47, in curtailment_scaling
    trigger_flow = trigger_flows[sample[k, 0]]
IndexError: only integers, slices (`:`), ellipsis (`...`), numpy.newaxis (`None`) and integer or boolean arrays are valid indices
srun: error: comet-02-25: task 0: Exited with exit code 1
srun: Job step creation temporarily disabled, retrying
srun: Job step created
Traceback (most recent call last):
  File "curtailment_scaling.py", line 92, in <module>
    curtailment_scaling(args.i, args.j, args.k)
  File "curtailment_scaling.py", line 47, in curtailment_scaling
    trigger_flow = trigger_flows[sample[k, 0]]
IndexError: only integers, slices (`:`), ellipsis (`...`), numpy.newaxis (`None`) and integer or boolean arrays are valid indices
srun: error: comet-02-52: task 0: Exited with exit code 1
srun: Job step creation temporarily disabled, retrying
srun: Job step created
Traceback (most recent call last):
  File "curtailment_scaling.py", line 92, in <module>
    curtailment_scaling(args.i, args.j, args.k)
  File "curtailment_scaling.py", line 47, in curtailment_scaling
    trigger_flow = trigger_flows[sample[k, 0]]
IndexError: only integers, slices (`:`), ellipsis (`...`), numpy.newaxis (`None`) and integer or boolean arrays are valid indices
srun: error: comet-02-25: task 0: Exited with exit code 1
srun: Job step creation temporarily disabled, retrying
srun: Job step created
Traceback (most recent call last):
  File "curtailment_scaling.py", line 92, in <module>
    curtailment_scaling(args.i, args.j, args.k)
  File "curtailment_scaling.py", line 47, in curtailment_scaling
    trigger_flow = trigger_flows[sample[k, 0]]
IndexError: index 27 is out of bounds for axis 0 with size 27
srun: error: comet-02-52: task 0: Exited with exit code 1
Traceback (most recent call last):
  File "curtailment_scaling.py", line 92, in <module>
    curtailment_scaling(args.i, args.j, args.k)
  File "curtailment_scaling.py", line 47, in curtailment_scaling
    trigger_flow = trigger_flows[sample[k, 0]]
IndexError: only integers, slices (`:`), ellipsis (`...`), numpy.newaxis (`None`) and integer or boolean arrays are valid indices
srun: error: comet-02-25: task 0: Exited with exit code 1
srun: Job step creation temporarily disabled, retrying
srun: Job step created
Traceback (most recent call last):
  File "curtailment_scaling.py", line 92, in <module>
    curtailment_scaling(args.i, args.j, args.k)
  File "curtailment_scaling.py", line 47, in curtailment_scaling
    trigger_flow = trigger_flows[sample[k, 0]]
IndexError: only integers, slices (`:`), ellipsis (`...`), numpy.newaxis (`None`) and integer or boolean arrays are valid indices
srun: error: comet-02-52: task 0: Exited with exit code 1
Traceback (most recent call last):
  File "curtailment_scaling.py", line 92, in <module>
    curtailment_scaling(args.i, args.j, args.k)
  File "curtailment_scaling.py", line 47, in curtailment_scaling
    trigger_flow = trigger_flows[sample[k, 0]]
IndexError: only integers, slices (`:`), ellipsis (`...`), numpy.newaxis (`None`) and integer or boolean arrays are valid indices
srun: error: comet-02-25: task 0: Exited with exit code 1
Traceback (most recent call last):
  File "curtailment_scaling.py", line 92, in <module>
    curtailment_scaling(args.i, args.j, args.k)
  File "curtailment_scaling.py", line 47, in curtailment_scaling
    trigger_flow = trigger_flows[sample[k, 0]]
IndexError: only integers, slices (`:`), ellipsis (`...`), numpy.newaxis (`None`) and integer or boolean arrays are valid indices
srun: error: comet-02-52: task 0: Exited with exit code 1
srun: Job step creation temporarily disabled, retrying
srun: Job step created
Traceback (most recent call last):
  File "curtailment_scaling.py", line 92, in <module>
    curtailment_scaling(args.i, args.j, args.k)
  File "curtailment_scaling.py", line 47, in curtailment_scaling
    trigger_flow = trigger_flows[sample[k, 0]]
IndexError: only integers, slices (`:`), ellipsis (`...`), numpy.newaxis (`None`) and integer or boolean arrays are valid indices
srun: error: comet-02-25: task 0: Exited with exit code 1
Traceback (most recent call last):
  File "curtailment_scaling.py", line 92, in <module>
    curtailment_scaling(args.i, args.j, args.k)
  File "curtailment_scaling.py", line 47, in curtailment_scaling
    trigger_flow = trigger_flows[sample[k, 0]]
IndexError: only integers, slices (`:`), ellipsis (`...`), numpy.newaxis (`None`) and integer or boolean arrays are valid indices
srun: error: comet-02-52: task 0: Exited with exit code 1
srun: Job step creation temporarily disabled, retrying
srun: Job step created
Traceback (most recent call last):
  File "curtailment_scaling.py", line 92, in <module>
    curtailment_scaling(args.i, args.j, args.k)
  File "curtailment_scaling.py", line 47, in curtailment_scaling
    trigger_flow = trigger_flows[sample[k, 0]]
IndexError: only integers, slices (`:`), ellipsis (`...`), numpy.newaxis (`None`) and integer or boolean arrays are valid indices
srun: error: comet-02-25: task 0: Exited with exit code 1
srun: Job step creation temporarily disabled, retrying
srun: Job step created
Traceback (most recent call last):
  File "curtailment_scaling.py", line 92, in <module>
    curtailment_scaling(args.i, args.j, args.k)
  File "curtailment_scaling.py", line 47, in curtailment_scaling
    trigger_flow = trigger_flows[sample[k, 0]]
IndexError: only integers, slices (`:`), ellipsis (`...`), numpy.newaxis (`None`) and integer or boolean arrays are valid indices
srun: error: comet-02-52: task 0: Exited with exit code 1
srun: Job step creation temporarily disabled, retrying
srun: Job step created
Traceback (most recent call last):
  File "curtailment_scaling.py", line 92, in <module>
    curtailment_scaling(args.i, args.j, args.k)
  File "curtailment_scaling.py", line 47, in curtailment_scaling
    trigger_flow = trigger_flows[sample[k, 0]]
IndexError: only integers, slices (`:`), ellipsis (`...`), numpy.newaxis (`None`) and integer or boolean arrays are valid indices
srun: error: comet-02-25: task 0: Exited with exit code 1
Traceback (most recent call last):
  File "curtailment_scaling.py", line 92, in <module>
    curtailment_scaling(args.i, args.j, args.k)
  File "curtailment_scaling.py", line 47, in curtailment_scaling
    trigger_flow = trigger_flows[sample[k, 0]]
IndexError: only integers, slices (`:`), ellipsis (`...`), numpy.newaxis (`None`) and integer or boolean arrays are valid indices
srun: error: comet-02-52: task 0: Exited with exit code 1
srun: Job step creation temporarily disabled, retrying
srun: Job step created
Traceback (most recent call last):
  File "curtailment_scaling.py", line 92, in <module>
    curtailment_scaling(args.i, args.j, args.k)
  File "curtailment_scaling.py", line 47, in curtailment_scaling
    trigger_flow = trigger_flows[sample[k, 0]]
IndexError: only integers, slices (`:`), ellipsis (`...`), numpy.newaxis (`None`) and integer or boolean arrays are valid indices
srun: error: comet-02-25: task 0: Exited with exit code 1
srun: Job step creation temporarily disabled, retrying
srun: Job step created
Traceback (most recent call last):
  File "curtailment_scaling.py", line 92, in <module>
    curtailment_scaling(args.i, args.j, args.k)
  File "curtailment_scaling.py", line 47, in curtailment_scaling
    trigger_flow = trigger_flows[sample[k, 0]]
IndexError: only integers, slices (`:`), ellipsis (`...`), numpy.newaxis (`None`) and integer or boolean arrays are valid indices
srun: error: comet-02-52: task 0: Exited with exit code 1
srun: Job step creation temporarily disabled, retrying
srun: Job step created
Traceback (most recent call last):
  File "curtailment_scaling.py", line 92, in <module>
    curtailment_scaling(args.i, args.j, args.k)
  File "curtailment_scaling.py", line 47, in curtailment_scaling
    trigger_flow = trigger_flows[sample[k, 0]]
IndexError: only integers, slices (`:`), ellipsis (`...`), numpy.newaxis (`None`) and integer or boolean arrays are valid indices
srun: error: comet-02-25: task 0: Exited with exit code 1
Traceback (most recent call last):
  File "curtailment_scaling.py", line 92, in <module>
    curtailment_scaling(args.i, args.j, args.k)
  File "curtailment_scaling.py", line 47, in curtailment_scaling
    trigger_flow = trigger_flows[sample[k, 0]]
IndexError: only integers, slices (`:`), ellipsis (`...`), numpy.newaxis (`None`) and integer or boolean arrays are valid indices
srun: error: comet-02-52: task 0: Exited with exit code 1
srun: Job step creation temporarily disabled, retrying
srun: Job step created
Traceback (most recent call last):
  File "curtailment_scaling.py", line 92, in <module>
    curtailment_scaling(args.i, args.j, args.k)
  File "curtailment_scaling.py", line 47, in curtailment_scaling
    trigger_flow = trigger_flows[sample[k, 0]]
IndexError: only integers, slices (`:`), ellipsis (`...`), numpy.newaxis (`None`) and integer or boolean arrays are valid indices
srun: error: comet-02-25: task 0: Exited with exit code 1
srun: Job step creation temporarily disabled, retrying
srun: Job step created
Traceback (most recent call last):
  File "curtailment_scaling.py", line 92, in <module>
    curtailment_scaling(args.i, args.j, args.k)
  File "curtailment_scaling.py", line 47, in curtailment_scaling
    trigger_flow = trigger_flows[sample[k, 0]]
IndexError: only integers, slices (`:`), ellipsis (`...`), numpy.newaxis (`None`) and integer or boolean arrays are valid indices
srun: error: comet-02-52: task 0: Exited with exit code 1
srun: Job step creation temporarily disabled, retrying
srun: Job step created
Traceback (most recent call last):
  File "curtailment_scaling.py", line 92, in <module>
    curtailment_scaling(args.i, args.j, args.k)
  File "curtailment_scaling.py", line 47, in curtailment_scaling
    trigger_flow = trigger_flows[sample[k, 0]]
IndexError: only integers, slices (`:`), ellipsis (`...`), numpy.newaxis (`None`) and integer or boolean arrays are valid indices
srun: error: comet-02-25: task 0: Exited with exit code 1
Traceback (most recent call last):
  File "curtailment_scaling.py", line 92, in <module>
    curtailment_scaling(args.i, args.j, args.k)
  File "curtailment_scaling.py", line 47, in curtailment_scaling
    trigger_flow = trigger_flows[sample[k, 0]]
IndexError: index 27 is out of bounds for axis 0 with size 27
srun: error: comet-02-52: task 0: Exited with exit code 1
srun: Job step creation temporarily disabled, retrying
srun: Job step created
Traceback (most recent call last):
  File "curtailment_scaling.py", line 92, in <module>
    curtailment_scaling(args.i, args.j, args.k)
  File "curtailment_scaling.py", line 47, in curtailment_scaling
    trigger_flow = trigger_flows[sample[k, 0]]
IndexError: only integers, slices (`:`), ellipsis (`...`), numpy.newaxis (`None`) and integer or boolean arrays are valid indices
srun: error: comet-02-25: task 0: Exited with exit code 1
srun: Job step creation temporarily disabled, retrying
srun: Job step created
Traceback (most recent call last):
  File "curtailment_scaling.py", line 92, in <module>
    curtailment_scaling(args.i, args.j, args.k)
  File "curtailment_scaling.py", line 47, in curtailment_scaling
    trigger_flow = trigger_flows[sample[k, 0]]
IndexError: only integers, slices (`:`), ellipsis (`...`), numpy.newaxis (`None`) and integer or boolean arrays are valid indices
srun: error: comet-02-52: task 0: Exited with exit code 1
Traceback (most recent call last):
  File "curtailment_scaling.py", line 92, in <module>
    curtailment_scaling(args.i, args.j, args.k)
  File "curtailment_scaling.py", line 47, in curtailment_scaling
    trigger_flow = trigger_flows[sample[k, 0]]
IndexError: only integers, slices (`:`), ellipsis (`...`), numpy.newaxis (`None`) and integer or boolean arrays are valid indices
srun: error: comet-02-25: task 0: Exited with exit code 1
srun: Job step creation temporarily disabled, retrying
srun: Job step created
Traceback (most recent call last):
  File "curtailment_scaling.py", line 92, in <module>
    curtailment_scaling(args.i, args.j, args.k)
  File "curtailment_scaling.py", line 47, in curtailment_scaling
    trigger_flow = trigger_flows[sample[k, 0]]
IndexError: only integers, slices (`:`), ellipsis (`...`), numpy.newaxis (`None`) and integer or boolean arrays are valid indices
srun: error: comet-02-52: task 0: Exited with exit code 1
srun: Job step creation temporarily disabled, retrying
srun: Job step created
Traceback (most recent call last):
  File "curtailment_scaling.py", line 92, in <module>
    curtailment_scaling(args.i, args.j, args.k)
  File "curtailment_scaling.py", line 47, in curtailment_scaling
    trigger_flow = trigger_flows[sample[k, 0]]
IndexError: only integers, slices (`:`), ellipsis (`...`), numpy.newaxis (`None`) and integer or boolean arrays are valid indices
srun: error: comet-02-25: task 0: Exited with exit code 1
Traceback (most recent call last):
  File "curtailment_scaling.py", line 92, in <module>
    curtailment_scaling(args.i, args.j, args.k)
  File "curtailment_scaling.py", line 47, in curtailment_scaling
    trigger_flow = trigger_flows[sample[k, 0]]
IndexError: only integers, slices (`:`), ellipsis (`...`), numpy.newaxis (`None`) and integer or boolean arrays are valid indices
srun: error: comet-02-52: task 0: Exited with exit code 1
srun: Job step creation temporarily disabled, retrying
srun: Job step created
Traceback (most recent call last):
  File "curtailment_scaling.py", line 92, in <module>
    curtailment_scaling(args.i, args.j, args.k)
  File "curtailment_scaling.py", line 47, in curtailment_scaling
    trigger_flow = trigger_flows[sample[k, 0]]
IndexError: only integers, slices (`:`), ellipsis (`...`), numpy.newaxis (`None`) and integer or boolean arrays are valid indices
srun: error: comet-02-25: task 0: Exited with exit code 1
srun: Job step creation temporarily disabled, retrying
srun: Job step created
Traceback (most recent call last):
  File "curtailment_scaling.py", line 92, in <module>
    curtailment_scaling(args.i, args.j, args.k)
  File "curtailment_scaling.py", line 47, in curtailment_scaling
    trigger_flow = trigger_flows[sample[k, 0]]
IndexError: only integers, slices (`:`), ellipsis (`...`), numpy.newaxis (`None`) and integer or boolean arrays are valid indices
srun: error: comet-02-52: task 0: Exited with exit code 1
srun: Job step creation temporarily disabled, retrying
srun: Job step created
Traceback (most recent call last):
  File "curtailment_scaling.py", line 92, in <module>
    curtailment_scaling(args.i, args.j, args.k)
  File "curtailment_scaling.py", line 47, in curtailment_scaling
    trigger_flow = trigger_flows[sample[k, 0]]
IndexError: only integers, slices (`:`), ellipsis (`...`), numpy.newaxis (`None`) and integer or boolean arrays are valid indices
srun: error: comet-02-25: task 0: Exited with exit code 1
Traceback (most recent call last):
  File "curtailment_scaling.py", line 92, in <module>
    curtailment_scaling(args.i, args.j, args.k)
  File "curtailment_scaling.py", line 47, in curtailment_scaling
    trigger_flow = trigger_flows[sample[k, 0]]
IndexError: only integers, slices (`:`), ellipsis (`...`), numpy.newaxis (`None`) and integer or boolean arrays are valid indices
srun: error: comet-02-52: task 0: Exited with exit code 1
srun: Job step creation temporarily disabled, retrying
srun: Job step created
Traceback (most recent call last):
  File "curtailment_scaling.py", line 92, in <module>
    curtailment_scaling(args.i, args.j, args.k)
  File "curtailment_scaling.py", line 47, in curtailment_scaling
    trigger_flow = trigger_flows[sample[k, 0]]
IndexError: only integers, slices (`:`), ellipsis (`...`), numpy.newaxis (`None`) and integer or boolean arrays are valid indices
srun: error: comet-02-25: task 0: Exited with exit code 1
srun: Job step creation temporarily disabled, retrying
srun: Job step created
Traceback (most recent call last):
  File "curtailment_scaling.py", line 92, in <module>
    curtailment_scaling(args.i, args.j, args.k)
  File "curtailment_scaling.py", line 47, in curtailment_scaling
    trigger_flow = trigger_flows[sample[k, 0]]
IndexError: only integers, slices (`:`), ellipsis (`...`), numpy.newaxis (`None`) and integer or boolean arrays are valid indices
srun: error: comet-02-52: task 0: Exited with exit code 1
Traceback (most recent call last):
  File "curtailment_scaling.py", line 92, in <module>
    curtailment_scaling(args.i, args.j, args.k)
  File "curtailment_scaling.py", line 47, in curtailment_scaling
    trigger_flow = trigger_flows[sample[k, 0]]
IndexError: only integers, slices (`:`), ellipsis (`...`), numpy.newaxis (`None`) and integer or boolean arrays are valid indices
srun: error: comet-02-25: task 0: Exited with exit code 1
srun: Job step creation temporarily disabled, retrying
srun: Job step created
Traceback (most recent call last):
  File "curtailment_scaling.py", line 92, in <module>
    curtailment_scaling(args.i, args.j, args.k)
  File "curtailment_scaling.py", line 47, in curtailment_scaling
    trigger_flow = trigger_flows[sample[k, 0]]
IndexError: only integers, slices (`:`), ellipsis (`...`), numpy.newaxis (`None`) and integer or boolean arrays are valid indices
srun: error: comet-02-52: task 0: Exited with exit code 1
Traceback (most recent call last):
  File "curtailment_scaling.py", line 92, in <module>
    curtailment_scaling(args.i, args.j, args.k)
  File "curtailment_scaling.py", line 47, in curtailment_scaling
    trigger_flow = trigger_flows[sample[k, 0]]
IndexError: only integers, slices (`:`), ellipsis (`...`), numpy.newaxis (`None`) and integer or boolean arrays are valid indices
srun: error: comet-02-25: task 0: Exited with exit code 1
srun: Job step creation temporarily disabled, retrying
srun: Job step created
Traceback (most recent call last):
  File "curtailment_scaling.py", line 92, in <module>
    curtailment_scaling(args.i, args.j, args.k)
  File "curtailment_scaling.py", line 47, in curtailment_scaling
    trigger_flow = trigger_flows[sample[k, 0]]
IndexError: only integers, slices (`:`), ellipsis (`...`), numpy.newaxis (`None`) and integer or boolean arrays are valid indices
srun: error: comet-02-52: task 0: Exited with exit code 1
Traceback (most recent call last):
  File "curtailment_scaling.py", line 92, in <module>
    curtailment_scaling(args.i, args.j, args.k)
  File "curtailment_scaling.py", line 47, in curtailment_scaling
    trigger_flow = trigger_flows[sample[k, 0]]
IndexError: only integers, slices (`:`), ellipsis (`...`), numpy.newaxis (`None`) and integer or boolean arrays are valid indices
srun: error: comet-02-25: task 0: Exited with exit code 1
Traceback (most recent call last):
  File "curtailment_scaling.py", line 92, in <module>
    curtailment_scaling(args.i, args.j, args.k)
  File "curtailment_scaling.py", line 47, in curtailment_scaling
    trigger_flow = trigger_flows[sample[k, 0]]
IndexError: only integers, slices (`:`), ellipsis (`...`), numpy.newaxis (`None`) and integer or boolean arrays are valid indices
srun: error: comet-02-52: task 0: Exited with exit code 1
srun: Job step creation temporarily disabled, retrying
srun: Job step created
Traceback (most recent call last):
  File "curtailment_scaling.py", line 92, in <module>
    curtailment_scaling(args.i, args.j, args.k)
  File "curtailment_scaling.py", line 47, in curtailment_scaling
    trigger_flow = trigger_flows[sample[k, 0]]
IndexError: only integers, slices (`:`), ellipsis (`...`), numpy.newaxis (`None`) and integer or boolean arrays are valid indices
srun: error: comet-02-25: task 0: Exited with exit code 1
srun: Job step creation temporarily disabled, retrying
srun: Job step created
Traceback (most recent call last):
  File "curtailment_scaling.py", line 92, in <module>
    curtailment_scaling(args.i, args.j, args.k)
  File "curtailment_scaling.py", line 47, in curtailment_scaling
    trigger_flow = trigger_flows[sample[k, 0]]
IndexError: only integers, slices (`:`), ellipsis (`...`), numpy.newaxis (`None`) and integer or boolean arrays are valid indices
srun: error: comet-02-25: task 0: Exited with exit code 1
srun: Job step creation temporarily disabled, retrying
srun: Job step created
Traceback (most recent call last):
  File "curtailment_scaling.py", line 92, in <module>
    curtailment_scaling(args.i, args.j, args.k)
  File "curtailment_scaling.py", line 47, in curtailment_scaling
    trigger_flow = trigger_flows[sample[k, 0]]
IndexError: only integers, slices (`:`), ellipsis (`...`), numpy.newaxis (`None`) and integer or boolean arrays are valid indices
srun: error: comet-02-52: task 0: Exited with exit code 1
srun: Job step creation temporarily disabled, retrying
srun: Job step created
Traceback (most recent call last):
  File "curtailment_scaling.py", line 92, in <module>
    curtailment_scaling(args.i, args.j, args.k)
  File "curtailment_scaling.py", line 47, in curtailment_scaling
    trigger_flow = trigger_flows[sample[k, 0]]
IndexError: only integers, slices (`:`), ellipsis (`...`), numpy.newaxis (`None`) and integer or boolean arrays are valid indices
srun: error: comet-02-25: task 0: Exited with exit code 1
srun: Job step creation temporarily disabled, retrying
srun: Job step created
Traceback (most recent call last):
  File "curtailment_scaling.py", line 92, in <module>
    curtailment_scaling(args.i, args.j, args.k)
  File "curtailment_scaling.py", line 47, in curtailment_scaling
    trigger_flow = trigger_flows[sample[k, 0]]
IndexError: only integers, slices (`:`), ellipsis (`...`), numpy.newaxis (`None`) and integer or boolean arrays are valid indices
srun: error: comet-02-52: task 0: Exited with exit code 1
srun: Job step creation temporarily disabled, retrying
srun: Job step created
Traceback (most recent call last):
  File "curtailment_scaling.py", line 92, in <module>
    curtailment_scaling(args.i, args.j, args.k)
  File "curtailment_scaling.py", line 47, in curtailment_scaling
    trigger_flow = trigger_flows[sample[k, 0]]
IndexError: only integers, slices (`:`), ellipsis (`...`), numpy.newaxis (`None`) and integer or boolean arrays are valid indices
srun: error: comet-02-25: task 0: Exited with exit code 1
srun: Job step creation temporarily disabled, retrying
srun: Job step created
Traceback (most recent call last):
  File "curtailment_scaling.py", line 92, in <module>
    curtailment_scaling(args.i, args.j, args.k)
  File "curtailment_scaling.py", line 47, in curtailment_scaling
    trigger_flow = trigger_flows[sample[k, 0]]
IndexError: only integers, slices (`:`), ellipsis (`...`), numpy.newaxis (`None`) and integer or boolean arrays are valid indices
srun: error: comet-02-52: task 0: Exited with exit code 1
srun: Job step creation temporarily disabled, retrying
srun: Job step created
Traceback (most recent call last):
  File "curtailment_scaling.py", line 92, in <module>
    curtailment_scaling(args.i, args.j, args.k)
  File "curtailment_scaling.py", line 47, in curtailment_scaling
    trigger_flow = trigger_flows[sample[k, 0]]
IndexError: only integers, slices (`:`), ellipsis (`...`), numpy.newaxis (`None`) and integer or boolean arrays are valid indices
srun: error: comet-02-25: task 0: Exited with exit code 1
srun: Job step creation temporarily disabled, retrying
srun: Job step created
Traceback (most recent call last):
  File "curtailment_scaling.py", line 92, in <module>
    curtailment_scaling(args.i, args.j, args.k)
  File "curtailment_scaling.py", line 47, in curtailment_scaling
    trigger_flow = trigger_flows[sample[k, 0]]
IndexError: only integers, slices (`:`), ellipsis (`...`), numpy.newaxis (`None`) and integer or boolean arrays are valid indices
srun: error: comet-02-52: task 0: Exited with exit code 1
srun: Job step creation temporarily disabled, retrying
srun: Job step created
Traceback (most recent call last):
  File "curtailment_scaling.py", line 92, in <module>
    curtailment_scaling(args.i, args.j, args.k)
  File "curtailment_scaling.py", line 47, in curtailment_scaling
    trigger_flow = trigger_flows[sample[k, 0]]
IndexError: only integers, slices (`:`), ellipsis (`...`), numpy.newaxis (`None`) and integer or boolean arrays are valid indices
srun: error: comet-02-25: task 0: Exited with exit code 1
srun: Job step creation temporarily disabled, retrying
srun: Job step created
Traceback (most recent call last):
  File "curtailment_scaling.py", line 92, in <module>
    curtailment_scaling(args.i, args.j, args.k)
  File "curtailment_scaling.py", line 47, in curtailment_scaling
    trigger_flow = trigger_flows[sample[k, 0]]
IndexError: only integers, slices (`:`), ellipsis (`...`), numpy.newaxis (`None`) and integer or boolean arrays are valid indices
srun: error: comet-02-52: task 0: Exited with exit code 1
srun: Job step creation temporarily disabled, retrying
srun: Job step created
Traceback (most recent call last):
  File "curtailment_scaling.py", line 92, in <module>
    curtailment_scaling(args.i, args.j, args.k)
  File "curtailment_scaling.py", line 47, in curtailment_scaling
    trigger_flow = trigger_flows[sample[k, 0]]
IndexError: only integers, slices (`:`), ellipsis (`...`), numpy.newaxis (`None`) and integer or boolean arrays are valid indices
srun: error: comet-02-25: task 0: Exited with exit code 1
srun: Job step creation temporarily disabled, retrying
srun: Job step created
Traceback (most recent call last):
  File "curtailment_scaling.py", line 92, in <module>
    curtailment_scaling(args.i, args.j, args.k)
  File "curtailment_scaling.py", line 47, in curtailment_scaling
    trigger_flow = trigger_flows[sample[k, 0]]
IndexError: only integers, slices (`:`), ellipsis (`...`), numpy.newaxis (`None`) and integer or boolean arrays are valid indices
srun: error: comet-02-52: task 0: Exited with exit code 1
Traceback (most recent call last):
  File "curtailment_scaling.py", line 92, in <module>
    curtailment_scaling(args.i, args.j, args.k)
  File "curtailment_scaling.py", line 47, in curtailment_scaling
    trigger_flow = trigger_flows[sample[k, 0]]
IndexError: only integers, slices (`:`), ellipsis (`...`), numpy.newaxis (`None`) and integer or boolean arrays are valid indices
srun: error: comet-02-25: task 0: Exited with exit code 1
srun: Job step creation temporarily disabled, retrying
srun: Job step created
Traceback (most recent call last):
  File "curtailment_scaling.py", line 92, in <module>
    curtailment_scaling(args.i, args.j, args.k)
  File "curtailment_scaling.py", line 47, in curtailment_scaling
    trigger_flow = trigger_flows[sample[k, 0]]
IndexError: only integers, slices (`:`), ellipsis (`...`), numpy.newaxis (`None`) and integer or boolean arrays are valid indices
srun: error: comet-02-52: task 0: Exited with exit code 1
Traceback (most recent call last):
  File "curtailment_scaling.py", line 92, in <module>
    curtailment_scaling(args.i, args.j, args.k)
  File "curtailment_scaling.py", line 47, in curtailment_scaling
    trigger_flow = trigger_flows[sample[k, 0]]
IndexError: only integers, slices (`:`), ellipsis (`...`), numpy.newaxis (`None`) and integer or boolean arrays are valid indices
srun: error: comet-02-25: task 0: Exited with exit code 1
srun: Job step creation temporarily disabled, retrying
srun: Job step created
Traceback (most recent call last):
  File "curtailment_scaling.py", line 92, in <module>
    curtailment_scaling(args.i, args.j, args.k)
  File "curtailment_scaling.py", line 47, in curtailment_scaling
    trigger_flow = trigger_flows[sample[k, 0]]
IndexError: only integers, slices (`:`), ellipsis (`...`), numpy.newaxis (`None`) and integer or boolean arrays are valid indices
srun: error: comet-02-52: task 0: Exited with exit code 1
srun: Job step creation temporarily disabled, retrying
srun: Job step created
Traceback (most recent call last):
  File "curtailment_scaling.py", line 92, in <module>
    curtailment_scaling(args.i, args.j, args.k)
  File "curtailment_scaling.py", line 47, in curtailment_scaling
    trigger_flow = trigger_flows[sample[k, 0]]
IndexError: only integers, slices (`:`), ellipsis (`...`), numpy.newaxis (`None`) and integer or boolean arrays are valid indices
srun: error: comet-02-25: task 0: Exited with exit code 1
Traceback (most recent call last):
  File "curtailment_scaling.py", line 92, in <module>
    curtailment_scaling(args.i, args.j, args.k)
  File "curtailment_scaling.py", line 47, in curtailment_scaling
    trigger_flow = trigger_flows[sample[k, 0]]
IndexError: only integers, slices (`:`), ellipsis (`...`), numpy.newaxis (`None`) and integer or boolean arrays are valid indices
srun: error: comet-02-52: task 0: Exited with exit code 1
srun: Job step creation temporarily disabled, retrying
srun: Job step created
Traceback (most recent call last):
  File "curtailment_scaling.py", line 92, in <module>
    curtailment_scaling(args.i, args.j, args.k)
  File "curtailment_scaling.py", line 47, in curtailment_scaling
    trigger_flow = trigger_flows[sample[k, 0]]
IndexError: only integers, slices (`:`), ellipsis (`...`), numpy.newaxis (`None`) and integer or boolean arrays are valid indices
srun: error: comet-02-25: task 0: Exited with exit code 1
srun: Job step creation temporarily disabled, retrying
srun: Job step created
Traceback (most recent call last):
  File "curtailment_scaling.py", line 92, in <module>
    curtailment_scaling(args.i, args.j, args.k)
  File "curtailment_scaling.py", line 47, in curtailment_scaling
    trigger_flow = trigger_flows[sample[k, 0]]
IndexError: only integers, slices (`:`), ellipsis (`...`), numpy.newaxis (`None`) and integer or boolean arrays are valid indices
srun: error: comet-02-52: task 0: Exited with exit code 1
srun: Job step creation temporarily disabled, retrying
srun: Job step created
Traceback (most recent call last):
  File "curtailment_scaling.py", line 92, in <module>
    curtailment_scaling(args.i, args.j, args.k)
  File "curtailment_scaling.py", line 47, in curtailment_scaling
    trigger_flow = trigger_flows[sample[k, 0]]
IndexError: only integers, slices (`:`), ellipsis (`...`), numpy.newaxis (`None`) and integer or boolean arrays are valid indices
srun: error: comet-02-25: task 0: Exited with exit code 1
srun: Job step creation temporarily disabled, retrying
srun: Job step created
Traceback (most recent call last):
  File "curtailment_scaling.py", line 92, in <module>
    curtailment_scaling(args.i, args.j, args.k)
  File "curtailment_scaling.py", line 47, in curtailment_scaling
    trigger_flow = trigger_flows[sample[k, 0]]
IndexError: only integers, slices (`:`), ellipsis (`...`), numpy.newaxis (`None`) and integer or boolean arrays are valid indices
srun: error: comet-02-52: task 0: Exited with exit code 1
srun: Job step creation temporarily disabled, retrying
srun: Job step created
Traceback (most recent call last):
  File "curtailment_scaling.py", line 92, in <module>
    curtailment_scaling(args.i, args.j, args.k)
  File "curtailment_scaling.py", line 47, in curtailment_scaling
    trigger_flow = trigger_flows[sample[k, 0]]
IndexError: only integers, slices (`:`), ellipsis (`...`), numpy.newaxis (`None`) and integer or boolean arrays are valid indices
srun: error: comet-02-25: task 0: Exited with exit code 1
srun: Job step creation temporarily disabled, retrying
srun: Job step created
Traceback (most recent call last):
  File "curtailment_scaling.py", line 92, in <module>
    curtailment_scaling(args.i, args.j, args.k)
  File "curtailment_scaling.py", line 47, in curtailment_scaling
    trigger_flow = trigger_flows[sample[k, 0]]
IndexError: only integers, slices (`:`), ellipsis (`...`), numpy.newaxis (`None`) and integer or boolean arrays are valid indices
srun: error: comet-02-52: task 0: Exited with exit code 1
srun: Job step creation temporarily disabled, retrying
srun: Job step created
Traceback (most recent call last):
  File "curtailment_scaling.py", line 92, in <module>
    curtailment_scaling(args.i, args.j, args.k)
  File "curtailment_scaling.py", line 47, in curtailment_scaling
    trigger_flow = trigger_flows[sample[k, 0]]
IndexError: only integers, slices (`:`), ellipsis (`...`), numpy.newaxis (`None`) and integer or boolean arrays are valid indices
srun: error: comet-02-25: task 0: Exited with exit code 1
srun: Job step creation temporarily disabled, retrying
srun: Job step created
Traceback (most recent call last):
  File "curtailment_scaling.py", line 92, in <module>
    curtailment_scaling(args.i, args.j, args.k)
  File "curtailment_scaling.py", line 47, in curtailment_scaling
    trigger_flow = trigger_flows[sample[k, 0]]
IndexError: only integers, slices (`:`), ellipsis (`...`), numpy.newaxis (`None`) and integer or boolean arrays are valid indices
srun: error: comet-02-52: task 0: Exited with exit code 1
Traceback (most recent call last):
  File "curtailment_scaling.py", line 92, in <module>
    curtailment_scaling(args.i, args.j, args.k)
  File "curtailment_scaling.py", line 47, in curtailment_scaling
    trigger_flow = trigger_flows[sample[k, 0]]
IndexError: only integers, slices (`:`), ellipsis (`...`), numpy.newaxis (`None`) and integer or boolean arrays are valid indices
srun: error: comet-02-25: task 0: Exited with exit code 1
srun: Job step creation temporarily disabled, retrying
srun: Job step created
Traceback (most recent call last):
  File "curtailment_scaling.py", line 92, in <module>
    curtailment_scaling(args.i, args.j, args.k)
  File "curtailment_scaling.py", line 47, in curtailment_scaling
    trigger_flow = trigger_flows[sample[k, 0]]
IndexError: only integers, slices (`:`), ellipsis (`...`), numpy.newaxis (`None`) and integer or boolean arrays are valid indices
srun: error: comet-02-52: task 0: Exited with exit code 1
srun: Job step creation temporarily disabled, retrying
srun: Job step created
Traceback (most recent call last):
  File "curtailment_scaling.py", line 92, in <module>
    curtailment_scaling(args.i, args.j, args.k)
  File "curtailment_scaling.py", line 47, in curtailment_scaling
    trigger_flow = trigger_flows[sample[k, 0]]
IndexError: only integers, slices (`:`), ellipsis (`...`), numpy.newaxis (`None`) and integer or boolean arrays are valid indices
srun: error: comet-02-25: task 0: Exited with exit code 1
srun: Job step creation temporarily disabled, retrying
srun: Job step created
Traceback (most recent call last):
  File "curtailment_scaling.py", line 92, in <module>
    curtailment_scaling(args.i, args.j, args.k)
  File "curtailment_scaling.py", line 47, in curtailment_scaling
    trigger_flow = trigger_flows[sample[k, 0]]
IndexError: only integers, slices (`:`), ellipsis (`...`), numpy.newaxis (`None`) and integer or boolean arrays are valid indices
srun: error: comet-02-52: task 0: Exited with exit code 1
Traceback (most recent call last):
  File "curtailment_scaling.py", line 92, in <module>
    curtailment_scaling(args.i, args.j, args.k)
  File "curtailment_scaling.py", line 47, in curtailment_scaling
    trigger_flow = trigger_flows[sample[k, 0]]
IndexError: only integers, slices (`:`), ellipsis (`...`), numpy.newaxis (`None`) and integer or boolean arrays are valid indices
srun: error: comet-02-25: task 0: Exited with exit code 1
srun: Job step creation temporarily disabled, retrying
srun: Job step created
Traceback (most recent call last):
  File "curtailment_scaling.py", line 92, in <module>
    curtailment_scaling(args.i, args.j, args.k)
  File "curtailment_scaling.py", line 47, in curtailment_scaling
    trigger_flow = trigger_flows[sample[k, 0]]
IndexError: only integers, slices (`:`), ellipsis (`...`), numpy.newaxis (`None`) and integer or boolean arrays are valid indices
srun: error: comet-02-52: task 0: Exited with exit code 1
srun: Job step creation temporarily disabled, retrying
srun: Job step created
Traceback (most recent call last):
  File "curtailment_scaling.py", line 92, in <module>
    curtailment_scaling(args.i, args.j, args.k)
  File "curtailment_scaling.py", line 47, in curtailment_scaling
    trigger_flow = trigger_flows[sample[k, 0]]
IndexError: only integers, slices (`:`), ellipsis (`...`), numpy.newaxis (`None`) and integer or boolean arrays are valid indices
srun: error: comet-02-25: task 0: Exited with exit code 1
srun: Job step creation temporarily disabled, retrying
srun: Job step created
Traceback (most recent call last):
  File "curtailment_scaling.py", line 92, in <module>
    curtailment_scaling(args.i, args.j, args.k)
  File "curtailment_scaling.py", line 47, in curtailment_scaling
    trigger_flow = trigger_flows[sample[k, 0]]
IndexError: only integers, slices (`:`), ellipsis (`...`), numpy.newaxis (`None`) and integer or boolean arrays are valid indices
srun: error: comet-02-52: task 0: Exited with exit code 1
srun: Job step creation temporarily disabled, retrying
srun: Job step created
Traceback (most recent call last):
  File "curtailment_scaling.py", line 92, in <module>
    curtailment_scaling(args.i, args.j, args.k)
  File "curtailment_scaling.py", line 47, in curtailment_scaling
    trigger_flow = trigger_flows[sample[k, 0]]
IndexError: only integers, slices (`:`), ellipsis (`...`), numpy.newaxis (`None`) and integer or boolean arrays are valid indices
srun: error: comet-02-25: task 0: Exited with exit code 1
srun: Job step creation temporarily disabled, retrying
srun: Job step created
Traceback (most recent call last):
  File "curtailment_scaling.py", line 92, in <module>
    curtailment_scaling(args.i, args.j, args.k)
  File "curtailment_scaling.py", line 47, in curtailment_scaling
    trigger_flow = trigger_flows[sample[k, 0]]
IndexError: only integers, slices (`:`), ellipsis (`...`), numpy.newaxis (`None`) and integer or boolean arrays are valid indices
srun: error: comet-02-52: task 0: Exited with exit code 1
srun: Job step creation temporarily disabled, retrying
srun: Job step created
Traceback (most recent call last):
  File "curtailment_scaling.py", line 92, in <module>
    curtailment_scaling(args.i, args.j, args.k)
  File "curtailment_scaling.py", line 47, in curtailment_scaling
    trigger_flow = trigger_flows[sample[k, 0]]
IndexError: only integers, slices (`:`), ellipsis (`...`), numpy.newaxis (`None`) and integer or boolean arrays are valid indices
srun: error: comet-02-25: task 0: Exited with exit code 1
srun: Job step creation temporarily disabled, retrying
srun: Job step created
Traceback (most recent call last):
  File "curtailment_scaling.py", line 92, in <module>
    curtailment_scaling(args.i, args.j, args.k)
  File "curtailment_scaling.py", line 47, in curtailment_scaling
    trigger_flow = trigger_flows[sample[k, 0]]
IndexError: only integers, slices (`:`), ellipsis (`...`), numpy.newaxis (`None`) and integer or boolean arrays are valid indices
srun: error: comet-02-52: task 0: Exited with exit code 1
srun: Job step creation temporarily disabled, retrying
srun: Job step created
Traceback (most recent call last):
  File "curtailment_scaling.py", line 92, in <module>
    curtailment_scaling(args.i, args.j, args.k)
  File "curtailment_scaling.py", line 47, in curtailment_scaling
    trigger_flow = trigger_flows[sample[k, 0]]
IndexError: only integers, slices (`:`), ellipsis (`...`), numpy.newaxis (`None`) and integer or boolean arrays are valid indices
srun: error: comet-02-25: task 0: Exited with exit code 1
srun: Job step creation temporarily disabled, retrying
srun: Job step created
Traceback (most recent call last):
  File "curtailment_scaling.py", line 92, in <module>
    curtailment_scaling(args.i, args.j, args.k)
  File "curtailment_scaling.py", line 47, in curtailment_scaling
    trigger_flow = trigger_flows[sample[k, 0]]
IndexError: only integers, slices (`:`), ellipsis (`...`), numpy.newaxis (`None`) and integer or boolean arrays are valid indices
srun: error: comet-02-52: task 0: Exited with exit code 1
srun: Job step creation temporarily disabled, retrying
srun: Job step created
Traceback (most recent call last):
  File "curtailment_scaling.py", line 92, in <module>
    curtailment_scaling(args.i, args.j, args.k)
  File "curtailment_scaling.py", line 47, in curtailment_scaling
    trigger_flow = trigger_flows[sample[k, 0]]
IndexError: only integers, slices (`:`), ellipsis (`...`), numpy.newaxis (`None`) and integer or boolean arrays are valid indices
srun: error: comet-02-25: task 0: Exited with exit code 1
srun: Job step creation temporarily disabled, retrying
srun: Job step created
Traceback (most recent call last):
  File "curtailment_scaling.py", line 92, in <module>
    curtailment_scaling(args.i, args.j, args.k)
  File "curtailment_scaling.py", line 47, in curtailment_scaling
    trigger_flow = trigger_flows[sample[k, 0]]
IndexError: only integers, slices (`:`), ellipsis (`...`), numpy.newaxis (`None`) and integer or boolean arrays are valid indices
srun: error: comet-02-52: task 0: Exited with exit code 1
srun: Job step creation temporarily disabled, retrying
srun: Job step created
Traceback (most recent call last):
  File "curtailment_scaling.py", line 92, in <module>
    curtailment_scaling(args.i, args.j, args.k)
  File "curtailment_scaling.py", line 47, in curtailment_scaling
    trigger_flow = trigger_flows[sample[k, 0]]
IndexError: only integers, slices (`:`), ellipsis (`...`), numpy.newaxis (`None`) and integer or boolean arrays are valid indices
srun: error: comet-02-25: task 0: Exited with exit code 1
Traceback (most recent call last):
  File "curtailment_scaling.py", line 92, in <module>
    curtailment_scaling(args.i, args.j, args.k)
  File "curtailment_scaling.py", line 47, in curtailment_scaling
    trigger_flow = trigger_flows[sample[k, 0]]
IndexError: only integers, slices (`:`), ellipsis (`...`), numpy.newaxis (`None`) and integer or boolean arrays are valid indices
srun: error: comet-02-52: task 0: Exited with exit code 1
srun: Job step creation temporarily disabled, retrying
srun: Job step created
Traceback (most recent call last):
  File "curtailment_scaling.py", line 92, in <module>
    curtailment_scaling(args.i, args.j, args.k)
  File "curtailment_scaling.py", line 47, in curtailment_scaling
    trigger_flow = trigger_flows[sample[k, 0]]
IndexError: only integers, slices (`:`), ellipsis (`...`), numpy.newaxis (`None`) and integer or boolean arrays are valid indices
srun: error: comet-02-25: task 0: Exited with exit code 1
srun: Job step creation temporarily disabled, retrying
srun: Job step created
Traceback (most recent call last):
  File "curtailment_scaling.py", line 92, in <module>
    curtailment_scaling(args.i, args.j, args.k)
  File "curtailment_scaling.py", line 47, in curtailment_scaling
    trigger_flow = trigger_flows[sample[k, 0]]
IndexError: only integers, slices (`:`), ellipsis (`...`), numpy.newaxis (`None`) and integer or boolean arrays are valid indices
srun: error: comet-02-25: task 0: Exited with exit code 1
srun: Job step creation temporarily disabled, retrying
srun: Job step created
Traceback (most recent call last):
  File "curtailment_scaling.py", line 92, in <module>
    curtailment_scaling(args.i, args.j, args.k)
  File "curtailment_scaling.py", line 47, in curtailment_scaling
    trigger_flow = trigger_flows[sample[k, 0]]
IndexError: only integers, slices (`:`), ellipsis (`...`), numpy.newaxis (`None`) and integer or boolean arrays are valid indices
srun: error: comet-02-52: task 0: Exited with exit code 1
Traceback (most recent call last):
  File "curtailment_scaling.py", line 92, in <module>
    curtailment_scaling(args.i, args.j, args.k)
  File "curtailment_scaling.py", line 47, in curtailment_scaling
    trigger_flow = trigger_flows[sample[k, 0]]
IndexError: only integers, slices (`:`), ellipsis (`...`), numpy.newaxis (`None`) and integer or boolean arrays are valid indices
srun: error: comet-02-25: task 0: Exited with exit code 1
srun: Job step creation temporarily disabled, retrying
srun: Job step created
Traceback (most recent call last):
  File "curtailment_scaling.py", line 92, in <module>
    curtailment_scaling(args.i, args.j, args.k)
  File "curtailment_scaling.py", line 47, in curtailment_scaling
    trigger_flow = trigger_flows[sample[k, 0]]
IndexError: only integers, slices (`:`), ellipsis (`...`), numpy.newaxis (`None`) and integer or boolean arrays are valid indices
srun: error: comet-02-52: task 0: Exited with exit code 1
srun: Job step creation temporarily disabled, retrying
srun: Job step created
Traceback (most recent call last):
  File "curtailment_scaling.py", line 92, in <module>
    curtailment_scaling(args.i, args.j, args.k)
  File "curtailment_scaling.py", line 47, in curtailment_scaling
    trigger_flow = trigger_flows[sample[k, 0]]
IndexError: only integers, slices (`:`), ellipsis (`...`), numpy.newaxis (`None`) and integer or boolean arrays are valid indices
srun: error: comet-02-25: task 0: Exited with exit code 1
srun: Job step creation temporarily disabled, retrying
srun: Job step created
Traceback (most recent call last):
  File "curtailment_scaling.py", line 92, in <module>
    curtailment_scaling(args.i, args.j, args.k)
  File "curtailment_scaling.py", line 47, in curtailment_scaling
    trigger_flow = trigger_flows[sample[k, 0]]
IndexError: only integers, slices (`:`), ellipsis (`...`), numpy.newaxis (`None`) and integer or boolean arrays are valid indices
srun: error: comet-02-52: task 0: Exited with exit code 1
srun: Job step creation temporarily disabled, retrying
srun: Job step created
Traceback (most recent call last):
  File "curtailment_scaling.py", line 92, in <module>
    curtailment_scaling(args.i, args.j, args.k)
  File "curtailment_scaling.py", line 47, in curtailment_scaling
    trigger_flow = trigger_flows[sample[k, 0]]
IndexError: only integers, slices (`:`), ellipsis (`...`), numpy.newaxis (`None`) and integer or boolean arrays are valid indices
srun: error: comet-02-25: task 0: Exited with exit code 1
Traceback (most recent call last):
  File "curtailment_scaling.py", line 92, in <module>
    curtailment_scaling(args.i, args.j, args.k)
  File "curtailment_scaling.py", line 47, in curtailment_scaling
    trigger_flow = trigger_flows[sample[k, 0]]
IndexError: only integers, slices (`:`), ellipsis (`...`), numpy.newaxis (`None`) and integer or boolean arrays are valid indices
srun: error: comet-02-52: task 0: Exited with exit code 1
srun: Job step creation temporarily disabled, retrying
srun: Job step created
Traceback (most recent call last):
  File "curtailment_scaling.py", line 92, in <module>
    curtailment_scaling(args.i, args.j, args.k)
  File "curtailment_scaling.py", line 47, in curtailment_scaling
    trigger_flow = trigger_flows[sample[k, 0]]
IndexError: only integers, slices (`:`), ellipsis (`...`), numpy.newaxis (`None`) and integer or boolean arrays are valid indices
srun: error: comet-02-25: task 0: Exited with exit code 1
Traceback (most recent call last):
  File "curtailment_scaling.py", line 92, in <module>
    curtailment_scaling(args.i, args.j, args.k)
  File "curtailment_scaling.py", line 47, in curtailment_scaling
    trigger_flow = trigger_flows[sample[k, 0]]
IndexError: only integers, slices (`:`), ellipsis (`...`), numpy.newaxis (`None`) and integer or boolean arrays are valid indices
srun: error: comet-02-52: task 0: Exited with exit code 1
Traceback (most recent call last):
  File "curtailment_scaling.py", line 92, in <module>
    curtailment_scaling(args.i, args.j, args.k)
  File "curtailment_scaling.py", line 47, in curtailment_scaling
    trigger_flow = trigger_flows[sample[k, 0]]
IndexError: only integers, slices (`:`), ellipsis (`...`), numpy.newaxis (`None`) and integer or boolean arrays are valid indices
srun: error: comet-02-25: task 0: Exited with exit code 1
srun: Job step creation temporarily disabled, retrying
srun: Job step created
Traceback (most recent call last):
  File "curtailment_scaling.py", line 92, in <module>
    curtailment_scaling(args.i, args.j, args.k)
  File "curtailment_scaling.py", line 47, in curtailment_scaling
    trigger_flow = trigger_flows[sample[k, 0]]
IndexError: only integers, slices (`:`), ellipsis (`...`), numpy.newaxis (`None`) and integer or boolean arrays are valid indices
srun: error: comet-02-52: task 0: Exited with exit code 1
srun: Job step creation temporarily disabled, retrying
srun: Job step created
Traceback (most recent call last):
  File "curtailment_scaling.py", line 92, in <module>
    curtailment_scaling(args.i, args.j, args.k)
  File "curtailment_scaling.py", line 47, in curtailment_scaling
    trigger_flow = trigger_flows[sample[k, 0]]
IndexError: only integers, slices (`:`), ellipsis (`...`), numpy.newaxis (`None`) and integer or boolean arrays are valid indices
srun: error: comet-02-25: task 0: Exited with exit code 1
srun: Job step creation temporarily disabled, retrying
srun: Job step created
Traceback (most recent call last):
  File "curtailment_scaling.py", line 92, in <module>
    curtailment_scaling(args.i, args.j, args.k)
  File "curtailment_scaling.py", line 47, in curtailment_scaling
    trigger_flow = trigger_flows[sample[k, 0]]
IndexError: only integers, slices (`:`), ellipsis (`...`), numpy.newaxis (`None`) and integer or boolean arrays are valid indices
srun: error: comet-02-52: task 0: Exited with exit code 1
srun: Job step creation temporarily disabled, retrying
srun: Job step created
Traceback (most recent call last):
  File "curtailment_scaling.py", line 92, in <module>
    curtailment_scaling(args.i, args.j, args.k)
  File "curtailment_scaling.py", line 47, in curtailment_scaling
    trigger_flow = trigger_flows[sample[k, 0]]
IndexError: only integers, slices (`:`), ellipsis (`...`), numpy.newaxis (`None`) and integer or boolean arrays are valid indices
srun: error: comet-02-25: task 0: Exited with exit code 1
Traceback (most recent call last):
  File "curtailment_scaling.py", line 92, in <module>
    curtailment_scaling(args.i, args.j, args.k)
  File "curtailment_scaling.py", line 47, in curtailment_scaling
    trigger_flow = trigger_flows[sample[k, 0]]
IndexError: only integers, slices (`:`), ellipsis (`...`), numpy.newaxis (`None`) and integer or boolean arrays are valid indices
srun: error: comet-02-52: task 0: Exited with exit code 1
srun: Job step creation temporarily disabled, retrying
srun: Job step created
Traceback (most recent call last):
  File "curtailment_scaling.py", line 92, in <module>
    curtailment_scaling(args.i, args.j, args.k)
  File "curtailment_scaling.py", line 47, in curtailment_scaling
    trigger_flow = trigger_flows[sample[k, 0]]
IndexError: only integers, slices (`:`), ellipsis (`...`), numpy.newaxis (`None`) and integer or boolean arrays are valid indices
srun: error: comet-02-25: task 0: Exited with exit code 1
srun: Job step creation temporarily disabled, retrying
srun: Job step created
Traceback (most recent call last):
  File "curtailment_scaling.py", line 92, in <module>
    curtailment_scaling(args.i, args.j, args.k)
  File "curtailment_scaling.py", line 47, in curtailment_scaling
    trigger_flow = trigger_flows[sample[k, 0]]
IndexError: index 27 is out of bounds for axis 0 with size 27
srun: error: comet-02-52: task 0: Exited with exit code 1
srun: Job step creation temporarily disabled, retrying
srun: Job step created
Traceback (most recent call last):
  File "curtailment_scaling.py", line 92, in <module>
    curtailment_scaling(args.i, args.j, args.k)
  File "curtailment_scaling.py", line 47, in curtailment_scaling
    trigger_flow = trigger_flows[sample[k, 0]]
IndexError: only integers, slices (`:`), ellipsis (`...`), numpy.newaxis (`None`) and integer or boolean arrays are valid indices
srun: error: comet-02-25: task 0: Exited with exit code 1
srun: Job step creation temporarily disabled, retrying
srun: Job step created
Traceback (most recent call last):
  File "curtailment_scaling.py", line 92, in <module>
    curtailment_scaling(args.i, args.j, args.k)
  File "curtailment_scaling.py", line 47, in curtailment_scaling
    trigger_flow = trigger_flows[sample[k, 0]]
IndexError: only integers, slices (`:`), ellipsis (`...`), numpy.newaxis (`None`) and integer or boolean arrays are valid indices
srun: error: comet-02-52: task 0: Exited with exit code 1
srun: Job step creation temporarily disabled, retrying
srun: Job step created
Traceback (most recent call last):
  File "curtailment_scaling.py", line 92, in <module>
    curtailment_scaling(args.i, args.j, args.k)
  File "curtailment_scaling.py", line 47, in curtailment_scaling
    trigger_flow = trigger_flows[sample[k, 0]]
IndexError: only integers, slices (`:`), ellipsis (`...`), numpy.newaxis (`None`) and integer or boolean arrays are valid indices
srun: error: comet-02-25: task 0: Exited with exit code 1
srun: Job step creation temporarily disabled, retrying
srun: Job step created
Traceback (most recent call last):
  File "curtailment_scaling.py", line 92, in <module>
    curtailment_scaling(args.i, args.j, args.k)
  File "curtailment_scaling.py", line 47, in curtailment_scaling
    trigger_flow = trigger_flows[sample[k, 0]]
IndexError: only integers, slices (`:`), ellipsis (`...`), numpy.newaxis (`None`) and integer or boolean arrays are valid indices
srun: error: comet-02-52: task 0: Exited with exit code 1
srun: Job step creation temporarily disabled, retrying
srun: Job step created
Traceback (most recent call last):
  File "curtailment_scaling.py", line 92, in <module>
    curtailment_scaling(args.i, args.j, args.k)
  File "curtailment_scaling.py", line 47, in curtailment_scaling
    trigger_flow = trigger_flows[sample[k, 0]]
IndexError: only integers, slices (`:`), ellipsis (`...`), numpy.newaxis (`None`) and integer or boolean arrays are valid indices
srun: error: comet-02-25: task 0: Exited with exit code 1
srun: Job step creation temporarily disabled, retrying
srun: Job step created
Traceback (most recent call last):
  File "curtailment_scaling.py", line 92, in <module>
    curtailment_scaling(args.i, args.j, args.k)
  File "curtailment_scaling.py", line 47, in curtailment_scaling
    trigger_flow = trigger_flows[sample[k, 0]]
IndexError: only integers, slices (`:`), ellipsis (`...`), numpy.newaxis (`None`) and integer or boolean arrays are valid indices
srun: error: comet-02-52: task 0: Exited with exit code 1
srun: Job step creation temporarily disabled, retrying
srun: Job step created
Traceback (most recent call last):
  File "curtailment_scaling.py", line 92, in <module>
    curtailment_scaling(args.i, args.j, args.k)
  File "curtailment_scaling.py", line 47, in curtailment_scaling
    trigger_flow = trigger_flows[sample[k, 0]]
IndexError: only integers, slices (`:`), ellipsis (`...`), numpy.newaxis (`None`) and integer or boolean arrays are valid indices
srun: error: comet-02-25: task 0: Exited with exit code 1
Traceback (most recent call last):
  File "curtailment_scaling.py", line 92, in <module>
    curtailment_scaling(args.i, args.j, args.k)
  File "curtailment_scaling.py", line 47, in curtailment_scaling
    trigger_flow = trigger_flows[sample[k, 0]]
IndexError: only integers, slices (`:`), ellipsis (`...`), numpy.newaxis (`None`) and integer or boolean arrays are valid indices
srun: error: comet-02-52: task 0: Exited with exit code 1
srun: Job step creation temporarily disabled, retrying
srun: Job step created
Traceback (most recent call last):
  File "curtailment_scaling.py", line 92, in <module>
    curtailment_scaling(args.i, args.j, args.k)
  File "curtailment_scaling.py", line 47, in curtailment_scaling
    trigger_flow = trigger_flows[sample[k, 0]]
IndexError: only integers, slices (`:`), ellipsis (`...`), numpy.newaxis (`None`) and integer or boolean arrays are valid indices
srun: error: comet-02-25: task 0: Exited with exit code 1
srun: Job step creation temporarily disabled, retrying
srun: Job step created
Traceback (most recent call last):
  File "curtailment_scaling.py", line 92, in <module>
    curtailment_scaling(args.i, args.j, args.k)
  File "curtailment_scaling.py", line 47, in curtailment_scaling
    trigger_flow = trigger_flows[sample[k, 0]]
IndexError: only integers, slices (`:`), ellipsis (`...`), numpy.newaxis (`None`) and integer or boolean arrays are valid indices
srun: error: comet-02-25: task 0: Exited with exit code 1
srun: Job step creation temporarily disabled, retrying
srun: Job step created
Traceback (most recent call last):
  File "curtailment_scaling.py", line 92, in <module>
    curtailment_scaling(args.i, args.j, args.k)
  File "curtailment_scaling.py", line 47, in curtailment_scaling
    trigger_flow = trigger_flows[sample[k, 0]]
IndexError: only integers, slices (`:`), ellipsis (`...`), numpy.newaxis (`None`) and integer or boolean arrays are valid indices
srun: error: comet-02-52: task 0: Exited with exit code 1
srun: Job step creation temporarily disabled, retrying
srun: Job step created
Traceback (most recent call last):
  File "curtailment_scaling.py", line 92, in <module>
    curtailment_scaling(args.i, args.j, args.k)
  File "curtailment_scaling.py", line 47, in curtailment_scaling
    trigger_flow = trigger_flows[sample[k, 0]]
IndexError: only integers, slices (`:`), ellipsis (`...`), numpy.newaxis (`None`) and integer or boolean arrays are valid indices
srun: error: comet-02-25: task 0: Exited with exit code 1
srun: Job step creation temporarily disabled, retrying
srun: Job step created
Traceback (most recent call last):
  File "curtailment_scaling.py", line 92, in <module>
    curtailment_scaling(args.i, args.j, args.k)
  File "curtailment_scaling.py", line 47, in curtailment_scaling
    trigger_flow = trigger_flows[sample[k, 0]]
IndexError: only integers, slices (`:`), ellipsis (`...`), numpy.newaxis (`None`) and integer or boolean arrays are valid indices
srun: error: comet-02-52: task 0: Exited with exit code 1
Traceback (most recent call last):
  File "curtailment_scaling.py", line 92, in <module>
    curtailment_scaling(args.i, args.j, args.k)
  File "curtailment_scaling.py", line 47, in curtailment_scaling
    trigger_flow = trigger_flows[sample[k, 0]]
IndexError: only integers, slices (`:`), ellipsis (`...`), numpy.newaxis (`None`) and integer or boolean arrays are valid indices
srun: error: comet-02-25: task 0: Exited with exit code 1
srun: Job step creation temporarily disabled, retrying
srun: Job step created
Traceback (most recent call last):
  File "curtailment_scaling.py", line 92, in <module>
    curtailment_scaling(args.i, args.j, args.k)
  File "curtailment_scaling.py", line 47, in curtailment_scaling
    trigger_flow = trigger_flows[sample[k, 0]]
IndexError: only integers, slices (`:`), ellipsis (`...`), numpy.newaxis (`None`) and integer or boolean arrays are valid indices
srun: error: comet-02-52: task 0: Exited with exit code 1
srun: Job step creation temporarily disabled, retrying
srun: Job step created
Traceback (most recent call last):
  File "curtailment_scaling.py", line 92, in <module>
    curtailment_scaling(args.i, args.j, args.k)
  File "curtailment_scaling.py", line 47, in curtailment_scaling
    trigger_flow = trigger_flows[sample[k, 0]]
IndexError: only integers, slices (`:`), ellipsis (`...`), numpy.newaxis (`None`) and integer or boolean arrays are valid indices
srun: error: comet-02-25: task 0: Exited with exit code 1
srun: Job step creation temporarily disabled, retrying
srun: Job step created
Traceback (most recent call last):
  File "curtailment_scaling.py", line 92, in <module>
    curtailment_scaling(args.i, args.j, args.k)
  File "curtailment_scaling.py", line 47, in curtailment_scaling
    trigger_flow = trigger_flows[sample[k, 0]]
IndexError: only integers, slices (`:`), ellipsis (`...`), numpy.newaxis (`None`) and integer or boolean arrays are valid indices
srun: error: comet-02-52: task 0: Exited with exit code 1
srun: Job step creation temporarily disabled, retrying
srun: Job step created
Traceback (most recent call last):
  File "curtailment_scaling.py", line 92, in <module>
    curtailment_scaling(args.i, args.j, args.k)
  File "curtailment_scaling.py", line 47, in curtailment_scaling
    trigger_flow = trigger_flows[sample[k, 0]]
IndexError: only integers, slices (`:`), ellipsis (`...`), numpy.newaxis (`None`) and integer or boolean arrays are valid indices
srun: error: comet-02-25: task 0: Exited with exit code 1
srun: Job step creation temporarily disabled, retrying
srun: Job step created
Traceback (most recent call last):
  File "curtailment_scaling.py", line 92, in <module>
    curtailment_scaling(args.i, args.j, args.k)
  File "curtailment_scaling.py", line 47, in curtailment_scaling
    trigger_flow = trigger_flows[sample[k, 0]]
IndexError: only integers, slices (`:`), ellipsis (`...`), numpy.newaxis (`None`) and integer or boolean arrays are valid indices
srun: error: comet-02-52: task 0: Exited with exit code 1
srun: Job step creation temporarily disabled, retrying
srun: Job step created
Traceback (most recent call last):
  File "curtailment_scaling.py", line 92, in <module>
    curtailment_scaling(args.i, args.j, args.k)
  File "curtailment_scaling.py", line 47, in curtailment_scaling
    trigger_flow = trigger_flows[sample[k, 0]]
IndexError: only integers, slices (`:`), ellipsis (`...`), numpy.newaxis (`None`) and integer or boolean arrays are valid indices
srun: error: comet-02-25: task 0: Exited with exit code 1
Traceback (most recent call last):
  File "curtailment_scaling.py", line 92, in <module>
    curtailment_scaling(args.i, args.j, args.k)
  File "curtailment_scaling.py", line 47, in curtailment_scaling
    trigger_flow = trigger_flows[sample[k, 0]]
IndexError: only integers, slices (`:`), ellipsis (`...`), numpy.newaxis (`None`) and integer or boolean arrays are valid indices
srun: error: comet-02-52: task 0: Exited with exit code 1
srun: Job step creation temporarily disabled, retrying
srun: Job step created
Traceback (most recent call last):
  File "curtailment_scaling.py", line 92, in <module>
    curtailment_scaling(args.i, args.j, args.k)
  File "curtailment_scaling.py", line 47, in curtailment_scaling
    trigger_flow = trigger_flows[sample[k, 0]]
IndexError: only integers, slices (`:`), ellipsis (`...`), numpy.newaxis (`None`) and integer or boolean arrays are valid indices
srun: error: comet-02-25: task 0: Exited with exit code 1
srun: Job step creation temporarily disabled, retrying
srun: Job step created
Traceback (most recent call last):
  File "curtailment_scaling.py", line 92, in <module>
    curtailment_scaling(args.i, args.j, args.k)
  File "curtailment_scaling.py", line 47, in curtailment_scaling
    trigger_flow = trigger_flows[sample[k, 0]]
IndexError: only integers, slices (`:`), ellipsis (`...`), numpy.newaxis (`None`) and integer or boolean arrays are valid indices
srun: error: comet-02-52: task 0: Exited with exit code 1
Traceback (most recent call last):
  File "curtailment_scaling.py", line 92, in <module>
    curtailment_scaling(args.i, args.j, args.k)
  File "curtailment_scaling.py", line 47, in curtailment_scaling
    trigger_flow = trigger_flows[sample[k, 0]]
IndexError: only integers, slices (`:`), ellipsis (`...`), numpy.newaxis (`None`) and integer or boolean arrays are valid indices
srun: error: comet-02-25: task 0: Exited with exit code 1
srun: Job step creation temporarily disabled, retrying
srun: Job step created
Traceback (most recent call last):
  File "curtailment_scaling.py", line 92, in <module>
    curtailment_scaling(args.i, args.j, args.k)
  File "curtailment_scaling.py", line 47, in curtailment_scaling
    trigger_flow = trigger_flows[sample[k, 0]]
IndexError: only integers, slices (`:`), ellipsis (`...`), numpy.newaxis (`None`) and integer or boolean arrays are valid indices
srun: error: comet-02-52: task 0: Exited with exit code 1
Traceback (most recent call last):
  File "curtailment_scaling.py", line 92, in <module>
    curtailment_scaling(args.i, args.j, args.k)
  File "curtailment_scaling.py", line 47, in curtailment_scaling
    trigger_flow = trigger_flows[sample[k, 0]]
IndexError: index 27 is out of bounds for axis 0 with size 27
srun: error: comet-02-25: task 0: Exited with exit code 1
srun: Job step creation temporarily disabled, retrying
srun: Job step created
Traceback (most recent call last):
  File "curtailment_scaling.py", line 92, in <module>
    curtailment_scaling(args.i, args.j, args.k)
  File "curtailment_scaling.py", line 47, in curtailment_scaling
    trigger_flow = trigger_flows[sample[k, 0]]
IndexError: only integers, slices (`:`), ellipsis (`...`), numpy.newaxis (`None`) and integer or boolean arrays are valid indices
srun: error: comet-02-52: task 0: Exited with exit code 1
srun: Job step creation temporarily disabled, retrying
srun: Job step created
Traceback (most recent call last):
  File "curtailment_scaling.py", line 92, in <module>
    curtailment_scaling(args.i, args.j, args.k)
  File "curtailment_scaling.py", line 47, in curtailment_scaling
    trigger_flow = trigger_flows[sample[k, 0]]
IndexError: only integers, slices (`:`), ellipsis (`...`), numpy.newaxis (`None`) and integer or boolean arrays are valid indices
srun: error: comet-02-25: task 0: Exited with exit code 1
Traceback (most recent call last):
  File "curtailment_scaling.py", line 92, in <module>
    curtailment_scaling(args.i, args.j, args.k)
  File "curtailment_scaling.py", line 47, in curtailment_scaling
    trigger_flow = trigger_flows[sample[k, 0]]
IndexError: only integers, slices (`:`), ellipsis (`...`), numpy.newaxis (`None`) and integer or boolean arrays are valid indices
srun: error: comet-02-52: task 0: Exited with exit code 1
srun: Job step creation temporarily disabled, retrying
srun: Job step created
Traceback (most recent call last):
  File "curtailment_scaling.py", line 92, in <module>
    curtailment_scaling(args.i, args.j, args.k)
  File "curtailment_scaling.py", line 47, in curtailment_scaling
    trigger_flow = trigger_flows[sample[k, 0]]
IndexError: only integers, slices (`:`), ellipsis (`...`), numpy.newaxis (`None`) and integer or boolean arrays are valid indices
srun: error: comet-02-25: task 0: Exited with exit code 1
srun: Job step creation temporarily disabled, retrying
srun: Job step created
Traceback (most recent call last):
  File "curtailment_scaling.py", line 92, in <module>
    curtailment_scaling(args.i, args.j, args.k)
  File "curtailment_scaling.py", line 47, in curtailment_scaling
    trigger_flow = trigger_flows[sample[k, 0]]
IndexError: only integers, slices (`:`), ellipsis (`...`), numpy.newaxis (`None`) and integer or boolean arrays are valid indices
srun: error: comet-02-52: task 0: Exited with exit code 1
srun: Job step creation temporarily disabled, retrying
srun: Job step created
Traceback (most recent call last):
  File "curtailment_scaling.py", line 92, in <module>
    curtailment_scaling(args.i, args.j, args.k)
  File "curtailment_scaling.py", line 47, in curtailment_scaling
    trigger_flow = trigger_flows[sample[k, 0]]
IndexError: only integers, slices (`:`), ellipsis (`...`), numpy.newaxis (`None`) and integer or boolean arrays are valid indices
srun: error: comet-02-25: task 0: Exited with exit code 1
srun: Job step creation temporarily disabled, retrying
srun: Job step created
Traceback (most recent call last):
  File "curtailment_scaling.py", line 92, in <module>
    curtailment_scaling(args.i, args.j, args.k)
  File "curtailment_scaling.py", line 47, in curtailment_scaling
    trigger_flow = trigger_flows[sample[k, 0]]
IndexError: only integers, slices (`:`), ellipsis (`...`), numpy.newaxis (`None`) and integer or boolean arrays are valid indices
srun: error: comet-02-52: task 0: Exited with exit code 1
srun: Job step creation temporarily disabled, retrying
srun: Job step created
Traceback (most recent call last):
  File "curtailment_scaling.py", line 92, in <module>
    curtailment_scaling(args.i, args.j, args.k)
  File "curtailment_scaling.py", line 47, in curtailment_scaling
    trigger_flow = trigger_flows[sample[k, 0]]
IndexError: only integers, slices (`:`), ellipsis (`...`), numpy.newaxis (`None`) and integer or boolean arrays are valid indices
srun: error: comet-02-25: task 0: Exited with exit code 1
srun: Job step creation temporarily disabled, retrying
srun: Job step created
Traceback (most recent call last):
  File "curtailment_scaling.py", line 92, in <module>
    curtailment_scaling(args.i, args.j, args.k)
  File "curtailment_scaling.py", line 47, in curtailment_scaling
    trigger_flow = trigger_flows[sample[k, 0]]
IndexError: only integers, slices (`:`), ellipsis (`...`), numpy.newaxis (`None`) and integer or boolean arrays are valid indices
srun: error: comet-02-25: task 0: Exited with exit code 1
srun: Job step creation temporarily disabled, retrying
srun: Job step created
Traceback (most recent call last):
  File "curtailment_scaling.py", line 92, in <module>
    curtailment_scaling(args.i, args.j, args.k)
  File "curtailment_scaling.py", line 47, in curtailment_scaling
    trigger_flow = trigger_flows[sample[k, 0]]
IndexError: only integers, slices (`:`), ellipsis (`...`), numpy.newaxis (`None`) and integer or boolean arrays are valid indices
srun: error: comet-02-52: task 0: Exited with exit code 1
srun: Job step creation temporarily disabled, retrying
srun: Job step created
Traceback (most recent call last):
  File "curtailment_scaling.py", line 92, in <module>
    curtailment_scaling(args.i, args.j, args.k)
  File "curtailment_scaling.py", line 47, in curtailment_scaling
    trigger_flow = trigger_flows[sample[k, 0]]
IndexError: only integers, slices (`:`), ellipsis (`...`), numpy.newaxis (`None`) and integer or boolean arrays are valid indices
srun: error: comet-02-25: task 0: Exited with exit code 1
srun: Job step creation temporarily disabled, retrying
srun: Job step created
Traceback (most recent call last):
  File "curtailment_scaling.py", line 92, in <module>
    curtailment_scaling(args.i, args.j, args.k)
  File "curtailment_scaling.py", line 47, in curtailment_scaling
    trigger_flow = trigger_flows[sample[k, 0]]
IndexError: only integers, slices (`:`), ellipsis (`...`), numpy.newaxis (`None`) and integer or boolean arrays are valid indices
srun: error: comet-02-52: task 0: Exited with exit code 1
Traceback (most recent call last):
  File "curtailment_scaling.py", line 92, in <module>
    curtailment_scaling(args.i, args.j, args.k)
  File "curtailment_scaling.py", line 47, in curtailment_scaling
    trigger_flow = trigger_flows[sample[k, 0]]
IndexError: only integers, slices (`:`), ellipsis (`...`), numpy.newaxis (`None`) and integer or boolean arrays are valid indices
srun: error: comet-02-25: task 0: Exited with exit code 1
srun: Job step creation temporarily disabled, retrying
srun: Job step created
Traceback (most recent call last):
  File "curtailment_scaling.py", line 92, in <module>
    curtailment_scaling(args.i, args.j, args.k)
  File "curtailment_scaling.py", line 47, in curtailment_scaling
    trigger_flow = trigger_flows[sample[k, 0]]
IndexError: only integers, slices (`:`), ellipsis (`...`), numpy.newaxis (`None`) and integer or boolean arrays are valid indices
srun: error: comet-02-52: task 0: Exited with exit code 1
srun: Job step creation temporarily disabled, retrying
srun: Job step created
Traceback (most recent call last):
  File "curtailment_scaling.py", line 92, in <module>
    curtailment_scaling(args.i, args.j, args.k)
  File "curtailment_scaling.py", line 47, in curtailment_scaling
    trigger_flow = trigger_flows[sample[k, 0]]
IndexError: only integers, slices (`:`), ellipsis (`...`), numpy.newaxis (`None`) and integer or boolean arrays are valid indices
srun: error: comet-02-25: task 0: Exited with exit code 1
srun: Job step creation temporarily disabled, retrying
srun: Job step created
Traceback (most recent call last):
  File "curtailment_scaling.py", line 92, in <module>
    curtailment_scaling(args.i, args.j, args.k)
  File "curtailment_scaling.py", line 47, in curtailment_scaling
    trigger_flow = trigger_flows[sample[k, 0]]
IndexError: only integers, slices (`:`), ellipsis (`...`), numpy.newaxis (`None`) and integer or boolean arrays are valid indices
srun: error: comet-02-52: task 0: Exited with exit code 1
srun: Job step creation temporarily disabled, retrying
srun: Job step created
Traceback (most recent call last):
  File "curtailment_scaling.py", line 92, in <module>
    curtailment_scaling(args.i, args.j, args.k)
  File "curtailment_scaling.py", line 47, in curtailment_scaling
    trigger_flow = trigger_flows[sample[k, 0]]
IndexError: only integers, slices (`:`), ellipsis (`...`), numpy.newaxis (`None`) and integer or boolean arrays are valid indices
srun: error: comet-02-25: task 0: Exited with exit code 1
srun: Job step creation temporarily disabled, retrying
srun: Job step created
Traceback (most recent call last):
  File "curtailment_scaling.py", line 92, in <module>
    curtailment_scaling(args.i, args.j, args.k)
  File "curtailment_scaling.py", line 47, in curtailment_scaling
    trigger_flow = trigger_flows[sample[k, 0]]
IndexError: only integers, slices (`:`), ellipsis (`...`), numpy.newaxis (`None`) and integer or boolean arrays are valid indices
srun: error: comet-02-52: task 0: Exited with exit code 1
Traceback (most recent call last):
  File "curtailment_scaling.py", line 92, in <module>
    curtailment_scaling(args.i, args.j, args.k)
  File "curtailment_scaling.py", line 47, in curtailment_scaling
    trigger_flow = trigger_flows[sample[k, 0]]
IndexError: only integers, slices (`:`), ellipsis (`...`), numpy.newaxis (`None`) and integer or boolean arrays are valid indices
srun: error: comet-02-25: task 0: Exited with exit code 1
srun: Job step creation temporarily disabled, retrying
srun: Job step created
Traceback (most recent call last):
  File "curtailment_scaling.py", line 92, in <module>
    curtailment_scaling(args.i, args.j, args.k)
  File "curtailment_scaling.py", line 47, in curtailment_scaling
    trigger_flow = trigger_flows[sample[k, 0]]
IndexError: only integers, slices (`:`), ellipsis (`...`), numpy.newaxis (`None`) and integer or boolean arrays are valid indices
srun: error: comet-02-52: task 0: Exited with exit code 1
Traceback (most recent call last):
  File "curtailment_scaling.py", line 92, in <module>
    curtailment_scaling(args.i, args.j, args.k)
  File "curtailment_scaling.py", line 47, in curtailment_scaling
    trigger_flow = trigger_flows[sample[k, 0]]
IndexError: only integers, slices (`:`), ellipsis (`...`), numpy.newaxis (`None`) and integer or boolean arrays are valid indices
srun: error: comet-02-25: task 0: Exited with exit code 1
srun: Job step creation temporarily disabled, retrying
srun: Job step created
Traceback (most recent call last):
  File "curtailment_scaling.py", line 92, in <module>
    curtailment_scaling(args.i, args.j, args.k)
  File "curtailment_scaling.py", line 47, in curtailment_scaling
    trigger_flow = trigger_flows[sample[k, 0]]
IndexError: only integers, slices (`:`), ellipsis (`...`), numpy.newaxis (`None`) and integer or boolean arrays are valid indices
srun: error: comet-02-52: task 0: Exited with exit code 1
srun: Job step creation temporarily disabled, retrying
srun: Job step created
Traceback (most recent call last):
  File "curtailment_scaling.py", line 92, in <module>
    curtailment_scaling(args.i, args.j, args.k)
  File "curtailment_scaling.py", line 47, in curtailment_scaling
    trigger_flow = trigger_flows[sample[k, 0]]
IndexError: only integers, slices (`:`), ellipsis (`...`), numpy.newaxis (`None`) and integer or boolean arrays are valid indices
srun: error: comet-02-25: task 0: Exited with exit code 1
srun: Job step creation temporarily disabled, retrying
srun: Job step created
Traceback (most recent call last):
  File "curtailment_scaling.py", line 92, in <module>
    curtailment_scaling(args.i, args.j, args.k)
  File "curtailment_scaling.py", line 47, in curtailment_scaling
    trigger_flow = trigger_flows[sample[k, 0]]
IndexError: only integers, slices (`:`), ellipsis (`...`), numpy.newaxis (`None`) and integer or boolean arrays are valid indices
srun: error: comet-02-52: task 0: Exited with exit code 1
srun: Job step creation temporarily disabled, retrying
srun: Job step created
Traceback (most recent call last):
  File "curtailment_scaling.py", line 92, in <module>
    curtailment_scaling(args.i, args.j, args.k)
  File "curtailment_scaling.py", line 47, in curtailment_scaling
    trigger_flow = trigger_flows[sample[k, 0]]
IndexError: only integers, slices (`:`), ellipsis (`...`), numpy.newaxis (`None`) and integer or boolean arrays are valid indices
srun: error: comet-02-25: task 0: Exited with exit code 1
srun: Job step creation temporarily disabled, retrying
srun: Job step created
Traceback (most recent call last):
  File "curtailment_scaling.py", line 92, in <module>
    curtailment_scaling(args.i, args.j, args.k)
  File "curtailment_scaling.py", line 47, in curtailment_scaling
    trigger_flow = trigger_flows[sample[k, 0]]
IndexError: only integers, slices (`:`), ellipsis (`...`), numpy.newaxis (`None`) and integer or boolean arrays are valid indices
srun: error: comet-02-52: task 0: Exited with exit code 1
srun: Job step creation temporarily disabled, retrying
srun: Job step created
Traceback (most recent call last):
  File "curtailment_scaling.py", line 92, in <module>
    curtailment_scaling(args.i, args.j, args.k)
  File "curtailment_scaling.py", line 47, in curtailment_scaling
    trigger_flow = trigger_flows[sample[k, 0]]
IndexError: only integers, slices (`:`), ellipsis (`...`), numpy.newaxis (`None`) and integer or boolean arrays are valid indices
srun: error: comet-02-25: task 0: Exited with exit code 1
srun: Job step creation temporarily disabled, retrying
srun: Job step created
Traceback (most recent call last):
  File "curtailment_scaling.py", line 92, in <module>
    curtailment_scaling(args.i, args.j, args.k)
  File "curtailment_scaling.py", line 47, in curtailment_scaling
    trigger_flow = trigger_flows[sample[k, 0]]
IndexError: only integers, slices (`:`), ellipsis (`...`), numpy.newaxis (`None`) and integer or boolean arrays are valid indices
srun: error: comet-02-52: task 0: Exited with exit code 1
srun: Job step creation temporarily disabled, retrying
srun: Job step created
Traceback (most recent call last):
  File "curtailment_scaling.py", line 92, in <module>
    curtailment_scaling(args.i, args.j, args.k)
  File "curtailment_scaling.py", line 47, in curtailment_scaling
    trigger_flow = trigger_flows[sample[k, 0]]
IndexError: only integers, slices (`:`), ellipsis (`...`), numpy.newaxis (`None`) and integer or boolean arrays are valid indices
srun: error: comet-02-25: task 0: Exited with exit code 1
Traceback (most recent call last):
  File "curtailment_scaling.py", line 92, in <module>
    curtailment_scaling(args.i, args.j, args.k)
  File "curtailment_scaling.py", line 47, in curtailment_scaling
    trigger_flow = trigger_flows[sample[k, 0]]
IndexError: only integers, slices (`:`), ellipsis (`...`), numpy.newaxis (`None`) and integer or boolean arrays are valid indices
srun: error: comet-02-25: task 0: Exited with exit code 1
Traceback (most recent call last):
  File "curtailment_scaling.py", line 92, in <module>
    curtailment_scaling(args.i, args.j, args.k)
  File "curtailment_scaling.py", line 47, in curtailment_scaling
    trigger_flow = trigger_flows[sample[k, 0]]
IndexError: only integers, slices (`:`), ellipsis (`...`), numpy.newaxis (`None`) and integer or boolean arrays are valid indices
srun: error: comet-02-52: task 0: Exited with exit code 1
srun: Job step creation temporarily disabled, retrying
srun: Job step created
Traceback (most recent call last):
  File "curtailment_scaling.py", line 92, in <module>
    curtailment_scaling(args.i, args.j, args.k)
  File "curtailment_scaling.py", line 47, in curtailment_scaling
    trigger_flow = trigger_flows[sample[k, 0]]
IndexError: only integers, slices (`:`), ellipsis (`...`), numpy.newaxis (`None`) and integer or boolean arrays are valid indices
srun: error: comet-02-25: task 0: Exited with exit code 1
srun: Job step creation temporarily disabled, retrying
srun: Job step created
Traceback (most recent call last):
  File "curtailment_scaling.py", line 92, in <module>
    curtailment_scaling(args.i, args.j, args.k)
  File "curtailment_scaling.py", line 47, in curtailment_scaling
    trigger_flow = trigger_flows[sample[k, 0]]
IndexError: only integers, slices (`:`), ellipsis (`...`), numpy.newaxis (`None`) and integer or boolean arrays are valid indices
srun: error: comet-02-52: task 0: Exited with exit code 1
srun: Job step creation temporarily disabled, retrying
srun: Job step created
Traceback (most recent call last):
  File "curtailment_scaling.py", line 92, in <module>
    curtailment_scaling(args.i, args.j, args.k)
  File "curtailment_scaling.py", line 47, in curtailment_scaling
    trigger_flow = trigger_flows[sample[k, 0]]
IndexError: index 27 is out of bounds for axis 0 with size 27
srun: error: comet-02-25: task 0: Exited with exit code 1
srun: Job step creation temporarily disabled, retrying
srun: Job step created
Traceback (most recent call last):
  File "curtailment_scaling.py", line 92, in <module>
    curtailment_scaling(args.i, args.j, args.k)
  File "curtailment_scaling.py", line 47, in curtailment_scaling
    trigger_flow = trigger_flows[sample[k, 0]]
IndexError: only integers, slices (`:`), ellipsis (`...`), numpy.newaxis (`None`) and integer or boolean arrays are valid indices
srun: error: comet-02-52: task 0: Exited with exit code 1
srun: Job step creation temporarily disabled, retrying
srun: Job step created
Traceback (most recent call last):
  File "curtailment_scaling.py", line 92, in <module>
    curtailment_scaling(args.i, args.j, args.k)
  File "curtailment_scaling.py", line 47, in curtailment_scaling
    trigger_flow = trigger_flows[sample[k, 0]]
IndexError: only integers, slices (`:`), ellipsis (`...`), numpy.newaxis (`None`) and integer or boolean arrays are valid indices
srun: error: comet-02-25: task 0: Exited with exit code 1
srun: Job step creation temporarily disabled, retrying
srun: Job step created
Traceback (most recent call last):
  File "curtailment_scaling.py", line 92, in <module>
    curtailment_scaling(args.i, args.j, args.k)
  File "curtailment_scaling.py", line 47, in curtailment_scaling
    trigger_flow = trigger_flows[sample[k, 0]]
IndexError: only integers, slices (`:`), ellipsis (`...`), numpy.newaxis (`None`) and integer or boolean arrays are valid indices
srun: error: comet-02-52: task 0: Exited with exit code 1
Traceback (most recent call last):
  File "curtailment_scaling.py", line 92, in <module>
    curtailment_scaling(args.i, args.j, args.k)
  File "curtailment_scaling.py", line 47, in curtailment_scaling
    trigger_flow = trigger_flows[sample[k, 0]]
IndexError: only integers, slices (`:`), ellipsis (`...`), numpy.newaxis (`None`) and integer or boolean arrays are valid indices
srun: error: comet-02-25: task 0: Exited with exit code 1
srun: Job step creation temporarily disabled, retrying
srun: Job step created
Traceback (most recent call last):
  File "curtailment_scaling.py", line 92, in <module>
    curtailment_scaling(args.i, args.j, args.k)
  File "curtailment_scaling.py", line 47, in curtailment_scaling
    trigger_flow = trigger_flows[sample[k, 0]]
IndexError: only integers, slices (`:`), ellipsis (`...`), numpy.newaxis (`None`) and integer or boolean arrays are valid indices
srun: error: comet-02-52: task 0: Exited with exit code 1
srun: Job step creation temporarily disabled, retrying
srun: Job step created
Traceback (most recent call last):
  File "curtailment_scaling.py", line 92, in <module>
    curtailment_scaling(args.i, args.j, args.k)
  File "curtailment_scaling.py", line 47, in curtailment_scaling
    trigger_flow = trigger_flows[sample[k, 0]]
IndexError: only integers, slices (`:`), ellipsis (`...`), numpy.newaxis (`None`) and integer or boolean arrays are valid indices
srun: error: comet-02-25: task 0: Exited with exit code 1
srun: Job step creation temporarily disabled, retrying
srun: Job step created
Traceback (most recent call last):
  File "curtailment_scaling.py", line 92, in <module>
    curtailment_scaling(args.i, args.j, args.k)
  File "curtailment_scaling.py", line 47, in curtailment_scaling
    trigger_flow = trigger_flows[sample[k, 0]]
IndexError: only integers, slices (`:`), ellipsis (`...`), numpy.newaxis (`None`) and integer or boolean arrays are valid indices
srun: error: comet-02-52: task 0: Exited with exit code 1
srun: Job step creation temporarily disabled, retrying
srun: Job step created
Traceback (most recent call last):
  File "curtailment_scaling.py", line 92, in <module>
    curtailment_scaling(args.i, args.j, args.k)
  File "curtailment_scaling.py", line 47, in curtailment_scaling
    trigger_flow = trigger_flows[sample[k, 0]]
IndexError: index 27 is out of bounds for axis 0 with size 27
srun: error: comet-02-25: task 0: Exited with exit code 1
srun: Job step creation temporarily disabled, retrying
srun: Job step created
Traceback (most recent call last):
  File "curtailment_scaling.py", line 92, in <module>
    curtailment_scaling(args.i, args.j, args.k)
  File "curtailment_scaling.py", line 47, in curtailment_scaling
    trigger_flow = trigger_flows[sample[k, 0]]
IndexError: only integers, slices (`:`), ellipsis (`...`), numpy.newaxis (`None`) and integer or boolean arrays are valid indices
srun: error: comet-02-52: task 0: Exited with exit code 1
srun: Job step creation temporarily disabled, retrying
srun: Job step created
Traceback (most recent call last):
  File "curtailment_scaling.py", line 92, in <module>
    curtailment_scaling(args.i, args.j, args.k)
  File "curtailment_scaling.py", line 47, in curtailment_scaling
    trigger_flow = trigger_flows[sample[k, 0]]
IndexError: only integers, slices (`:`), ellipsis (`...`), numpy.newaxis (`None`) and integer or boolean arrays are valid indices
srun: error: comet-02-25: task 0: Exited with exit code 1
srun: Job step creation temporarily disabled, retrying
srun: Job step created
Traceback (most recent call last):
  File "curtailment_scaling.py", line 92, in <module>
    curtailment_scaling(args.i, args.j, args.k)
  File "curtailment_scaling.py", line 47, in curtailment_scaling
    trigger_flow = trigger_flows[sample[k, 0]]
IndexError: only integers, slices (`:`), ellipsis (`...`), numpy.newaxis (`None`) and integer or boolean arrays are valid indices
srun: error: comet-02-52: task 0: Exited with exit code 1
srun: Job step creation temporarily disabled, retrying
srun: Job step created
Traceback (most recent call last):
  File "curtailment_scaling.py", line 92, in <module>
    curtailment_scaling(args.i, args.j, args.k)
  File "curtailment_scaling.py", line 47, in curtailment_scaling
    trigger_flow = trigger_flows[sample[k, 0]]
IndexError: only integers, slices (`:`), ellipsis (`...`), numpy.newaxis (`None`) and integer or boolean arrays are valid indices
srun: error: comet-02-25: task 0: Exited with exit code 1
srun: Job step creation temporarily disabled, retrying
srun: Job step created
Traceback (most recent call last):
  File "curtailment_scaling.py", line 92, in <module>
    curtailment_scaling(args.i, args.j, args.k)
  File "curtailment_scaling.py", line 47, in curtailment_scaling
    trigger_flow = trigger_flows[sample[k, 0]]
IndexError: only integers, slices (`:`), ellipsis (`...`), numpy.newaxis (`None`) and integer or boolean arrays are valid indices
srun: error: comet-02-52: task 0: Exited with exit code 1
srun: Job step creation temporarily disabled, retrying
srun: Job step created
Traceback (most recent call last):
  File "curtailment_scaling.py", line 92, in <module>
    curtailment_scaling(args.i, args.j, args.k)
  File "curtailment_scaling.py", line 47, in curtailment_scaling
    trigger_flow = trigger_flows[sample[k, 0]]
IndexError: only integers, slices (`:`), ellipsis (`...`), numpy.newaxis (`None`) and integer or boolean arrays are valid indices
srun: error: comet-02-25: task 0: Exited with exit code 1
srun: Job step creation temporarily disabled, retrying
srun: Job step created
Traceback (most recent call last):
  File "curtailment_scaling.py", line 92, in <module>
    curtailment_scaling(args.i, args.j, args.k)
  File "curtailment_scaling.py", line 47, in curtailment_scaling
    trigger_flow = trigger_flows[sample[k, 0]]
IndexError: only integers, slices (`:`), ellipsis (`...`), numpy.newaxis (`None`) and integer or boolean arrays are valid indices
srun: error: comet-02-52: task 0: Exited with exit code 1
srun: Job step creation temporarily disabled, retrying
srun: Job step created
Traceback (most recent call last):
  File "curtailment_scaling.py", line 92, in <module>
    curtailment_scaling(args.i, args.j, args.k)
  File "curtailment_scaling.py", line 47, in curtailment_scaling
    trigger_flow = trigger_flows[sample[k, 0]]
IndexError: only integers, slices (`:`), ellipsis (`...`), numpy.newaxis (`None`) and integer or boolean arrays are valid indices
srun: error: comet-02-25: task 0: Exited with exit code 1
srun: Job step creation temporarily disabled, retrying
srun: Job step created
Traceback (most recent call last):
  File "curtailment_scaling.py", line 92, in <module>
    curtailment_scaling(args.i, args.j, args.k)
  File "curtailment_scaling.py", line 47, in curtailment_scaling
    trigger_flow = trigger_flows[sample[k, 0]]
IndexError: only integers, slices (`:`), ellipsis (`...`), numpy.newaxis (`None`) and integer or boolean arrays are valid indices
srun: error: comet-02-52: task 0: Exited with exit code 1
srun: Job step creation temporarily disabled, retrying
srun: Job step created
Traceback (most recent call last):
  File "curtailment_scaling.py", line 92, in <module>
    curtailment_scaling(args.i, args.j, args.k)
  File "curtailment_scaling.py", line 47, in curtailment_scaling
    trigger_flow = trigger_flows[sample[k, 0]]
IndexError: only integers, slices (`:`), ellipsis (`...`), numpy.newaxis (`None`) and integer or boolean arrays are valid indices
srun: error: comet-02-25: task 0: Exited with exit code 1
srun: Job step creation temporarily disabled, retrying
srun: Job step created
Traceback (most recent call last):
  File "curtailment_scaling.py", line 92, in <module>
    curtailment_scaling(args.i, args.j, args.k)
  File "curtailment_scaling.py", line 47, in curtailment_scaling
    trigger_flow = trigger_flows[sample[k, 0]]
IndexError: only integers, slices (`:`), ellipsis (`...`), numpy.newaxis (`None`) and integer or boolean arrays are valid indices
srun: error: comet-02-52: task 0: Exited with exit code 1
srun: Job step creation temporarily disabled, retrying
srun: Job step created
Traceback (most recent call last):
  File "curtailment_scaling.py", line 92, in <module>
    curtailment_scaling(args.i, args.j, args.k)
  File "curtailment_scaling.py", line 47, in curtailment_scaling
    trigger_flow = trigger_flows[sample[k, 0]]
IndexError: only integers, slices (`:`), ellipsis (`...`), numpy.newaxis (`None`) and integer or boolean arrays are valid indices
srun: error: comet-02-25: task 0: Exited with exit code 1
srun: Job step creation temporarily disabled, retrying
srun: Job step created
Traceback (most recent call last):
  File "curtailment_scaling.py", line 92, in <module>
    curtailment_scaling(args.i, args.j, args.k)
  File "curtailment_scaling.py", line 47, in curtailment_scaling
    trigger_flow = trigger_flows[sample[k, 0]]
IndexError: only integers, slices (`:`), ellipsis (`...`), numpy.newaxis (`None`) and integer or boolean arrays are valid indices
srun: error: comet-02-52: task 0: Exited with exit code 1
srun: Job step creation temporarily disabled, retrying
srun: Job step created
Traceback (most recent call last):
  File "curtailment_scaling.py", line 92, in <module>
    curtailment_scaling(args.i, args.j, args.k)
  File "curtailment_scaling.py", line 47, in curtailment_scaling
    trigger_flow = trigger_flows[sample[k, 0]]
IndexError: only integers, slices (`:`), ellipsis (`...`), numpy.newaxis (`None`) and integer or boolean arrays are valid indices
srun: error: comet-02-25: task 0: Exited with exit code 1
srun: Job step creation temporarily disabled, retrying
srun: Job step created
Traceback (most recent call last):
  File "curtailment_scaling.py", line 92, in <module>
    curtailment_scaling(args.i, args.j, args.k)
  File "curtailment_scaling.py", line 47, in curtailment_scaling
    trigger_flow = trigger_flows[sample[k, 0]]
IndexError: only integers, slices (`:`), ellipsis (`...`), numpy.newaxis (`None`) and integer or boolean arrays are valid indices
srun: error: comet-02-52: task 0: Exited with exit code 1
srun: Job step creation temporarily disabled, retrying
srun: Job step created
Traceback (most recent call last):
  File "curtailment_scaling.py", line 92, in <module>
    curtailment_scaling(args.i, args.j, args.k)
  File "curtailment_scaling.py", line 47, in curtailment_scaling
    trigger_flow = trigger_flows[sample[k, 0]]
IndexError: only integers, slices (`:`), ellipsis (`...`), numpy.newaxis (`None`) and integer or boolean arrays are valid indices
srun: error: comet-02-25: task 0: Exited with exit code 1
srun: Job step creation temporarily disabled, retrying
srun: Job step created
Traceback (most recent call last):
  File "curtailment_scaling.py", line 92, in <module>
    curtailment_scaling(args.i, args.j, args.k)
  File "curtailment_scaling.py", line 47, in curtailment_scaling
    trigger_flow = trigger_flows[sample[k, 0]]
IndexError: only integers, slices (`:`), ellipsis (`...`), numpy.newaxis (`None`) and integer or boolean arrays are valid indices
srun: error: comet-02-52: task 0: Exited with exit code 1
srun: Job step creation temporarily disabled, retrying
srun: Job step created
Traceback (most recent call last):
  File "curtailment_scaling.py", line 92, in <module>
    curtailment_scaling(args.i, args.j, args.k)
  File "curtailment_scaling.py", line 47, in curtailment_scaling
    trigger_flow = trigger_flows[sample[k, 0]]
IndexError: only integers, slices (`:`), ellipsis (`...`), numpy.newaxis (`None`) and integer or boolean arrays are valid indices
srun: error: comet-02-25: task 0: Exited with exit code 1
srun: Job step creation temporarily disabled, retrying
srun: Job step created
Traceback (most recent call last):
  File "curtailment_scaling.py", line 92, in <module>
    curtailment_scaling(args.i, args.j, args.k)
  File "curtailment_scaling.py", line 47, in curtailment_scaling
    trigger_flow = trigger_flows[sample[k, 0]]
IndexError: only integers, slices (`:`), ellipsis (`...`), numpy.newaxis (`None`) and integer or boolean arrays are valid indices
srun: error: comet-02-52: task 0: Exited with exit code 1
srun: Job step creation temporarily disabled, retrying
srun: Job step created
Traceback (most recent call last):
  File "curtailment_scaling.py", line 92, in <module>
    curtailment_scaling(args.i, args.j, args.k)
  File "curtailment_scaling.py", line 47, in curtailment_scaling
    trigger_flow = trigger_flows[sample[k, 0]]
IndexError: only integers, slices (`:`), ellipsis (`...`), numpy.newaxis (`None`) and integer or boolean arrays are valid indices
srun: error: comet-02-25: task 0: Exited with exit code 1
srun: Job step creation temporarily disabled, retrying
srun: Job step created
Traceback (most recent call last):
  File "curtailment_scaling.py", line 92, in <module>
    curtailment_scaling(args.i, args.j, args.k)
  File "curtailment_scaling.py", line 47, in curtailment_scaling
    trigger_flow = trigger_flows[sample[k, 0]]
IndexError: index 27 is out of bounds for axis 0 with size 27
srun: error: comet-02-52: task 0: Exited with exit code 1
srun: Job step creation temporarily disabled, retrying
srun: Job step created
Traceback (most recent call last):
  File "curtailment_scaling.py", line 92, in <module>
    curtailment_scaling(args.i, args.j, args.k)
  File "curtailment_scaling.py", line 47, in curtailment_scaling
    trigger_flow = trigger_flows[sample[k, 0]]
IndexError: only integers, slices (`:`), ellipsis (`...`), numpy.newaxis (`None`) and integer or boolean arrays are valid indices
srun: error: comet-02-25: task 0: Exited with exit code 1
srun: Job step creation temporarily disabled, retrying
srun: Job step created
Traceback (most recent call last):
  File "curtailment_scaling.py", line 92, in <module>
    curtailment_scaling(args.i, args.j, args.k)
  File "curtailment_scaling.py", line 47, in curtailment_scaling
    trigger_flow = trigger_flows[sample[k, 0]]
IndexError: only integers, slices (`:`), ellipsis (`...`), numpy.newaxis (`None`) and integer or boolean arrays are valid indices
srun: error: comet-02-52: task 0: Exited with exit code 1
srun: Job step creation temporarily disabled, retrying
srun: Job step created
Traceback (most recent call last):
  File "curtailment_scaling.py", line 92, in <module>
    curtailment_scaling(args.i, args.j, args.k)
  File "curtailment_scaling.py", line 47, in curtailment_scaling
    trigger_flow = trigger_flows[sample[k, 0]]
IndexError: only integers, slices (`:`), ellipsis (`...`), numpy.newaxis (`None`) and integer or boolean arrays are valid indices
srun: error: comet-02-25: task 0: Exited with exit code 1
srun: Job step creation temporarily disabled, retrying
srun: Job step created
Traceback (most recent call last):
  File "curtailment_scaling.py", line 92, in <module>
    curtailment_scaling(args.i, args.j, args.k)
  File "curtailment_scaling.py", line 47, in curtailment_scaling
    trigger_flow = trigger_flows[sample[k, 0]]
IndexError: only integers, slices (`:`), ellipsis (`...`), numpy.newaxis (`None`) and integer or boolean arrays are valid indices
srun: error: comet-02-52: task 0: Exited with exit code 1
srun: Job step creation temporarily disabled, retrying
srun: Job step created
Traceback (most recent call last):
  File "curtailment_scaling.py", line 92, in <module>
    curtailment_scaling(args.i, args.j, args.k)
  File "curtailment_scaling.py", line 47, in curtailment_scaling
    trigger_flow = trigger_flows[sample[k, 0]]
IndexError: only integers, slices (`:`), ellipsis (`...`), numpy.newaxis (`None`) and integer or boolean arrays are valid indices
srun: error: comet-02-25: task 0: Exited with exit code 1
srun: Job step creation temporarily disabled, retrying
srun: Job step created
Traceback (most recent call last):
  File "curtailment_scaling.py", line 92, in <module>
    curtailment_scaling(args.i, args.j, args.k)
  File "curtailment_scaling.py", line 47, in curtailment_scaling
    trigger_flow = trigger_flows[sample[k, 0]]
IndexError: only integers, slices (`:`), ellipsis (`...`), numpy.newaxis (`None`) and integer or boolean arrays are valid indices
srun: error: comet-02-52: task 0: Exited with exit code 1
srun: Job step creation temporarily disabled, retrying
srun: Job step created
Traceback (most recent call last):
  File "curtailment_scaling.py", line 92, in <module>
    curtailment_scaling(args.i, args.j, args.k)
  File "curtailment_scaling.py", line 47, in curtailment_scaling
    trigger_flow = trigger_flows[sample[k, 0]]
IndexError: only integers, slices (`:`), ellipsis (`...`), numpy.newaxis (`None`) and integer or boolean arrays are valid indices
srun: error: comet-02-25: task 0: Exited with exit code 1
Traceback (most recent call last):
  File "curtailment_scaling.py", line 92, in <module>
    curtailment_scaling(args.i, args.j, args.k)
  File "curtailment_scaling.py", line 47, in curtailment_scaling
    trigger_flow = trigger_flows[sample[k, 0]]
IndexError: only integers, slices (`:`), ellipsis (`...`), numpy.newaxis (`None`) and integer or boolean arrays are valid indices
srun: error: comet-02-52: task 0: Exited with exit code 1
srun: Job step creation temporarily disabled, retrying
srun: Job step created
Traceback (most recent call last):
  File "curtailment_scaling.py", line 92, in <module>
    curtailment_scaling(args.i, args.j, args.k)
  File "curtailment_scaling.py", line 47, in curtailment_scaling
    trigger_flow = trigger_flows[sample[k, 0]]
IndexError: only integers, slices (`:`), ellipsis (`...`), numpy.newaxis (`None`) and integer or boolean arrays are valid indices
srun: error: comet-02-25: task 0: Exited with exit code 1
Traceback (most recent call last):
  File "curtailment_scaling.py", line 92, in <module>
    curtailment_scaling(args.i, args.j, args.k)
  File "curtailment_scaling.py", line 47, in curtailment_scaling
    trigger_flow = trigger_flows[sample[k, 0]]
IndexError: only integers, slices (`:`), ellipsis (`...`), numpy.newaxis (`None`) and integer or boolean arrays are valid indices
srun: error: comet-02-52: task 0: Exited with exit code 1
srun: Job step creation temporarily disabled, retrying
srun: Job step created
Traceback (most recent call last):
  File "curtailment_scaling.py", line 92, in <module>
    curtailment_scaling(args.i, args.j, args.k)
  File "curtailment_scaling.py", line 47, in curtailment_scaling
    trigger_flow = trigger_flows[sample[k, 0]]
IndexError: only integers, slices (`:`), ellipsis (`...`), numpy.newaxis (`None`) and integer or boolean arrays are valid indices
srun: error: comet-02-25: task 0: Exited with exit code 1
srun: Job step creation temporarily disabled, retrying
srun: Job step created
Traceback (most recent call last):
  File "curtailment_scaling.py", line 92, in <module>
    curtailment_scaling(args.i, args.j, args.k)
  File "curtailment_scaling.py", line 47, in curtailment_scaling
    trigger_flow = trigger_flows[sample[k, 0]]
IndexError: only integers, slices (`:`), ellipsis (`...`), numpy.newaxis (`None`) and integer or boolean arrays are valid indices
srun: error: comet-02-52: task 0: Exited with exit code 1
srun: Job step creation temporarily disabled, retrying
srun: Job step created
Traceback (most recent call last):
  File "curtailment_scaling.py", line 92, in <module>
    curtailment_scaling(args.i, args.j, args.k)
  File "curtailment_scaling.py", line 47, in curtailment_scaling
    trigger_flow = trigger_flows[sample[k, 0]]
IndexError: only integers, slices (`:`), ellipsis (`...`), numpy.newaxis (`None`) and integer or boolean arrays are valid indices
srun: error: comet-02-25: task 0: Exited with exit code 1
srun: Job step creation temporarily disabled, retrying
srun: Job step created
Traceback (most recent call last):
  File "curtailment_scaling.py", line 92, in <module>
    curtailment_scaling(args.i, args.j, args.k)
  File "curtailment_scaling.py", line 47, in curtailment_scaling
    trigger_flow = trigger_flows[sample[k, 0]]
IndexError: only integers, slices (`:`), ellipsis (`...`), numpy.newaxis (`None`) and integer or boolean arrays are valid indices
srun: error: comet-02-52: task 0: Exited with exit code 1
srun: Job step creation temporarily disabled, retrying
srun: Job step created
Traceback (most recent call last):
  File "curtailment_scaling.py", line 92, in <module>
    curtailment_scaling(args.i, args.j, args.k)
  File "curtailment_scaling.py", line 47, in curtailment_scaling
    trigger_flow = trigger_flows[sample[k, 0]]
IndexError: only integers, slices (`:`), ellipsis (`...`), numpy.newaxis (`None`) and integer or boolean arrays are valid indices
srun: error: comet-02-25: task 0: Exited with exit code 1
srun: Job step creation temporarily disabled, retrying
srun: Job step created
Traceback (most recent call last):
  File "curtailment_scaling.py", line 92, in <module>
    curtailment_scaling(args.i, args.j, args.k)
  File "curtailment_scaling.py", line 47, in curtailment_scaling
    trigger_flow = trigger_flows[sample[k, 0]]
IndexError: only integers, slices (`:`), ellipsis (`...`), numpy.newaxis (`None`) and integer or boolean arrays are valid indices
srun: error: comet-02-52: task 0: Exited with exit code 1
srun: Job step creation temporarily disabled, retrying
srun: Job step created
Traceback (most recent call last):
  File "curtailment_scaling.py", line 92, in <module>
    curtailment_scaling(args.i, args.j, args.k)
  File "curtailment_scaling.py", line 47, in curtailment_scaling
    trigger_flow = trigger_flows[sample[k, 0]]
IndexError: only integers, slices (`:`), ellipsis (`...`), numpy.newaxis (`None`) and integer or boolean arrays are valid indices
srun: error: comet-02-25: task 0: Exited with exit code 1
srun: Job step creation temporarily disabled, retrying
srun: Job step created
Traceback (most recent call last):
  File "curtailment_scaling.py", line 92, in <module>
    curtailment_scaling(args.i, args.j, args.k)
  File "curtailment_scaling.py", line 47, in curtailment_scaling
    trigger_flow = trigger_flows[sample[k, 0]]
IndexError: only integers, slices (`:`), ellipsis (`...`), numpy.newaxis (`None`) and integer or boolean arrays are valid indices
srun: error: comet-02-52: task 0: Exited with exit code 1
srun: Job step creation temporarily disabled, retrying
srun: Job step created
Traceback (most recent call last):
  File "curtailment_scaling.py", line 92, in <module>
    curtailment_scaling(args.i, args.j, args.k)
  File "curtailment_scaling.py", line 47, in curtailment_scaling
    trigger_flow = trigger_flows[sample[k, 0]]
IndexError: only integers, slices (`:`), ellipsis (`...`), numpy.newaxis (`None`) and integer or boolean arrays are valid indices
srun: error: comet-02-25: task 0: Exited with exit code 1
srun: Job step creation temporarily disabled, retrying
srun: Job step created
Traceback (most recent call last):
  File "curtailment_scaling.py", line 92, in <module>
    curtailment_scaling(args.i, args.j, args.k)
  File "curtailment_scaling.py", line 47, in curtailment_scaling
    trigger_flow = trigger_flows[sample[k, 0]]
IndexError: only integers, slices (`:`), ellipsis (`...`), numpy.newaxis (`None`) and integer or boolean arrays are valid indices
srun: error: comet-02-52: task 0: Exited with exit code 1
srun: Job step creation temporarily disabled, retrying
srun: Job step created
Traceback (most recent call last):
  File "curtailment_scaling.py", line 92, in <module>
    curtailment_scaling(args.i, args.j, args.k)
  File "curtailment_scaling.py", line 47, in curtailment_scaling
    trigger_flow = trigger_flows[sample[k, 0]]
IndexError: index 27 is out of bounds for axis 0 with size 27
srun: error: comet-02-25: task 0: Exited with exit code 1
srun: Job step creation temporarily disabled, retrying
srun: Job step created
Traceback (most recent call last):
  File "curtailment_scaling.py", line 92, in <module>
    curtailment_scaling(args.i, args.j, args.k)
  File "curtailment_scaling.py", line 47, in curtailment_scaling
    trigger_flow = trigger_flows[sample[k, 0]]
IndexError: only integers, slices (`:`), ellipsis (`...`), numpy.newaxis (`None`) and integer or boolean arrays are valid indices
srun: error: comet-02-52: task 0: Exited with exit code 1
Traceback (most recent call last):
  File "curtailment_scaling.py", line 92, in <module>
    curtailment_scaling(args.i, args.j, args.k)
  File "curtailment_scaling.py", line 47, in curtailment_scaling
    trigger_flow = trigger_flows[sample[k, 0]]
IndexError: only integers, slices (`:`), ellipsis (`...`), numpy.newaxis (`None`) and integer or boolean arrays are valid indices
srun: error: comet-02-25: task 0: Exited with exit code 1
srun: Job step creation temporarily disabled, retrying
srun: Job step created
Traceback (most recent call last):
  File "curtailment_scaling.py", line 92, in <module>
    curtailment_scaling(args.i, args.j, args.k)
  File "curtailment_scaling.py", line 47, in curtailment_scaling
    trigger_flow = trigger_flows[sample[k, 0]]
IndexError: only integers, slices (`:`), ellipsis (`...`), numpy.newaxis (`None`) and integer or boolean arrays are valid indices
srun: error: comet-02-52: task 0: Exited with exit code 1
Traceback (most recent call last):
  File "curtailment_scaling.py", line 92, in <module>
    curtailment_scaling(args.i, args.j, args.k)
  File "curtailment_scaling.py", line 47, in curtailment_scaling
    trigger_flow = trigger_flows[sample[k, 0]]
IndexError: only integers, slices (`:`), ellipsis (`...`), numpy.newaxis (`None`) and integer or boolean arrays are valid indices
srun: error: comet-02-25: task 0: Exited with exit code 1
srun: Job step creation temporarily disabled, retrying
srun: Job step created
Traceback (most recent call last):
  File "curtailment_scaling.py", line 92, in <module>
    curtailment_scaling(args.i, args.j, args.k)
  File "curtailment_scaling.py", line 47, in curtailment_scaling
    trigger_flow = trigger_flows[sample[k, 0]]
IndexError: only integers, slices (`:`), ellipsis (`...`), numpy.newaxis (`None`) and integer or boolean arrays are valid indices
srun: error: comet-02-52: task 0: Exited with exit code 1
Traceback (most recent call last):
  File "curtailment_scaling.py", line 92, in <module>
    curtailment_scaling(args.i, args.j, args.k)
  File "curtailment_scaling.py", line 47, in curtailment_scaling
    trigger_flow = trigger_flows[sample[k, 0]]
IndexError: only integers, slices (`:`), ellipsis (`...`), numpy.newaxis (`None`) and integer or boolean arrays are valid indices
srun: error: comet-02-25: task 0: Exited with exit code 1
srun: Job step creation temporarily disabled, retrying
srun: Job step created
Traceback (most recent call last):
  File "curtailment_scaling.py", line 92, in <module>
    curtailment_scaling(args.i, args.j, args.k)
  File "curtailment_scaling.py", line 47, in curtailment_scaling
    trigger_flow = trigger_flows[sample[k, 0]]
IndexError: only integers, slices (`:`), ellipsis (`...`), numpy.newaxis (`None`) and integer or boolean arrays are valid indices
srun: error: comet-02-52: task 0: Exited with exit code 1
srun: Job step creation temporarily disabled, retrying
srun: Job step created
Traceback (most recent call last):
  File "curtailment_scaling.py", line 92, in <module>
    curtailment_scaling(args.i, args.j, args.k)
  File "curtailment_scaling.py", line 47, in curtailment_scaling
    trigger_flow = trigger_flows[sample[k, 0]]
IndexError: only integers, slices (`:`), ellipsis (`...`), numpy.newaxis (`None`) and integer or boolean arrays are valid indices
srun: error: comet-02-25: task 0: Exited with exit code 1
srun: Job step creation temporarily disabled, retrying
srun: Job step created
Traceback (most recent call last):
  File "curtailment_scaling.py", line 92, in <module>
    curtailment_scaling(args.i, args.j, args.k)
  File "curtailment_scaling.py", line 47, in curtailment_scaling
    trigger_flow = trigger_flows[sample[k, 0]]
IndexError: only integers, slices (`:`), ellipsis (`...`), numpy.newaxis (`None`) and integer or boolean arrays are valid indices
srun: error: comet-02-25: task 0: Exited with exit code 1
srun: Job step creation temporarily disabled, retrying
srun: Job step created
Traceback (most recent call last):
  File "curtailment_scaling.py", line 92, in <module>
    curtailment_scaling(args.i, args.j, args.k)
  File "curtailment_scaling.py", line 47, in curtailment_scaling
    trigger_flow = trigger_flows[sample[k, 0]]
IndexError: only integers, slices (`:`), ellipsis (`...`), numpy.newaxis (`None`) and integer or boolean arrays are valid indices
srun: error: comet-02-52: task 0: Exited with exit code 1
srun: Job step creation temporarily disabled, retrying
srun: Job step created
Traceback (most recent call last):
  File "curtailment_scaling.py", line 92, in <module>
    curtailment_scaling(args.i, args.j, args.k)
  File "curtailment_scaling.py", line 47, in curtailment_scaling
    trigger_flow = trigger_flows[sample[k, 0]]
IndexError: only integers, slices (`:`), ellipsis (`...`), numpy.newaxis (`None`) and integer or boolean arrays are valid indices
srun: error: comet-02-25: task 0: Exited with exit code 1
srun: Job step creation temporarily disabled, retrying
srun: Job step created
Traceback (most recent call last):
  File "curtailment_scaling.py", line 92, in <module>
    curtailment_scaling(args.i, args.j, args.k)
  File "curtailment_scaling.py", line 47, in curtailment_scaling
    trigger_flow = trigger_flows[sample[k, 0]]
IndexError: only integers, slices (`:`), ellipsis (`...`), numpy.newaxis (`None`) and integer or boolean arrays are valid indices
srun: error: comet-02-52: task 0: Exited with exit code 1
Traceback (most recent call last):
  File "curtailment_scaling.py", line 92, in <module>
    curtailment_scaling(args.i, args.j, args.k)
  File "curtailment_scaling.py", line 47, in curtailment_scaling
    trigger_flow = trigger_flows[sample[k, 0]]
IndexError: only integers, slices (`:`), ellipsis (`...`), numpy.newaxis (`None`) and integer or boolean arrays are valid indices
srun: error: comet-02-25: task 0: Exited with exit code 1
srun: Job step creation temporarily disabled, retrying
srun: Job step created
Traceback (most recent call last):
  File "curtailment_scaling.py", line 92, in <module>
    curtailment_scaling(args.i, args.j, args.k)
  File "curtailment_scaling.py", line 47, in curtailment_scaling
    trigger_flow = trigger_flows[sample[k, 0]]
IndexError: only integers, slices (`:`), ellipsis (`...`), numpy.newaxis (`None`) and integer or boolean arrays are valid indices
srun: error: comet-02-52: task 0: Exited with exit code 1
srun: Job step creation temporarily disabled, retrying
srun: Job step created
Traceback (most recent call last):
  File "curtailment_scaling.py", line 92, in <module>
    curtailment_scaling(args.i, args.j, args.k)
  File "curtailment_scaling.py", line 47, in curtailment_scaling
    trigger_flow = trigger_flows[sample[k, 0]]
IndexError: only integers, slices (`:`), ellipsis (`...`), numpy.newaxis (`None`) and integer or boolean arrays are valid indices
srun: error: comet-02-25: task 0: Exited with exit code 1
srun: Job step creation temporarily disabled, retrying
srun: Job step created
Traceback (most recent call last):
  File "curtailment_scaling.py", line 92, in <module>
    curtailment_scaling(args.i, args.j, args.k)
  File "curtailment_scaling.py", line 47, in curtailment_scaling
    trigger_flow = trigger_flows[sample[k, 0]]
IndexError: only integers, slices (`:`), ellipsis (`...`), numpy.newaxis (`None`) and integer or boolean arrays are valid indices
srun: error: comet-02-52: task 0: Exited with exit code 1
srun: Job step creation temporarily disabled, retrying
srun: Job step created
Traceback (most recent call last):
  File "curtailment_scaling.py", line 92, in <module>
    curtailment_scaling(args.i, args.j, args.k)
  File "curtailment_scaling.py", line 47, in curtailment_scaling
    trigger_flow = trigger_flows[sample[k, 0]]
IndexError: only integers, slices (`:`), ellipsis (`...`), numpy.newaxis (`None`) and integer or boolean arrays are valid indices
srun: error: comet-02-25: task 0: Exited with exit code 1
srun: Job step creation temporarily disabled, retrying
srun: Job step created
Traceback (most recent call last):
  File "curtailment_scaling.py", line 92, in <module>
    curtailment_scaling(args.i, args.j, args.k)
  File "curtailment_scaling.py", line 47, in curtailment_scaling
    trigger_flow = trigger_flows[sample[k, 0]]
IndexError: only integers, slices (`:`), ellipsis (`...`), numpy.newaxis (`None`) and integer or boolean arrays are valid indices
srun: error: comet-02-25: task 0: Exited with exit code 1
srun: Job step creation temporarily disabled, retrying
srun: Job step created
Traceback (most recent call last):
  File "curtailment_scaling.py", line 92, in <module>
    curtailment_scaling(args.i, args.j, args.k)
  File "curtailment_scaling.py", line 47, in curtailment_scaling
    trigger_flow = trigger_flows[sample[k, 0]]
IndexError: only integers, slices (`:`), ellipsis (`...`), numpy.newaxis (`None`) and integer or boolean arrays are valid indices
srun: error: comet-02-52: task 0: Exited with exit code 1
srun: Job step creation temporarily disabled, retrying
srun: Job step created
Traceback (most recent call last):
  File "curtailment_scaling.py", line 92, in <module>
    curtailment_scaling(args.i, args.j, args.k)
  File "curtailment_scaling.py", line 47, in curtailment_scaling
    trigger_flow = trigger_flows[sample[k, 0]]
IndexError: only integers, slices (`:`), ellipsis (`...`), numpy.newaxis (`None`) and integer or boolean arrays are valid indices
srun: error: comet-02-52: task 0: Exited with exit code 1
srun: Job step creation temporarily disabled, retrying
srun: Job step created
Traceback (most recent call last):
  File "curtailment_scaling.py", line 92, in <module>
    curtailment_scaling(args.i, args.j, args.k)
  File "curtailment_scaling.py", line 47, in curtailment_scaling
    trigger_flow = trigger_flows[sample[k, 0]]
IndexError: only integers, slices (`:`), ellipsis (`...`), numpy.newaxis (`None`) and integer or boolean arrays are valid indices
srun: error: comet-02-25: task 0: Exited with exit code 1
srun: Job step creation temporarily disabled, retrying
srun: Job step created
Traceback (most recent call last):
  File "curtailment_scaling.py", line 92, in <module>
    curtailment_scaling(args.i, args.j, args.k)
  File "curtailment_scaling.py", line 47, in curtailment_scaling
    trigger_flow = trigger_flows[sample[k, 0]]
IndexError: only integers, slices (`:`), ellipsis (`...`), numpy.newaxis (`None`) and integer or boolean arrays are valid indices
srun: error: comet-02-25: task 0: Exited with exit code 1
srun: Job step creation temporarily disabled, retrying
srun: Job step created
Traceback (most recent call last):
  File "curtailment_scaling.py", line 92, in <module>
    curtailment_scaling(args.i, args.j, args.k)
  File "curtailment_scaling.py", line 47, in curtailment_scaling
    trigger_flow = trigger_flows[sample[k, 0]]
IndexError: only integers, slices (`:`), ellipsis (`...`), numpy.newaxis (`None`) and integer or boolean arrays are valid indices
srun: error: comet-02-52: task 0: Exited with exit code 1
srun: Job step creation temporarily disabled, retrying
srun: Job step created
Traceback (most recent call last):
  File "curtailment_scaling.py", line 92, in <module>
    curtailment_scaling(args.i, args.j, args.k)
  File "curtailment_scaling.py", line 47, in curtailment_scaling
    trigger_flow = trigger_flows[sample[k, 0]]
IndexError: only integers, slices (`:`), ellipsis (`...`), numpy.newaxis (`None`) and integer or boolean arrays are valid indices
srun: error: comet-02-25: task 0: Exited with exit code 1
srun: Job step creation temporarily disabled, retrying
srun: Job step created
Traceback (most recent call last):
  File "curtailment_scaling.py", line 92, in <module>
    curtailment_scaling(args.i, args.j, args.k)
  File "curtailment_scaling.py", line 47, in curtailment_scaling
    trigger_flow = trigger_flows[sample[k, 0]]
IndexError: only integers, slices (`:`), ellipsis (`...`), numpy.newaxis (`None`) and integer or boolean arrays are valid indices
srun: error: comet-02-52: task 0: Exited with exit code 1
srun: Job step creation temporarily disabled, retrying
srun: Job step created
Traceback (most recent call last):
  File "curtailment_scaling.py", line 92, in <module>
    curtailment_scaling(args.i, args.j, args.k)
  File "curtailment_scaling.py", line 47, in curtailment_scaling
    trigger_flow = trigger_flows[sample[k, 0]]
IndexError: only integers, slices (`:`), ellipsis (`...`), numpy.newaxis (`None`) and integer or boolean arrays are valid indices
srun: error: comet-02-25: task 0: Exited with exit code 1
srun: Job step creation temporarily disabled, retrying
srun: Job step created
Traceback (most recent call last):
  File "curtailment_scaling.py", line 92, in <module>
    curtailment_scaling(args.i, args.j, args.k)
  File "curtailment_scaling.py", line 47, in curtailment_scaling
    trigger_flow = trigger_flows[sample[k, 0]]
IndexError: only integers, slices (`:`), ellipsis (`...`), numpy.newaxis (`None`) and integer or boolean arrays are valid indices
srun: error: comet-02-52: task 0: Exited with exit code 1
srun: Job step creation temporarily disabled, retrying
srun: Job step created
Traceback (most recent call last):
  File "curtailment_scaling.py", line 92, in <module>
    curtailment_scaling(args.i, args.j, args.k)
  File "curtailment_scaling.py", line 47, in curtailment_scaling
    trigger_flow = trigger_flows[sample[k, 0]]
IndexError: only integers, slices (`:`), ellipsis (`...`), numpy.newaxis (`None`) and integer or boolean arrays are valid indices
srun: error: comet-02-25: task 0: Exited with exit code 1
srun: Job step creation temporarily disabled, retrying
srun: Job step created
Traceback (most recent call last):
  File "curtailment_scaling.py", line 92, in <module>
    curtailment_scaling(args.i, args.j, args.k)
  File "curtailment_scaling.py", line 47, in curtailment_scaling
    trigger_flow = trigger_flows[sample[k, 0]]
IndexError: only integers, slices (`:`), ellipsis (`...`), numpy.newaxis (`None`) and integer or boolean arrays are valid indices
srun: error: comet-02-52: task 0: Exited with exit code 1
srun: Job step creation temporarily disabled, retrying
srun: Job step created
Traceback (most recent call last):
  File "curtailment_scaling.py", line 92, in <module>
    curtailment_scaling(args.i, args.j, args.k)
  File "curtailment_scaling.py", line 47, in curtailment_scaling
    trigger_flow = trigger_flows[sample[k, 0]]
IndexError: only integers, slices (`:`), ellipsis (`...`), numpy.newaxis (`None`) and integer or boolean arrays are valid indices
srun: error: comet-02-25: task 0: Exited with exit code 1
srun: Job step creation temporarily disabled, retrying
srun: Job step created
Traceback (most recent call last):
  File "curtailment_scaling.py", line 92, in <module>
    curtailment_scaling(args.i, args.j, args.k)
  File "curtailment_scaling.py", line 47, in curtailment_scaling
    trigger_flow = trigger_flows[sample[k, 0]]
IndexError: only integers, slices (`:`), ellipsis (`...`), numpy.newaxis (`None`) and integer or boolean arrays are valid indices
srun: error: comet-02-52: task 0: Exited with exit code 1
srun: Job step creation temporarily disabled, retrying
srun: Job step created
Traceback (most recent call last):
  File "curtailment_scaling.py", line 92, in <module>
    curtailment_scaling(args.i, args.j, args.k)
  File "curtailment_scaling.py", line 47, in curtailment_scaling
    trigger_flow = trigger_flows[sample[k, 0]]
IndexError: only integers, slices (`:`), ellipsis (`...`), numpy.newaxis (`None`) and integer or boolean arrays are valid indices
srun: error: comet-02-25: task 0: Exited with exit code 1
srun: Job step creation temporarily disabled, retrying
srun: Job step created
Traceback (most recent call last):
  File "curtailment_scaling.py", line 92, in <module>
    curtailment_scaling(args.i, args.j, args.k)
  File "curtailment_scaling.py", line 47, in curtailment_scaling
    trigger_flow = trigger_flows[sample[k, 0]]
IndexError: only integers, slices (`:`), ellipsis (`...`), numpy.newaxis (`None`) and integer or boolean arrays are valid indices
srun: error: comet-02-52: task 0: Exited with exit code 1
srun: Job step creation temporarily disabled, retrying
srun: Job step created
Traceback (most recent call last):
  File "curtailment_scaling.py", line 92, in <module>
    curtailment_scaling(args.i, args.j, args.k)
  File "curtailment_scaling.py", line 47, in curtailment_scaling
    trigger_flow = trigger_flows[sample[k, 0]]
IndexError: only integers, slices (`:`), ellipsis (`...`), numpy.newaxis (`None`) and integer or boolean arrays are valid indices
srun: error: comet-02-25: task 0: Exited with exit code 1
srun: Job step creation temporarily disabled, retrying
srun: Job step created
Traceback (most recent call last):
  File "curtailment_scaling.py", line 92, in <module>
    curtailment_scaling(args.i, args.j, args.k)
  File "curtailment_scaling.py", line 47, in curtailment_scaling
    trigger_flow = trigger_flows[sample[k, 0]]
IndexError: only integers, slices (`:`), ellipsis (`...`), numpy.newaxis (`None`) and integer or boolean arrays are valid indices
srun: error: comet-02-52: task 0: Exited with exit code 1
srun: Job step creation temporarily disabled, retrying
srun: Job step created
Traceback (most recent call last):
  File "curtailment_scaling.py", line 92, in <module>
    curtailment_scaling(args.i, args.j, args.k)
  File "curtailment_scaling.py", line 47, in curtailment_scaling
    trigger_flow = trigger_flows[sample[k, 0]]
IndexError: only integers, slices (`:`), ellipsis (`...`), numpy.newaxis (`None`) and integer or boolean arrays are valid indices
srun: error: comet-02-25: task 0: Exited with exit code 1
srun: Job step creation temporarily disabled, retrying
srun: Job step created
Traceback (most recent call last):
  File "curtailment_scaling.py", line 92, in <module>
    curtailment_scaling(args.i, args.j, args.k)
  File "curtailment_scaling.py", line 47, in curtailment_scaling
    trigger_flow = trigger_flows[sample[k, 0]]
IndexError: only integers, slices (`:`), ellipsis (`...`), numpy.newaxis (`None`) and integer or boolean arrays are valid indices
srun: error: comet-02-52: task 0: Exited with exit code 1
srun: Job step creation temporarily disabled, retrying
srun: Job step created
Traceback (most recent call last):
  File "curtailment_scaling.py", line 92, in <module>
    curtailment_scaling(args.i, args.j, args.k)
  File "curtailment_scaling.py", line 47, in curtailment_scaling
    trigger_flow = trigger_flows[sample[k, 0]]
IndexError: only integers, slices (`:`), ellipsis (`...`), numpy.newaxis (`None`) and integer or boolean arrays are valid indices
srun: error: comet-02-25: task 0: Exited with exit code 1
srun: Job step creation temporarily disabled, retrying
srun: Job step created
Traceback (most recent call last):
  File "curtailment_scaling.py", line 92, in <module>
    curtailment_scaling(args.i, args.j, args.k)
  File "curtailment_scaling.py", line 47, in curtailment_scaling
    trigger_flow = trigger_flows[sample[k, 0]]
IndexError: index 27 is out of bounds for axis 0 with size 27
srun: error: comet-02-52: task 0: Exited with exit code 1
srun: Job step creation temporarily disabled, retrying
srun: Job step created
Traceback (most recent call last):
  File "curtailment_scaling.py", line 92, in <module>
    curtailment_scaling(args.i, args.j, args.k)
  File "curtailment_scaling.py", line 47, in curtailment_scaling
    trigger_flow = trigger_flows[sample[k, 0]]
IndexError: only integers, slices (`:`), ellipsis (`...`), numpy.newaxis (`None`) and integer or boolean arrays are valid indices
srun: error: comet-02-25: task 0: Exited with exit code 1
srun: Job step creation temporarily disabled, retrying
srun: Job step created
Traceback (most recent call last):
  File "curtailment_scaling.py", line 92, in <module>
    curtailment_scaling(args.i, args.j, args.k)
  File "curtailment_scaling.py", line 47, in curtailment_scaling
    trigger_flow = trigger_flows[sample[k, 0]]
IndexError: only integers, slices (`:`), ellipsis (`...`), numpy.newaxis (`None`) and integer or boolean arrays are valid indices
srun: error: comet-02-52: task 0: Exited with exit code 1
srun: Job step creation temporarily disabled, retrying
srun: Job step created
Traceback (most recent call last):
  File "curtailment_scaling.py", line 92, in <module>
    curtailment_scaling(args.i, args.j, args.k)
  File "curtailment_scaling.py", line 47, in curtailment_scaling
    trigger_flow = trigger_flows[sample[k, 0]]
IndexError: only integers, slices (`:`), ellipsis (`...`), numpy.newaxis (`None`) and integer or boolean arrays are valid indices
srun: error: comet-02-25: task 0: Exited with exit code 1
srun: Job step creation temporarily disabled, retrying
srun: Job step created
Traceback (most recent call last):
  File "curtailment_scaling.py", line 92, in <module>
    curtailment_scaling(args.i, args.j, args.k)
  File "curtailment_scaling.py", line 47, in curtailment_scaling
    trigger_flow = trigger_flows[sample[k, 0]]
IndexError: index 27 is out of bounds for axis 0 with size 27
srun: error: comet-02-52: task 0: Exited with exit code 1
srun: Job step creation temporarily disabled, retrying
srun: Job step created
Traceback (most recent call last):
  File "curtailment_scaling.py", line 92, in <module>
    curtailment_scaling(args.i, args.j, args.k)
  File "curtailment_scaling.py", line 47, in curtailment_scaling
    trigger_flow = trigger_flows[sample[k, 0]]
IndexError: only integers, slices (`:`), ellipsis (`...`), numpy.newaxis (`None`) and integer or boolean arrays are valid indices
srun: error: comet-02-25: task 0: Exited with exit code 1
srun: Job step creation temporarily disabled, retrying
srun: Job step created
Traceback (most recent call last):
  File "curtailment_scaling.py", line 92, in <module>
    curtailment_scaling(args.i, args.j, args.k)
  File "curtailment_scaling.py", line 47, in curtailment_scaling
    trigger_flow = trigger_flows[sample[k, 0]]
IndexError: only integers, slices (`:`), ellipsis (`...`), numpy.newaxis (`None`) and integer or boolean arrays are valid indices
srun: error: comet-02-52: task 0: Exited with exit code 1
srun: Job step creation temporarily disabled, retrying
srun: Job step created
Traceback (most recent call last):
  File "curtailment_scaling.py", line 92, in <module>
    curtailment_scaling(args.i, args.j, args.k)
  File "curtailment_scaling.py", line 47, in curtailment_scaling
    trigger_flow = trigger_flows[sample[k, 0]]
IndexError: only integers, slices (`:`), ellipsis (`...`), numpy.newaxis (`None`) and integer or boolean arrays are valid indices
srun: error: comet-02-25: task 0: Exited with exit code 1
srun: Job step creation temporarily disabled, retrying
srun: Job step created
Traceback (most recent call last):
  File "curtailment_scaling.py", line 92, in <module>
    curtailment_scaling(args.i, args.j, args.k)
  File "curtailment_scaling.py", line 47, in curtailment_scaling
    trigger_flow = trigger_flows[sample[k, 0]]
IndexError: only integers, slices (`:`), ellipsis (`...`), numpy.newaxis (`None`) and integer or boolean arrays are valid indices
srun: error: comet-02-52: task 0: Exited with exit code 1
srun: Job step creation temporarily disabled, retrying
srun: Job step created
Traceback (most recent call last):
  File "curtailment_scaling.py", line 92, in <module>
    curtailment_scaling(args.i, args.j, args.k)
  File "curtailment_scaling.py", line 47, in curtailment_scaling
    trigger_flow = trigger_flows[sample[k, 0]]
IndexError: only integers, slices (`:`), ellipsis (`...`), numpy.newaxis (`None`) and integer or boolean arrays are valid indices
srun: error: comet-02-25: task 0: Exited with exit code 1
srun: Job step creation temporarily disabled, retrying
srun: Job step created
Traceback (most recent call last):
  File "curtailment_scaling.py", line 92, in <module>
    curtailment_scaling(args.i, args.j, args.k)
  File "curtailment_scaling.py", line 47, in curtailment_scaling
    trigger_flow = trigger_flows[sample[k, 0]]
IndexError: only integers, slices (`:`), ellipsis (`...`), numpy.newaxis (`None`) and integer or boolean arrays are valid indices
srun: error: comet-02-52: task 0: Exited with exit code 1
srun: Job step creation temporarily disabled, retrying
srun: Job step created
Traceback (most recent call last):
  File "curtailment_scaling.py", line 92, in <module>
    curtailment_scaling(args.i, args.j, args.k)
  File "curtailment_scaling.py", line 47, in curtailment_scaling
    trigger_flow = trigger_flows[sample[k, 0]]
IndexError: only integers, slices (`:`), ellipsis (`...`), numpy.newaxis (`None`) and integer or boolean arrays are valid indices
srun: error: comet-02-25: task 0: Exited with exit code 1
srun: Job step creation temporarily disabled, retrying
srun: Job step created
Traceback (most recent call last):
  File "curtailment_scaling.py", line 92, in <module>
    curtailment_scaling(args.i, args.j, args.k)
  File "curtailment_scaling.py", line 47, in curtailment_scaling
    trigger_flow = trigger_flows[sample[k, 0]]
IndexError: only integers, slices (`:`), ellipsis (`...`), numpy.newaxis (`None`) and integer or boolean arrays are valid indices
srun: error: comet-02-52: task 0: Exited with exit code 1
srun: Job step creation temporarily disabled, retrying
srun: Job step created
Traceback (most recent call last):
  File "curtailment_scaling.py", line 92, in <module>
    curtailment_scaling(args.i, args.j, args.k)
  File "curtailment_scaling.py", line 47, in curtailment_scaling
    trigger_flow = trigger_flows[sample[k, 0]]
IndexError: only integers, slices (`:`), ellipsis (`...`), numpy.newaxis (`None`) and integer or boolean arrays are valid indices
srun: error: comet-02-25: task 0: Exited with exit code 1
srun: Job step creation temporarily disabled, retrying
srun: Job step created
Traceback (most recent call last):
  File "curtailment_scaling.py", line 92, in <module>
    curtailment_scaling(args.i, args.j, args.k)
  File "curtailment_scaling.py", line 47, in curtailment_scaling
    trigger_flow = trigger_flows[sample[k, 0]]
IndexError: only integers, slices (`:`), ellipsis (`...`), numpy.newaxis (`None`) and integer or boolean arrays are valid indices
srun: error: comet-02-25: task 0: Exited with exit code 1
srun: Job step creation temporarily disabled, retrying
srun: Job step created
Traceback (most recent call last):
  File "curtailment_scaling.py", line 92, in <module>
    curtailment_scaling(args.i, args.j, args.k)
  File "curtailment_scaling.py", line 47, in curtailment_scaling
    trigger_flow = trigger_flows[sample[k, 0]]
IndexError: only integers, slices (`:`), ellipsis (`...`), numpy.newaxis (`None`) and integer or boolean arrays are valid indices
srun: error: comet-02-52: task 0: Exited with exit code 1
srun: Job step creation temporarily disabled, retrying
srun: Job step created
Traceback (most recent call last):
  File "curtailment_scaling.py", line 92, in <module>
    curtailment_scaling(args.i, args.j, args.k)
  File "curtailment_scaling.py", line 47, in curtailment_scaling
    trigger_flow = trigger_flows[sample[k, 0]]
IndexError: only integers, slices (`:`), ellipsis (`...`), numpy.newaxis (`None`) and integer or boolean arrays are valid indices
srun: error: comet-02-25: task 0: Exited with exit code 1
srun: Job step creation temporarily disabled, retrying
srun: Job step created
Traceback (most recent call last):
  File "curtailment_scaling.py", line 92, in <module>
    curtailment_scaling(args.i, args.j, args.k)
  File "curtailment_scaling.py", line 47, in curtailment_scaling
    trigger_flow = trigger_flows[sample[k, 0]]
IndexError: only integers, slices (`:`), ellipsis (`...`), numpy.newaxis (`None`) and integer or boolean arrays are valid indices
srun: error: comet-02-52: task 0: Exited with exit code 1
srun: Job step creation temporarily disabled, retrying
srun: Job step created
Traceback (most recent call last):
  File "curtailment_scaling.py", line 92, in <module>
    curtailment_scaling(args.i, args.j, args.k)
  File "curtailment_scaling.py", line 47, in curtailment_scaling
    trigger_flow = trigger_flows[sample[k, 0]]
IndexError: only integers, slices (`:`), ellipsis (`...`), numpy.newaxis (`None`) and integer or boolean arrays are valid indices
srun: error: comet-02-25: task 0: Exited with exit code 1
srun: Job step creation temporarily disabled, retrying
srun: Job step created
Traceback (most recent call last):
  File "curtailment_scaling.py", line 92, in <module>
    curtailment_scaling(args.i, args.j, args.k)
  File "curtailment_scaling.py", line 47, in curtailment_scaling
    trigger_flow = trigger_flows[sample[k, 0]]
IndexError: only integers, slices (`:`), ellipsis (`...`), numpy.newaxis (`None`) and integer or boolean arrays are valid indices
srun: error: comet-02-25: task 0: Exited with exit code 1
srun: Job step creation temporarily disabled, retrying
srun: Job step created
Traceback (most recent call last):
  File "curtailment_scaling.py", line 92, in <module>
    curtailment_scaling(args.i, args.j, args.k)
  File "curtailment_scaling.py", line 47, in curtailment_scaling
    trigger_flow = trigger_flows[sample[k, 0]]
IndexError: only integers, slices (`:`), ellipsis (`...`), numpy.newaxis (`None`) and integer or boolean arrays are valid indices
srun: error: comet-02-52: task 0: Exited with exit code 1
srun: Job step creation temporarily disabled, retrying
srun: Job step created
Traceback (most recent call last):
  File "curtailment_scaling.py", line 92, in <module>
    curtailment_scaling(args.i, args.j, args.k)
  File "curtailment_scaling.py", line 47, in curtailment_scaling
    trigger_flow = trigger_flows[sample[k, 0]]
IndexError: only integers, slices (`:`), ellipsis (`...`), numpy.newaxis (`None`) and integer or boolean arrays are valid indices
srun: error: comet-02-25: task 0: Exited with exit code 1
srun: Job step creation temporarily disabled, retrying
srun: Job step created
Traceback (most recent call last):
  File "curtailment_scaling.py", line 92, in <module>
    curtailment_scaling(args.i, args.j, args.k)
  File "curtailment_scaling.py", line 47, in curtailment_scaling
    trigger_flow = trigger_flows[sample[k, 0]]
IndexError: only integers, slices (`:`), ellipsis (`...`), numpy.newaxis (`None`) and integer or boolean arrays are valid indices
srun: error: comet-02-25: task 0: Exited with exit code 1
srun: Job step creation temporarily disabled, retrying
srun: Job step created
Traceback (most recent call last):
  File "curtailment_scaling.py", line 92, in <module>
    curtailment_scaling(args.i, args.j, args.k)
  File "curtailment_scaling.py", line 47, in curtailment_scaling
    trigger_flow = trigger_flows[sample[k, 0]]
IndexError: only integers, slices (`:`), ellipsis (`...`), numpy.newaxis (`None`) and integer or boolean arrays are valid indices
srun: error: comet-02-52: task 0: Exited with exit code 1
